;  LST file generated by mikroListExporter - v.2.0 
; Date/Time: 19/08/2016 21:12:57
;----------------------------------------------

;Address Opcode 	ASM
0x0000	0xF002EF16  	GOTO        1068
0x0004	0x0000      	NOP
0x0006	0x0000      	NOP
0x0008	0xF000EF00  	GOTO        0
0x000C	0x0000      	NOP
0x000E	0x0000      	NOP
0x0010	0x0000      	NOP
0x0012	0x0000      	NOP
0x0014	0x0000      	NOP
0x0016	0x0000      	NOP
0x0018	0xD7F3      	BRA         0
_FIXSIGN32:
;__Lib_MathDouble.c,117 :: 		
;__Lib_MathDouble.c,121 :: 		
0x001C	0xAE0A      	BTFSS       R10, 7, 0
;__Lib_MathDouble.c,122 :: 		
0x001E	0x9E02      	BCF         R2, 7, 0
;__Lib_MathDouble.c,123 :: 		
0x0020	0x0E00      	MOVLW       0
;__Lib_MathDouble.c,125 :: 		
0x0022	0x0012      	RETURN      0
; end of _FIXSIGN32
_SETFUN32:
;__Lib_MathDouble.c,144 :: 		
;__Lib_MathDouble.c,152 :: 		
0x0024	0x840B      	BSF         R11, 2, 0
;__Lib_MathDouble.c,153 :: 		
0x0026	0xAE0B      	BTFSS       R11, 7, 0
;__Lib_MathDouble.c,154 :: 		
0x0028	0xF000EF1D  	GOTO        SETFUN32EEE
;__Lib_MathDouble.c,156 :: 		
0x002C	0x0E01      	MOVLW       1
;__Lib_MathDouble.c,157 :: 		
0x002E	0x6E03      	MOVWF       R3, 0
;__Lib_MathDouble.c,158 :: 		
0x0030	0x6A02      	CLRF        R2, 0
;__Lib_MathDouble.c,159 :: 		
0x0032	0x6A01      	CLRF        R1, 0
;__Lib_MathDouble.c,160 :: 		
0x0034	0x6A00      	CLRF        R0, 0
;__Lib_MathDouble.c,161 :: 		
0x0036	0x360A      	RLCF        R10, 1, 0
;__Lib_MathDouble.c,162 :: 		
0x0038	0x3202      	RRCF        R2, 1, 0
;__Lib_MathDouble.c,163 :: 		
SETFUN32EEE:
;__Lib_MathDouble.c,164 :: 		
0x003A	0x0EFF      	MOVLW       255
;__Lib_MathDouble.c,166 :: 		
0x003C	0x0012      	RETURN      0
; end of _SETFUN32
_RES032:
;__Lib_MathDouble.c,128 :: 		
;__Lib_MathDouble.c,134 :: 		
0x003E	0x6A02      	CLRF        R2, 0
;__Lib_MathDouble.c,135 :: 		
0x0040	0x6A01      	CLRF        R1, 0
;__Lib_MathDouble.c,136 :: 		
0x0042	0x6A00      	CLRF        R0, 0
;__Lib_MathDouble.c,137 :: 		
0x0044	0x6A08      	CLRF        R8, 0
;__Lib_MathDouble.c,138 :: 		
0x0046	0x6A03      	CLRF        R3, 0
;__Lib_MathDouble.c,139 :: 		
0x0048	0x0E00      	MOVLW       0
;__Lib_MathDouble.c,141 :: 		
0x004A	0x0012      	RETURN      0
; end of _RES032
_SETIOV3224:
;__Lib_MathDouble.c,530 :: 		
;__Lib_MathDouble.c,537 :: 		
0x004C	0x800B      	BSF         R11, 0, 0
;__Lib_MathDouble.c,538 :: 		
0x004E	0xAE0B      	BTFSS       R11, 7, 0
;__Lib_MathDouble.c,539 :: 		
0x0050	0xF000EF32  	GOTO        SETIOV3224EEE
;__Lib_MathDouble.c,541 :: 		
0x0054	0x6A02      	CLRF        R2, 0
;__Lib_MathDouble.c,542 :: 		
0x0056	0xAE0A      	BTFSS       R10, 7, 0
;__Lib_MathDouble.c,543 :: 		
0x0058	0x0EFF      	MOVLW       255
;__Lib_MathDouble.c,544 :: 		
0x005A	0x6E02      	MOVWF       R2, 0
;__Lib_MathDouble.c,545 :: 		
0x005C	0x6E01      	MOVWF       R1, 0
;__Lib_MathDouble.c,546 :: 		
0x005E	0x6E00      	MOVWF       R0, 0
;__Lib_MathDouble.c,547 :: 		
0x0060	0x360A      	RLCF        R10, 1, 0
;__Lib_MathDouble.c,548 :: 		
0x0062	0x3202      	RRCF        R2, 1, 0
;__Lib_MathDouble.c,549 :: 		
SETIOV3224EEE:
;__Lib_MathDouble.c,550 :: 		
0x0064	0x0EFF      	MOVLW       255
;__Lib_MathDouble.c,552 :: 		
0x0066	0x0012      	RETURN      0
; end of _SETIOV3224
_NRM3232:
;__Lib_MathDouble.c,455 :: 		
;__Lib_MathDouble.c,463 :: 		
0x0068	0x6A0C      	CLRF        R12, 0
;__Lib_MathDouble.c,464 :: 		
0x006A	0x6A0E      	CLRF        R14, 0
;__Lib_MathDouble.c,465 :: 		
0x006C	0x5002      	MOVF        R2, 0, 0
;__Lib_MathDouble.c,466 :: 		
0x006E	0xA4D8      	BTFSS       STATUS, 2, 0
;__Lib_MathDouble.c,467 :: 		
0x0070	0xF000EF4D  	GOTO        NORM3232
;__Lib_MathDouble.c,468 :: 		
0x0074	0xF002C001  	MOVFF       R1, R2
;__Lib_MathDouble.c,469 :: 		
0x0078	0xF001C000  	MOVFF       R0, R1
;__Lib_MathDouble.c,470 :: 		
0x007C	0x6A00      	CLRF        R0, 0
;__Lib_MathDouble.c,471 :: 		
0x007E	0x860E      	BSF         R14, 3, 0
;__Lib_MathDouble.c,473 :: 		
0x0080	0x5002      	MOVF        R2, 0, 0
;__Lib_MathDouble.c,474 :: 		
0x0082	0xA4D8      	BTFSS       STATUS, 2, 0
;__Lib_MathDouble.c,475 :: 		
0x0084	0xF000EF4D  	GOTO        NORM3232
;__Lib_MathDouble.c,476 :: 		
0x0088	0xF002C001  	MOVFF       R1, R2
;__Lib_MathDouble.c,477 :: 		
0x008C	0x6A01      	CLRF        R1, 0
;__Lib_MathDouble.c,478 :: 		
0x008E	0x960E      	BCF         R14, 3, 0
;__Lib_MathDouble.c,479 :: 		
0x0090	0x880E      	BSF         R14, 4, 0
;__Lib_MathDouble.c,481 :: 		
0x0092	0x5002      	MOVF        R2, 0, 0
;__Lib_MathDouble.c,482 :: 		
0x0094	0xB4D8      	BTFSC       STATUS, 2, 0
;__Lib_MathDouble.c,483 :: 		
0x0096	0xF000EF5F  	GOTO        JPNRES032
;__Lib_MathDouble.c,484 :: 		
NORM3232:
;__Lib_MathDouble.c,485 :: 		
0x009A	0x500E      	MOVF        R14, 0, 0
;__Lib_MathDouble.c,486 :: 		
0x009C	0x5E03      	SUBWF       R3, 1, 0
;__Lib_MathDouble.c,487 :: 		
0x009E	0xA4D8      	BTFSS       STATUS, 2, 0
;__Lib_MathDouble.c,488 :: 		
0x00A0	0xA0D8      	BTFSS       STATUS, 0, 0
;__Lib_MathDouble.c,489 :: 		
0x00A2	0xF000EF64  	GOTO        JPNSETFUN32
;__Lib_MathDouble.c,490 :: 		
0x00A6	0x90D8      	BCF         STATUS, 0, 0
;__Lib_MathDouble.c,491 :: 		
NORM3232A:
;__Lib_MathDouble.c,492 :: 		
0x00A8	0xBE02      	BTFSC       R2, 7, 0
;__Lib_MathDouble.c,493 :: 		
0x00AA	0xF000EF69  	GOTO        JMPNFIXSIGN32
;__Lib_MathDouble.c,494 :: 		
0x00AE	0x3600      	RLCF        R0, 1, 0
;__Lib_MathDouble.c,495 :: 		
0x00B0	0x3601      	RLCF        R1, 1, 0
;__Lib_MathDouble.c,496 :: 		
0x00B2	0x3602      	RLCF        R2, 1, 0
;__Lib_MathDouble.c,497 :: 		
0x00B4	0x2E03      	DECFSZ      R3, 1, 0
;__Lib_MathDouble.c,498 :: 		
0x00B6	0xF000EF54  	GOTO        NORM3232A
;__Lib_MathDouble.c,499 :: 		
0x00BA	0xF000EF64  	GOTO        JPNSETFUN32
;__Lib_MathDouble.c,500 :: 		
JPNRES032:
;__Lib_MathDouble.c,501 :: 		
0x00BE	0x0E01      	MOVLW       1
;__Lib_MathDouble.c,502 :: 		
0x00C0	0x6E0C      	MOVWF       R12, 0
;__Lib_MathDouble.c,504 :: 		
0x00C2	0xDFBD      	RCALL       _RES032
;__Lib_MathDouble.c,506 :: 		
0x00C4	0xF000EF6C  	GOTO        NORM32EEE
;__Lib_MathDouble.c,507 :: 		
JPNSETFUN32:
;__Lib_MathDouble.c,508 :: 		
0x00C8	0x0E02      	MOVLW       2
;__Lib_MathDouble.c,509 :: 		
0x00CA	0x6E0C      	MOVWF       R12, 0
;__Lib_MathDouble.c,511 :: 		
0x00CC	0xDFAB      	RCALL       _SETFUN32
;__Lib_MathDouble.c,513 :: 		
0x00CE	0xF000EF6C  	GOTO        NORM32EEE
;__Lib_MathDouble.c,514 :: 		
JMPNFIXSIGN32:
;__Lib_MathDouble.c,515 :: 		
0x00D2	0x0E04      	MOVLW       4
;__Lib_MathDouble.c,516 :: 		
0x00D4	0x6E0C      	MOVWF       R12, 0
;__Lib_MathDouble.c,518 :: 		
0x00D6	0xDFA2      	RCALL       _FIXSIGN32
;__Lib_MathDouble.c,520 :: 		
NORM32EEE:
;__Lib_MathDouble.c,527 :: 		
0x00D8	0x0012      	RETURN      0
; end of _NRM3232
_Delay_22us:
;__Lib_Delays.c,15 :: 		void Delay_22us() {
;__Lib_Delays.c,16 :: 		Delay_us(22);
0x00DA	0x0E0E      	MOVLW       14
0x00DC	0x6E0D      	MOVWF       R13, 0
L_Delay_22us1:
0x00DE	0x2E0D      	DECFSZ      R13, 1, 0
0x00E0	0xD7FE      	BRA         L_Delay_22us1
0x00E2	0x0000      	NOP
;__Lib_Delays.c,17 :: 		}
0x00E4	0x0012      	RETURN      0
; end of _Delay_22us
_SETFOV32:
;__Lib_MathDouble.c,82 :: 		
;__Lib_MathDouble.c,90 :: 		
0x00E6	0x820B      	BSF         R11, 1, 0
;__Lib_MathDouble.c,91 :: 		
0x00E8	0xAE0B      	BTFSS       R11, 7, 0
;__Lib_MathDouble.c,92 :: 		
0x00EA	0xF000EF7D  	GOTO        SETFOV32EEE
;__Lib_MathDouble.c,94 :: 		
0x00EE	0x6803      	SETF        R3, 0
;__Lib_MathDouble.c,95 :: 		
0x00F0	0x6802      	SETF        R2, 0
;__Lib_MathDouble.c,96 :: 		
0x00F2	0x6801      	SETF        R1, 0
;__Lib_MathDouble.c,97 :: 		
0x00F4	0x6800      	SETF        R0, 0
;__Lib_MathDouble.c,98 :: 		
0x00F6	0x360A      	RLCF        R10, 1, 0
;__Lib_MathDouble.c,99 :: 		
0x00F8	0x3202      	RRCF        R2, 1, 0
;__Lib_MathDouble.c,100 :: 		
SETFOV32EEE:
;__Lib_MathDouble.c,101 :: 		
0x00FA	0x0EFF      	MOVLW       255
;__Lib_MathDouble.c,103 :: 		
0x00FC	0x0012      	RETURN      0
; end of _SETFOV32
_Double2Int:
;__Lib_MathDouble.c,1897 :: 		
;__Lib_MathDouble.c,1906 :: 		
0x00FE	0x6A0B      	CLRF        R11, 0
;__Lib_MathDouble.c,1907 :: 		
0x0100	0x5003      	MOVF        R3, 0, 0
;__Lib_MathDouble.c,1908 :: 		
0x0102	0xB4D8      	BTFSC       STATUS, 2, 0
;__Lib_MathDouble.c,1909 :: 		
0x0104	0xF000EFC5  	GOTO        IRES016
;__Lib_MathDouble.c,1910 :: 		
0x0108	0x5002      	MOVF        R2, 0, 0
;__Lib_MathDouble.c,1911 :: 		
0x010A	0x6E0A      	MOVWF       R10, 0
;__Lib_MathDouble.c,1912 :: 		
0x010C	0x8E02      	BSF         R2, 7, 0
;__Lib_MathDouble.c,1914 :: 		
0x010E	0x0E8E      	MOVLW       142
;__Lib_MathDouble.c,1915 :: 		
0x0110	0x5E03      	SUBWF       R3, 1, 0
;__Lib_MathDouble.c,1916 :: 		
0x0112	0xAE03      	BTFSS       R3, 7, 0
;__Lib_MathDouble.c,1917 :: 		
0x0114	0xF000EFC9  	GOTO        SETIOV16
;__Lib_MathDouble.c,1918 :: 		
0x0118	0x6C03      	NEGF        R3, 0
;__Lib_MathDouble.c,1920 :: 		
0x011A	0x0E08      	MOVLW       8
;__Lib_MathDouble.c,1921 :: 		
0x011C	0x5C03      	SUBWF       R3, 0, 0
;__Lib_MathDouble.c,1922 :: 		
0x011E	0xA0D8      	BTFSS       STATUS, 0, 0
;__Lib_MathDouble.c,1923 :: 		
0x0120	0xF000EFA4  	GOTO        TSHIFT3216
;__Lib_MathDouble.c,1924 :: 		
0x0124	0x6E03      	MOVWF       R3, 0
;__Lib_MathDouble.c,1925 :: 		
0x0126	0x3601      	RLCF        R1, 1, 0
;__Lib_MathDouble.c,1926 :: 		
0x0128	0xF001C002  	MOVFF       R2, R1
;__Lib_MathDouble.c,1927 :: 		
0x012C	0x6A02      	CLRF        R2, 0
;__Lib_MathDouble.c,1929 :: 		
0x012E	0x0E08      	MOVLW       8
;__Lib_MathDouble.c,1930 :: 		
0x0130	0x5C03      	SUBWF       R3, 0, 0
;__Lib_MathDouble.c,1931 :: 		
0x0132	0xA0D8      	BTFSS       STATUS, 0, 0
;__Lib_MathDouble.c,1932 :: 		
0x0134	0xF000EFA4  	GOTO        TSHIFT3216
;__Lib_MathDouble.c,1933 :: 		
0x0138	0x6E03      	MOVWF       R3, 0
;__Lib_MathDouble.c,1934 :: 		
0x013A	0x3601      	RLCF        R1, 1, 0
;__Lib_MathDouble.c,1935 :: 		
0x013C	0x6A01      	CLRF        R1, 0
;__Lib_MathDouble.c,1937 :: 		
0x013E	0x5003      	MOVF        R3, 0, 0
;__Lib_MathDouble.c,1938 :: 		
0x0140	0xA4D8      	BTFSS       STATUS, 2, 0
;__Lib_MathDouble.c,1939 :: 		
0x0142	0x90D8      	BCF         STATUS, 0, 0
;__Lib_MathDouble.c,1940 :: 		
0x0144	0xF000EFAE  	GOTO        SHIFT3216OK
;__Lib_MathDouble.c,1941 :: 		
TSHIFT3216:
;__Lib_MathDouble.c,1942 :: 		
0x0148	0x5003      	MOVF        R3, 0, 0
;__Lib_MathDouble.c,1943 :: 		
0x014A	0xB4D8      	BTFSC       STATUS, 2, 0
;__Lib_MathDouble.c,1944 :: 		
0x014C	0xF000EFAE  	GOTO        SHIFT3216OK
;__Lib_MathDouble.c,1945 :: 		
SHIFT3216:
;__Lib_MathDouble.c,1946 :: 		
0x0150	0x90D8      	BCF         STATUS, 0, 0
;__Lib_MathDouble.c,1947 :: 		
0x0152	0x3202      	RRCF        R2, 1, 0
;__Lib_MathDouble.c,1948 :: 		
0x0154	0x3201      	RRCF        R1, 1, 0
;__Lib_MathDouble.c,1949 :: 		
0x0156	0x2E03      	DECFSZ      R3, 1, 0
;__Lib_MathDouble.c,1950 :: 		
0x0158	0xF000EFA8  	GOTO        SHIFT3216
;__Lib_MathDouble.c,1951 :: 		
SHIFT3216OK:
;__Lib_MathDouble.c,1952 :: 		
0x015C	0xBC0B      	BTFSC       R11, 6, 0
;__Lib_MathDouble.c,1953 :: 		
0x015E	0xA001      	BTFSS       R1, 0, 0
;__Lib_MathDouble.c,1954 :: 		
0x0160	0xF000EFBB  	GOTO        INT3216OK
;__Lib_MathDouble.c,1955 :: 		
0x0164	0xA0D8      	BTFSS       STATUS, 0, 0
;__Lib_MathDouble.c,1956 :: 		
0x0166	0xF000EFBB  	GOTO        INT3216OK
;__Lib_MathDouble.c,1957 :: 		
0x016A	0x2A01      	INCF        R1, 1, 0
;__Lib_MathDouble.c,1958 :: 		
0x016C	0xB4D8      	BTFSC       STATUS, 2, 0
;__Lib_MathDouble.c,1959 :: 		
0x016E	0x2A02      	INCF        R2, 1, 0
;__Lib_MathDouble.c,1960 :: 		
0x0170	0xBE02      	BTFSC       R2, 7, 0
;__Lib_MathDouble.c,1961 :: 		
0x0172	0xF000EFD8  	GOTO        JPJSETIOV3224
;__Lib_MathDouble.c,1962 :: 		
INT3216OK:
;__Lib_MathDouble.c,1963 :: 		
0x0176	0xAE0A      	BTFSS       R10, 7, 0
;__Lib_MathDouble.c,1964 :: 		
0x0178	0xF000EFDD  	GOTO        INT3216EOK
;__Lib_MathDouble.c,1966 :: 		
0x017C	0x1E02      	COMF        R2, 1, 0
;__Lib_MathDouble.c,1967 :: 		
0x017E	0x1E01      	COMF        R1, 1, 0
;__Lib_MathDouble.c,1968 :: 		
0x0180	0x2A01      	INCF        R1, 1, 0
;__Lib_MathDouble.c,1969 :: 		
0x0182	0xB4D8      	BTFSC       STATUS, 2, 0
;__Lib_MathDouble.c,1970 :: 		
0x0184	0x2A02      	INCF        R2, 1, 0
;__Lib_MathDouble.c,1971 :: 		
0x0186	0xF000EFDD  	GOTO        INT3216EOK
;__Lib_MathDouble.c,1973 :: 		
IRES016:
;__Lib_MathDouble.c,1974 :: 		
0x018A	0x6A02      	CLRF        R2, 0
;__Lib_MathDouble.c,1975 :: 		
0x018C	0x6A01      	CLRF        R1, 0
;__Lib_MathDouble.c,1976 :: 		
0x018E	0xF000EFDD  	GOTO        INT3216EOK
;__Lib_MathDouble.c,1977 :: 		
SETIOV16:
;__Lib_MathDouble.c,1978 :: 		
0x0192	0x800B      	BSF         R11, 0, 0
;__Lib_MathDouble.c,1979 :: 		
0x0194	0xAE0B      	BTFSS       R11, 7, 0
;__Lib_MathDouble.c,1980 :: 		
0x0196	0xF000EFE1  	GOTO        INT3216EER
;__Lib_MathDouble.c,1982 :: 		
0x019A	0x6A02      	CLRF        R2, 0
;__Lib_MathDouble.c,1983 :: 		
0x019C	0xAE0A      	BTFSS       R10, 7, 0
;__Lib_MathDouble.c,1984 :: 		
0x019E	0xF000EFE1  	GOTO        INT3216EER
;__Lib_MathDouble.c,1985 :: 		
0x01A2	0x0EFF      	MOVLW       255
;__Lib_MathDouble.c,1986 :: 		
0x01A4	0x6E02      	MOVWF       R2, 0
;__Lib_MathDouble.c,1987 :: 		
0x01A6	0x6E01      	MOVWF       R1, 0
;__Lib_MathDouble.c,1988 :: 		
0x01A8	0x360A      	RLCF        R10, 1, 0
;__Lib_MathDouble.c,1989 :: 		
0x01AA	0x3202      	RRCF        R2, 1, 0
;__Lib_MathDouble.c,1990 :: 		
0x01AC	0xF000EFE1  	GOTO        INT3216EER
;__Lib_MathDouble.c,1992 :: 		
JPJSETIOV3224:
;__Lib_MathDouble.c,1993 :: 		
0x01B0	0x0E01      	MOVLW       1
;__Lib_MathDouble.c,1994 :: 		
0x01B2	0x6E0C      	MOVWF       R12, 0
;__Lib_MathDouble.c,1996 :: 		
0x01B4	0xDF4B      	RCALL       _SETIOV3224
;__Lib_MathDouble.c,1998 :: 		
0x01B6	0xF000EFE3  	GOTO        INT3216EEE
;__Lib_MathDouble.c,1999 :: 		
INT3216EOK:
;__Lib_MathDouble.c,2000 :: 		
0x01BA	0x0E00      	MOVLW       0
;__Lib_MathDouble.c,2001 :: 		
0x01BC	0x6E0C      	MOVWF       R12, 0
;__Lib_MathDouble.c,2002 :: 		
0x01BE	0xF000EFE3  	GOTO        INT3216EEE
;__Lib_MathDouble.c,2003 :: 		
INT3216EER:
;__Lib_MathDouble.c,2004 :: 		
0x01C2	0x0EFF      	MOVLW       255
;__Lib_MathDouble.c,2005 :: 		
0x01C4	0x6E0C      	MOVWF       R12, 0
;__Lib_MathDouble.c,2006 :: 		
INT3216EEE:
;__Lib_MathDouble.c,2007 :: 		
0x01C6	0x5001      	MOVF        R1, 0, 0
;__Lib_MathDouble.c,2008 :: 		
0x01C8	0x6E00      	MOVWF       R0, 0
;__Lib_MathDouble.c,2009 :: 		
0x01CA	0x5002      	MOVF        R2, 0, 0
;__Lib_MathDouble.c,2010 :: 		
0x01CC	0x6E01      	MOVWF       R1, 0
;__Lib_MathDouble.c,2015 :: 		
0x01CE	0x0012      	RETURN      0
; end of _Double2Int
_ADC_Read:
;__Lib_ADC_A_D.c,2 :: 		
;__Lib_ADC_A_D.c,5 :: 		
0x01D0	0x6AC2      	CLRF        ADCON0 
;__Lib_ADC_A_D.c,6 :: 		
0x01D2	0x0E07      	MOVLW       7
0x01D4	0x12C0      	IORWF       ADCON2, 1 
;__Lib_ADC_A_D.c,7 :: 		
0x01D6	0x8EC0      	BSF         ADCON2, 7 
;__Lib_ADC_A_D.c,8 :: 		
0x01D8	0xF000C019  	MOVFF       FARG_ADC_Read_channel, R0
0x01DC	0x3600      	RLCF        R0, 1 
0x01DE	0x9000      	BCF         R0, 0 
0x01E0	0x3600      	RLCF        R0, 1 
0x01E2	0x9000      	BCF         R0, 0 
0x01E4	0x5000      	MOVF        R0, 0 
0x01E6	0x12C2      	IORWF       ADCON0, 1 
;__Lib_ADC_A_D.c,9 :: 		
0x01E8	0x80C2      	BSF         ADCON0, 0 
;__Lib_ADC_A_D.c,10 :: 		
0x01EA	0xDF77      	RCALL       _Delay_22us
;__Lib_ADC_A_D.c,11 :: 		
0x01EC	0x82C2      	BSF         ADCON0, 1 
;__Lib_ADC_A_D.c,12 :: 		
L_ADC_Read0:
0x01EE	0xA2C2      	BTFSS       ADCON0, 1 
0x01F0	0xD001      	BRA         L_ADC_Read1
0x01F2	0xD7FD      	BRA         L_ADC_Read0
L_ADC_Read1:
;__Lib_ADC_A_D.c,13 :: 		
0x01F4	0xF001CFC4  	MOVFF       ADRESH, R1
0x01F8	0x6A00      	CLRF        R0 
;__Lib_ADC_A_D.c,14 :: 		
0x01FA	0x50C3      	MOVF        ADRESL, 0 
0x01FC	0x1200      	IORWF       R0, 1 
0x01FE	0x0E00      	MOVLW       0
0x0200	0x1201      	IORWF       R1, 1 
;__Lib_ADC_A_D.c,15 :: 		
0x0202	0x90C2      	BCF         ADCON0, 0 
;__Lib_ADC_A_D.c,17 :: 		
;__Lib_ADC_A_D.c,18 :: 		
0x0204	0x0012      	RETURN      0
; end of _ADC_Read
___CC2DW:
;__Lib_System.c,21 :: 		
;__Lib_System.c,23 :: 		
_CC2DL_Loop1:
;__Lib_System.c,24 :: 		
0x0206	0x0009      	TBLRD*+
;__Lib_System.c,25 :: 		
0x0208	0xFFE6CFF5  	MOVFF       TABLAT, POSTINC1
;__Lib_System.c,26 :: 		
0x020C	0x0600      	DECF        R0, 1, 0
;__Lib_System.c,27 :: 		
0x020E	0xE1FB      	BNZ         _CC2DL_Loop1
;__Lib_System.c,28 :: 		
0x0210	0x0601      	DECF        R1, 1, 0
;__Lib_System.c,29 :: 		
0x0212	0xE1F9      	BNZ         _CC2DL_Loop1
;__Lib_System.c,31 :: 		
0x0214	0x0012      	RETURN      0
; end of ___CC2DW
_Compare_Double:
;__Lib_MathDouble.c,2518 :: 		
;__Lib_MathDouble.c,2529 :: 		
0x0216	0x6A0A      	CLRF        R10, 0
;__Lib_MathDouble.c,2530 :: 		
0x0218	0x5003      	MOVF        R3, 0, 0
;__Lib_MathDouble.c,2531 :: 		
0x021A	0xA4D8      	BTFSS       STATUS, 2, 0
;__Lib_MathDouble.c,2532 :: 		
0x021C	0x800A      	BSF         R10, 0, 0
;__Lib_MathDouble.c,2533 :: 		
0x021E	0x5007      	MOVF        R7, 0, 0
;__Lib_MathDouble.c,2534 :: 		
0x0220	0xA4D8      	BTFSS       STATUS, 2, 0
;__Lib_MathDouble.c,2535 :: 		
0x0222	0x820A      	BSF         R10, 1, 0
;__Lib_MathDouble.c,2537 :: 		
0x0224	0x500A      	MOVF        R10, 0, 0
;__Lib_MathDouble.c,2538 :: 		
0x0226	0xB4D8      	BTFSC       STATUS, 2, 0
;__Lib_MathDouble.c,2539 :: 		
0x0228	0xF001EF6E  	GOTO        COMPARE_EQU
;__Lib_MathDouble.c,2540 :: 		
0x022C	0x0A03      	XORLW       3
;__Lib_MathDouble.c,2541 :: 		
0x022E	0xB4D8      	BTFSC       STATUS, 2, 0
;__Lib_MathDouble.c,2542 :: 		
0x0230	0xF001EF27  	GOTO        COMPARE_NOTZERO
;__Lib_MathDouble.c,2544 :: 		
0x0234	0xB00A      	BTFSC       R10, 0, 0
;__Lib_MathDouble.c,2545 :: 		
0x0236	0xF001EF22  	GOTO        COMPARE_XNOTZERO
;__Lib_MathDouble.c,2547 :: 		
0x023A	0xAE06      	BTFSS       R6, 7, 0
;__Lib_MathDouble.c,2548 :: 		
0x023C	0xF001EF6C  	GOTO        COMPARE_LT
;__Lib_MathDouble.c,2549 :: 		
0x0240	0xF001EF6A  	GOTO        COMPARE_GT
;__Lib_MathDouble.c,2550 :: 		
COMPARE_XNOTZERO:
;__Lib_MathDouble.c,2551 :: 		
0x0244	0xAE02      	BTFSS       R2, 7, 0
;__Lib_MathDouble.c,2552 :: 		
0x0246	0xF001EF6A  	GOTO        COMPARE_GT
;__Lib_MathDouble.c,2553 :: 		
0x024A	0xF001EF6C  	GOTO        COMPARE_LT
;__Lib_MathDouble.c,2555 :: 		
COMPARE_NOTZERO:
;__Lib_MathDouble.c,2556 :: 		
0x024E	0x5002      	MOVF        R2, 0, 0
;__Lib_MathDouble.c,2557 :: 		
0x0250	0x0B80      	ANDLW       128
;__Lib_MathDouble.c,2558 :: 		
0x0252	0x6E0A      	MOVWF       R10, 0
;__Lib_MathDouble.c,2559 :: 		
0x0254	0x9E02      	BCF         R2, 7, 0
;__Lib_MathDouble.c,2561 :: 		
0x0256	0x5006      	MOVF        R6, 0, 0
;__Lib_MathDouble.c,2562 :: 		
0x0258	0x0B80      	ANDLW       128
;__Lib_MathDouble.c,2563 :: 		
0x025A	0x9E06      	BCF         R6, 7, 0
;__Lib_MathDouble.c,2565 :: 		
0x025C	0x180A      	XORWF       R10, 0, 0
;__Lib_MathDouble.c,2566 :: 		
0x025E	0xB4D8      	BTFSC       STATUS, 2, 0
;__Lib_MathDouble.c,2567 :: 		
0x0260	0xF001EF38  	GOTO        COMPARE_TESTALL
;__Lib_MathDouble.c,2569 :: 		
0x0264	0x500A      	MOVF        R10, 0, 0
;__Lib_MathDouble.c,2570 :: 		
0x0266	0xB4D8      	BTFSC       STATUS, 2, 0
;__Lib_MathDouble.c,2571 :: 		
0x0268	0xF001EF6A  	GOTO        COMPARE_GT
;__Lib_MathDouble.c,2572 :: 		
0x026C	0xF001EF6C  	GOTO        COMPARE_LT
;__Lib_MathDouble.c,2574 :: 		
COMPARE_TESTALL:
;__Lib_MathDouble.c,2575 :: 		
0x0270	0x5007      	MOVF        R7, 0, 0
;__Lib_MathDouble.c,2576 :: 		
0x0272	0x5C03      	SUBWF       R3, 0, 0
;__Lib_MathDouble.c,2577 :: 		
0x0274	0xB4D8      	BTFSC       STATUS, 2, 0
;__Lib_MathDouble.c,2578 :: 		
0x0276	0xF001EF42  	GOTO        COMPARE_C1
;__Lib_MathDouble.c,2579 :: 		
0x027A	0xA0D8      	BTFSS       STATUS, 0, 0
;__Lib_MathDouble.c,2580 :: 		
0x027C	0xF001EF5E  	GOTO        GT_FALSE
;__Lib_MathDouble.c,2581 :: 		
0x0280	0xF001EF64  	GOTO        GT_TRUE
;__Lib_MathDouble.c,2582 :: 		
COMPARE_C1:
;__Lib_MathDouble.c,2583 :: 		
0x0284	0x5006      	MOVF        R6, 0, 0
;__Lib_MathDouble.c,2584 :: 		
0x0286	0x5C02      	SUBWF       R2, 0, 0
;__Lib_MathDouble.c,2585 :: 		
0x0288	0xB4D8      	BTFSC       STATUS, 2, 0
;__Lib_MathDouble.c,2586 :: 		
0x028A	0xF001EF4C  	GOTO        COMPARE_C2
;__Lib_MathDouble.c,2587 :: 		
0x028E	0xA0D8      	BTFSS       STATUS, 0, 0
;__Lib_MathDouble.c,2588 :: 		
0x0290	0xF001EF5E  	GOTO        GT_FALSE
;__Lib_MathDouble.c,2589 :: 		
0x0294	0xF001EF64  	GOTO        GT_TRUE
;__Lib_MathDouble.c,2590 :: 		
COMPARE_C2:
;__Lib_MathDouble.c,2591 :: 		
0x0298	0x5005      	MOVF        R5, 0, 0
;__Lib_MathDouble.c,2592 :: 		
0x029A	0x5C01      	SUBWF       R1, 0, 0
;__Lib_MathDouble.c,2593 :: 		
0x029C	0xB4D8      	BTFSC       STATUS, 2, 0
;__Lib_MathDouble.c,2594 :: 		
0x029E	0xF001EF56  	GOTO        COMPARE_C3
;__Lib_MathDouble.c,2595 :: 		
0x02A2	0xA0D8      	BTFSS       STATUS, 0, 0
;__Lib_MathDouble.c,2596 :: 		
0x02A4	0xF001EF5E  	GOTO        GT_FALSE
;__Lib_MathDouble.c,2597 :: 		
0x02A8	0xF001EF64  	GOTO        GT_TRUE
;__Lib_MathDouble.c,2598 :: 		
COMPARE_C3:
;__Lib_MathDouble.c,2599 :: 		
0x02AC	0x5004      	MOVF        R4, 0, 0
;__Lib_MathDouble.c,2600 :: 		
0x02AE	0x5C00      	SUBWF       R0, 0, 0
;__Lib_MathDouble.c,2601 :: 		
0x02B0	0xB4D8      	BTFSC       STATUS, 2, 0
;__Lib_MathDouble.c,2602 :: 		
0x02B2	0xF001EF6E  	GOTO        COMPARE_EQU
;__Lib_MathDouble.c,2603 :: 		
0x02B6	0xB0D8      	BTFSC       STATUS, 0, 0
;__Lib_MathDouble.c,2604 :: 		
0x02B8	0xF001EF64  	GOTO        GT_TRUE
;__Lib_MathDouble.c,2606 :: 		
GT_FALSE:
;__Lib_MathDouble.c,2607 :: 		
0x02BC	0x520A      	MOVF        R10, 1, 0
;__Lib_MathDouble.c,2608 :: 		
0x02BE	0xB4D8      	BTFSC       STATUS, 2, 0
;__Lib_MathDouble.c,2609 :: 		
0x02C0	0xF001EF6C  	GOTO        COMPARE_LT
;__Lib_MathDouble.c,2610 :: 		
0x02C4	0xF001EF6A  	GOTO        COMPARE_GT
;__Lib_MathDouble.c,2611 :: 		
GT_TRUE:
;__Lib_MathDouble.c,2612 :: 		
0x02C8	0x520A      	MOVF        R10, 1, 0
;__Lib_MathDouble.c,2613 :: 		
0x02CA	0xB4D8      	BTFSC       STATUS, 2, 0
;__Lib_MathDouble.c,2614 :: 		
0x02CC	0xF001EF6A  	GOTO        COMPARE_GT
;__Lib_MathDouble.c,2615 :: 		
0x02D0	0xF001EF6C  	GOTO        COMPARE_LT
;__Lib_MathDouble.c,2617 :: 		
COMPARE_GT:
;__Lib_MathDouble.c,2620 :: 		
0x02D4	0x80D8      	BSF         STATUS, 0, 0
;__Lib_MathDouble.c,2621 :: 		
0x02D6	0x0012      	RETURN      0
;__Lib_MathDouble.c,2622 :: 		
COMPARE_LT:
;__Lib_MathDouble.c,2625 :: 		
0x02D8	0x90D8      	BCF         STATUS, 0, 0
;__Lib_MathDouble.c,2626 :: 		
0x02DA	0x0012      	RETURN      0
;__Lib_MathDouble.c,2627 :: 		
COMPARE_EQU:
;__Lib_MathDouble.c,2630 :: 		
0x02DC	0x80D8      	BSF         STATUS, 0, 0
;__Lib_MathDouble.c,2631 :: 		
0x02DE	0x84D8      	BSF         STATUS, 2, 0
;__Lib_MathDouble.c,2632 :: 		
0x02E0	0x0012      	RETURN      0
;__Lib_MathDouble.c,2634 :: 		
0x02E2	0x0012      	RETURN      0
; end of _Compare_Double
_Mul_32x32_FP:
;__Lib_MathDouble.c,1130 :: 		
;__Lib_MathDouble.c,1148 :: 		
0x02E4	0x6A08      	CLRF        R8, 0
;__Lib_MathDouble.c,1149 :: 		
0x02E6	0x6A09      	CLRF        R9, 0
;__Lib_MathDouble.c,1151 :: 		
0x02E8	0x0E00      	MOVLW       0
;__Lib_MathDouble.c,1152 :: 		
0x02EA	0x6207      	CPFSEQ      R7, 0
;__Lib_MathDouble.c,1153 :: 		
0x02EC	0x6403      	CPFSGT      R3, 0
;__Lib_MathDouble.c,1154 :: 		
0x02EE	0xF001EFF7  	GOTO        MULJPRES032
;__Lib_MathDouble.c,1157 :: 		
0x02F2	0x5002      	MOVF        R2, 0, 0
;__Lib_MathDouble.c,1158 :: 		
0x02F4	0x1806      	XORWF       R6, 0, 0
;__Lib_MathDouble.c,1159 :: 		
0x02F6	0x6E0A      	MOVWF       R10, 0
;__Lib_MathDouble.c,1161 :: 		
0x02F8	0x5007      	MOVF        R7, 0, 0
;__Lib_MathDouble.c,1162 :: 		
0x02FA	0x2603      	ADDWF       R3, 1, 0
;__Lib_MathDouble.c,1163 :: 		
0x02FC	0x0E7E      	MOVLW       126
;__Lib_MathDouble.c,1164 :: 		
0x02FE	0xA0D8      	BTFSS       STATUS, 0, 0
;__Lib_MathDouble.c,1165 :: 		
0x0300	0xF001EF88  	GOTO        MTUN32
;__Lib_MathDouble.c,1167 :: 		
0x0304	0x5E03      	SUBWF       R3, 1, 0
;__Lib_MathDouble.c,1168 :: 		
0x0306	0xB0D8      	BTFSC       STATUS, 0, 0
;__Lib_MathDouble.c,1169 :: 		
0x0308	0xF001EFFB  	GOTO        MULJPSETFOV32
;__Lib_MathDouble.c,1170 :: 		
0x030C	0xF001EF8C  	GOTO        MOK32
;__Lib_MathDouble.c,1172 :: 		
MTUN32:
;__Lib_MathDouble.c,1173 :: 		
0x0310	0x5E03      	SUBWF       R3, 1, 0
;__Lib_MathDouble.c,1174 :: 		
0x0312	0xA0D8      	BTFSS       STATUS, 0, 0
;__Lib_MathDouble.c,1175 :: 		
0x0314	0xF001EFFF  	GOTO        MULJPSETFUN32
;__Lib_MathDouble.c,1177 :: 		
MOK32:
;__Lib_MathDouble.c,1178 :: 		
0x0318	0x8E02      	BSF         R2, 7, 0
;__Lib_MathDouble.c,1179 :: 		
0x031A	0x8E06      	BSF         R6, 7, 0
;__Lib_MathDouble.c,1181 :: 		
0x031C	0xF00EC002  	MOVFF       R2, R14
;__Lib_MathDouble.c,1182 :: 		
0x0320	0xF00BC001  	MOVFF       R1, R11
;__Lib_MathDouble.c,1183 :: 		
0x0324	0xF00DC000  	MOVFF       R0, R13
;__Lib_MathDouble.c,1185 :: 		
0x0328	0x5000      	MOVF        R0, 0, 0
;__Lib_MathDouble.c,1186 :: 		
0x032A	0x0204      	MULWF       R4, 0
;__Lib_MathDouble.c,1187 :: 		
0x032C	0xF00CCFF4  	MOVFF       PRODH, R12
;__Lib_MathDouble.c,1189 :: 		
0x0330	0x5001      	MOVF        R1, 0, 0
;__Lib_MathDouble.c,1190 :: 		
0x0332	0x0205      	MULWF       R5, 0
;__Lib_MathDouble.c,1191 :: 		
0x0334	0xF000CFF4  	MOVFF       PRODH, R0
;__Lib_MathDouble.c,1192 :: 		
0x0338	0xF008CFF3  	MOVFF       PRODL, R8
;__Lib_MathDouble.c,1194 :: 		
0x033C	0x0204      	MULWF       R4, 0
;__Lib_MathDouble.c,1195 :: 		
0x033E	0x50F3      	MOVF        PRODL, 0, 0
;__Lib_MathDouble.c,1196 :: 		
0x0340	0x260C      	ADDWF       R12, 1, 0
;__Lib_MathDouble.c,1197 :: 		
0x0342	0x50F4      	MOVF        PRODH, 0, 0
;__Lib_MathDouble.c,1198 :: 		
0x0344	0x2208      	ADDWFC      R8, 1, 0
;__Lib_MathDouble.c,1199 :: 		
0x0346	0x0E00      	MOVLW       0
;__Lib_MathDouble.c,1200 :: 		
0x0348	0x2200      	ADDWFC      R0, 1, 0
;__Lib_MathDouble.c,1202 :: 		
0x034A	0x500D      	MOVF        R13, 0, 0
;__Lib_MathDouble.c,1203 :: 		
0x034C	0x0205      	MULWF       R5, 0
;__Lib_MathDouble.c,1204 :: 		
0x034E	0x50F3      	MOVF        PRODL, 0, 0
;__Lib_MathDouble.c,1205 :: 		
0x0350	0x260C      	ADDWF       R12, 1, 0
;__Lib_MathDouble.c,1206 :: 		
0x0352	0x50F4      	MOVF        PRODH, 0, 0
;__Lib_MathDouble.c,1207 :: 		
0x0354	0x2208      	ADDWFC      R8, 1, 0
;__Lib_MathDouble.c,1208 :: 		
0x0356	0x0E00      	MOVLW       0
;__Lib_MathDouble.c,1209 :: 		
0x0358	0x2200      	ADDWFC      R0, 1, 0
;__Lib_MathDouble.c,1211 :: 		
0x035A	0x5002      	MOVF        R2, 0, 0
;__Lib_MathDouble.c,1212 :: 		
0x035C	0x0204      	MULWF       R4, 0
;__Lib_MathDouble.c,1213 :: 		
0x035E	0x50F3      	MOVF        PRODL, 0, 0
;__Lib_MathDouble.c,1214 :: 		
0x0360	0x2608      	ADDWF       R8, 1, 0
;__Lib_MathDouble.c,1215 :: 		
0x0362	0x50F4      	MOVF        PRODH, 0, 0
;__Lib_MathDouble.c,1216 :: 		
0x0364	0x2200      	ADDWFC      R0, 1, 0
;__Lib_MathDouble.c,1217 :: 		
0x0366	0x5002      	MOVF        R2, 0, 0
;__Lib_MathDouble.c,1218 :: 		
0x0368	0x0205      	MULWF       R5, 0
;__Lib_MathDouble.c,1219 :: 		
0x036A	0x6A01      	CLRF        R1, 0
;__Lib_MathDouble.c,1220 :: 		
0x036C	0x0E00      	MOVLW       0
;__Lib_MathDouble.c,1221 :: 		
0x036E	0x2201      	ADDWFC      R1, 1, 0
;__Lib_MathDouble.c,1222 :: 		
0x0370	0x50F3      	MOVF        PRODL, 0, 0
;__Lib_MathDouble.c,1223 :: 		
0x0372	0x2600      	ADDWF       R0, 1, 0
;__Lib_MathDouble.c,1224 :: 		
0x0374	0x50F4      	MOVF        PRODH, 0, 0
;__Lib_MathDouble.c,1225 :: 		
0x0376	0x2201      	ADDWFC      R1, 1, 0
;__Lib_MathDouble.c,1227 :: 		
0x0378	0x500D      	MOVF        R13, 0, 0
;__Lib_MathDouble.c,1228 :: 		
0x037A	0x0206      	MULWF       R6, 0
;__Lib_MathDouble.c,1229 :: 		
0x037C	0x50F3      	MOVF        PRODL, 0, 0
;__Lib_MathDouble.c,1230 :: 		
0x037E	0x2608      	ADDWF       R8, 1, 0
;__Lib_MathDouble.c,1231 :: 		
0x0380	0x50F4      	MOVF        PRODH, 0, 0
;__Lib_MathDouble.c,1232 :: 		
0x0382	0x2200      	ADDWFC      R0, 1, 0
;__Lib_MathDouble.c,1233 :: 		
0x0384	0x6A02      	CLRF        R2, 0
;__Lib_MathDouble.c,1234 :: 		
0x0386	0x0E00      	MOVLW       0
;__Lib_MathDouble.c,1235 :: 		
0x0388	0x2201      	ADDWFC      R1, 1, 0
;__Lib_MathDouble.c,1236 :: 		
0x038A	0x2202      	ADDWFC      R2, 1, 0
;__Lib_MathDouble.c,1238 :: 		
0x038C	0x500B      	MOVF        R11, 0, 0
;__Lib_MathDouble.c,1239 :: 		
0x038E	0x0206      	MULWF       R6, 0
;__Lib_MathDouble.c,1240 :: 		
0x0390	0x50F3      	MOVF        PRODL, 0, 0
;__Lib_MathDouble.c,1241 :: 		
0x0392	0x2600      	ADDWF       R0, 1, 0
;__Lib_MathDouble.c,1242 :: 		
0x0394	0x50F4      	MOVF        PRODH, 0, 0
;__Lib_MathDouble.c,1243 :: 		
0x0396	0x2201      	ADDWFC      R1, 1, 0
;__Lib_MathDouble.c,1244 :: 		
0x0398	0x0E00      	MOVLW       0
;__Lib_MathDouble.c,1245 :: 		
0x039A	0x2202      	ADDWFC      R2, 1, 0
;__Lib_MathDouble.c,1247 :: 		
0x039C	0x500E      	MOVF        R14, 0, 0
;__Lib_MathDouble.c,1248 :: 		
0x039E	0x0206      	MULWF       R6, 0
;__Lib_MathDouble.c,1249 :: 		
0x03A0	0x50F3      	MOVF        PRODL, 0, 0
;__Lib_MathDouble.c,1250 :: 		
0x03A2	0x2601      	ADDWF       R1, 1, 0
;__Lib_MathDouble.c,1251 :: 		
0x03A4	0x50F4      	MOVF        PRODH, 0, 0
;__Lib_MathDouble.c,1252 :: 		
0x03A6	0x2202      	ADDWFC      R2, 1, 0
;__Lib_MathDouble.c,1254 :: 		
0x03A8	0xBE02      	BTFSC       R2, 7, 0
;__Lib_MathDouble.c,1255 :: 		
0x03AA	0xF001EFDF  	GOTO        MROUND32
;__Lib_MathDouble.c,1256 :: 		
0x03AE	0x3608      	RLCF        R8, 1, 0
;__Lib_MathDouble.c,1257 :: 		
0x03B0	0x3600      	RLCF        R0, 1, 0
;__Lib_MathDouble.c,1258 :: 		
0x03B2	0x3601      	RLCF        R1, 1, 0
;__Lib_MathDouble.c,1259 :: 		
0x03B4	0x3602      	RLCF        R2, 1, 0
;__Lib_MathDouble.c,1260 :: 		
0x03B6	0x0603      	DECF        R3, 1, 0
;__Lib_MathDouble.c,1261 :: 		
0x03B8	0xB4D8      	BTFSC       STATUS, 2, 0
;__Lib_MathDouble.c,1262 :: 		
0x03BA	0xF001EFFF  	GOTO        MULJPSETFUN32
;__Lib_MathDouble.c,1264 :: 		
MROUND32:
;__Lib_MathDouble.c,1267 :: 		
0x03BE	0xF001EFF2  	GOTO        MUL32OK
;__Lib_MathDouble.c,1268 :: 		
0x03C2	0x80D8      	BSF         STATUS, 0, 0
;__Lib_MathDouble.c,1269 :: 		
0x03C4	0x0E80      	MOVLW       128
;__Lib_MathDouble.c,1270 :: 		
0x03C6	0x6408      	CPFSGT      R8, 0
;__Lib_MathDouble.c,1271 :: 		
0x03C8	0x3000      	RRCF        R0, 0, 0
;__Lib_MathDouble.c,1272 :: 		
0x03CA	0x0E00      	MOVLW       0
;__Lib_MathDouble.c,1273 :: 		
0x03CC	0x2200      	ADDWFC      R0, 1, 0
;__Lib_MathDouble.c,1274 :: 		
0x03CE	0x2201      	ADDWFC      R1, 1, 0
;__Lib_MathDouble.c,1275 :: 		
0x03D0	0x2202      	ADDWFC      R2, 1, 0
;__Lib_MathDouble.c,1277 :: 		
0x03D2	0xA0D8      	BTFSS       STATUS, 0, 0
;__Lib_MathDouble.c,1278 :: 		
0x03D4	0xF001EFF2  	GOTO        MUL32OK
;__Lib_MathDouble.c,1279 :: 		
0x03D8	0x3202      	RRCF        R2, 1, 0
;__Lib_MathDouble.c,1280 :: 		
0x03DA	0x3201      	RRCF        R1, 1, 0
;__Lib_MathDouble.c,1281 :: 		
0x03DC	0x3200      	RRCF        R0, 1, 0
;__Lib_MathDouble.c,1282 :: 		
0x03DE	0x4A03      	INFSNZ      R3, 1, 0
;__Lib_MathDouble.c,1283 :: 		
0x03E0	0xF001EFFB  	GOTO        MULJPSETFOV32
;__Lib_MathDouble.c,1285 :: 		
MUL32OK:
;__Lib_MathDouble.c,1286 :: 		
0x03E4	0xAE0A      	BTFSS       R10, 7, 0
;__Lib_MathDouble.c,1287 :: 		
0x03E6	0x9E02      	BCF         R2, 7, 0
;__Lib_MathDouble.c,1289 :: 		
0x03E8	0x0E00      	MOVLW       0
;__Lib_MathDouble.c,1290 :: 		
0x03EA	0xF002EF01  	GOTO        MULEEE
;__Lib_MathDouble.c,1291 :: 		
MULJPRES032:
;__Lib_MathDouble.c,1292 :: 		
0x03EE	0x0E01      	MOVLW       1
;__Lib_MathDouble.c,1295 :: 		
0x03F0	0xDE26      	RCALL       _RES032
;__Lib_MathDouble.c,1297 :: 		
0x03F2	0xF002EF01  	GOTO        MULEEE
;__Lib_MathDouble.c,1298 :: 		
MULJPSETFOV32:
;__Lib_MathDouble.c,1299 :: 		
0x03F6	0x0E02      	MOVLW       2
;__Lib_MathDouble.c,1302 :: 		
0x03F8	0xDE76      	RCALL       _SETFOV32
;__Lib_MathDouble.c,1304 :: 		
0x03FA	0xF002EF01  	GOTO        MULEEE
;__Lib_MathDouble.c,1305 :: 		
MULJPSETFUN32:
;__Lib_MathDouble.c,1306 :: 		
0x03FE	0x0E04      	MOVLW       4
;__Lib_MathDouble.c,1309 :: 		
0x0400	0xDE11      	RCALL       _SETFUN32
;__Lib_MathDouble.c,1311 :: 		
MULEEE:
;__Lib_MathDouble.c,1318 :: 		
0x0402	0x0012      	RETURN      0
; end of _Mul_32x32_FP
_Word2Double:
;__Lib_MathDouble.c,2335 :: 		
;__Lib_MathDouble.c,2344 :: 		
0x0404	0x5000      	MOVF        R0, 0, 0
;__Lib_MathDouble.c,2345 :: 		
0x0406	0x6E08      	MOVWF       R8, 0
;__Lib_MathDouble.c,2346 :: 		
0x0408	0x5001      	MOVF        R1, 0, 0
;__Lib_MathDouble.c,2347 :: 		
0x040A	0x6E00      	MOVWF       R0, 0
;__Lib_MathDouble.c,2348 :: 		
0x040C	0x6A01      	CLRF        R1, 0
;__Lib_MathDouble.c,2349 :: 		
0x040E	0x6A02      	CLRF        R2, 0
;__Lib_MathDouble.c,2350 :: 		
0x0410	0x6A03      	CLRF        R3, 0
;__Lib_MathDouble.c,2353 :: 		
0x0412	0x6A0B      	CLRF        R11, 0
;__Lib_MathDouble.c,2354 :: 		
0x0414	0x6A0C      	CLRF        R12, 0
;__Lib_MathDouble.c,2356 :: 		
0x0416	0x0E96      	MOVLW       150
;__Lib_MathDouble.c,2357 :: 		
0x0418	0x6E03      	MOVWF       R3, 0
;__Lib_MathDouble.c,2358 :: 		
0x041A	0x6A0A      	CLRF        R10, 0
;__Lib_MathDouble.c,2360 :: 		
0x041C	0xF001C000  	MOVFF       R0, R1
;__Lib_MathDouble.c,2361 :: 		
0x0420	0xF000C008  	MOVFF       R8, R0
;__Lib_MathDouble.c,2362 :: 		
0x0424	0x6A08      	CLRF        R8, 0
;__Lib_MathDouble.c,2363 :: 		
0x0426	0x6A02      	CLRF        R2, 0
;__Lib_MathDouble.c,2365 :: 		
0x0428	0xDE1F      	RCALL       _NRM3232
;__Lib_MathDouble.c,2366 :: 		
0x042A	0x0012      	RETURN      0
; end of _Word2Double
_main:
;vsf.c,1 :: 		void main() {
;vsf.c,2 :: 		unsigned int temperatura_ate_1023 = 0;
;vsf.c,3 :: 		double temperatura = 0.0;
0x042C	0x6A15      	CLRF        main_temperatura_L0 
0x042E	0x6A16      	CLRF        main_temperatura_L0+1 
0x0430	0x6A17      	CLRF        main_temperatura_L0+2 
0x0432	0x6A18      	CLRF        main_temperatura_L0+3 
;vsf.c,5 :: 		TRISD = 0;
0x0434	0x6A95      	CLRF        TRISD 
;vsf.c,7 :: 		TRISC.F1 = 0; //aquecedor
0x0436	0x9294      	BCF         TRISC, 1 
;vsf.c,8 :: 		TRISC.F2 = 0; //ventoinha
0x0438	0x9494      	BCF         TRISC, 2 
;vsf.c,10 :: 		PORTC.F1 = 1; //liga aquecedor
0x043A	0x8282      	BSF         PORTC, 1 
;vsf.c,13 :: 		while(1){
L_main0:
;vsf.c,14 :: 		temperatura_ate_1023 = ADC_Read(3);
0x043C	0x0E03      	MOVLW       3
0x043E	0x6E19      	MOVWF       FARG_ADC_Read_channel 
0x0440	0xDEC7      	RCALL       _ADC_Read
;vsf.c,15 :: 		temperatura = (temperatura_ate_1023*(5.0/1023.0)) * 100.0;
0x0442	0xDFE0      	RCALL       _Word2Double
0x0444	0x0E0A      	MOVLW       10
0x0446	0x6E04      	MOVWF       R4 
0x0448	0x0E28      	MOVLW       40
0x044A	0x6E05      	MOVWF       R5 
0x044C	0x0E20      	MOVLW       32
0x044E	0x6E06      	MOVWF       R6 
0x0450	0x0E77      	MOVLW       119
0x0452	0x6E07      	MOVWF       R7 
0x0454	0xDF47      	RCALL       _Mul_32x32_FP
0x0456	0x0E00      	MOVLW       0
0x0458	0x6E04      	MOVWF       R4 
0x045A	0x0E00      	MOVLW       0
0x045C	0x6E05      	MOVWF       R5 
0x045E	0x0E48      	MOVLW       72
0x0460	0x6E06      	MOVWF       R6 
0x0462	0x0E85      	MOVLW       133
0x0464	0x6E07      	MOVWF       R7 
0x0466	0xDF3E      	RCALL       _Mul_32x32_FP
0x0468	0xF015C000  	MOVFF       R0, main_temperatura_L0
0x046C	0xF016C001  	MOVFF       R1, main_temperatura_L0+1
0x0470	0xF017C002  	MOVFF       R2, main_temperatura_L0+2
0x0474	0xF018C003  	MOVFF       R3, main_temperatura_L0+3
;vsf.c,16 :: 		if(temperatura >= 40.0){
0x0478	0x0E00      	MOVLW       0
0x047A	0x6E04      	MOVWF       R4 
0x047C	0x0E00      	MOVLW       0
0x047E	0x6E05      	MOVWF       R5 
0x0480	0x0E20      	MOVLW       32
0x0482	0x6E06      	MOVWF       R6 
0x0484	0x0E84      	MOVLW       132
0x0486	0x6E07      	MOVWF       R7 
0x0488	0xDEC6      	RCALL       _Compare_Double
0x048A	0x0E00      	MOVLW       0
0x048C	0xB0D8      	BTFSC       STATUS, 0 
0x048E	0x0E01      	MOVLW       1
0x0490	0x6E00      	MOVWF       R0 
0x0492	0x5200      	MOVF        R0, 1 
0x0494	0xE002      	BZ          L_main2
;vsf.c,17 :: 		PORTC.F1 = 0; //desliga aquecedor
0x0496	0x9282      	BCF         PORTC, 1 
;vsf.c,18 :: 		PORTC.F2 = 1; //liga ventoinha
0x0498	0x8482      	BSF         PORTC, 2 
;vsf.c,19 :: 		}
L_main2:
;vsf.c,20 :: 		if(temperatura <= 25.0){
0x049A	0xF004C015  	MOVFF       main_temperatura_L0, R4
0x049E	0xF005C016  	MOVFF       main_temperatura_L0+1, R5
0x04A2	0xF006C017  	MOVFF       main_temperatura_L0+2, R6
0x04A6	0xF007C018  	MOVFF       main_temperatura_L0+3, R7
0x04AA	0x0E00      	MOVLW       0
0x04AC	0x6E00      	MOVWF       R0 
0x04AE	0x0E00      	MOVLW       0
0x04B0	0x6E01      	MOVWF       R1 
0x04B2	0x0E48      	MOVLW       72
0x04B4	0x6E02      	MOVWF       R2 
0x04B6	0x0E83      	MOVLW       131
0x04B8	0x6E03      	MOVWF       R3 
0x04BA	0xDEAD      	RCALL       _Compare_Double
0x04BC	0x0E00      	MOVLW       0
0x04BE	0xB0D8      	BTFSC       STATUS, 0 
0x04C0	0x0E01      	MOVLW       1
0x04C2	0x6E00      	MOVWF       R0 
0x04C4	0x5200      	MOVF        R0, 1 
0x04C6	0xE002      	BZ          L_main3
;vsf.c,21 :: 		PORTC.F1 = 1; //liga aquecedor
0x04C8	0x8282      	BSF         PORTC, 1 
;vsf.c,22 :: 		PORTC.F2 = 0; //desliga ventoinha
0x04CA	0x9482      	BCF         PORTC, 2 
;vsf.c,23 :: 		}
L_main3:
;vsf.c,24 :: 		PORTD = (int)(temperatura);
0x04CC	0xF000C015  	MOVFF       main_temperatura_L0, R0
0x04D0	0xF001C016  	MOVFF       main_temperatura_L0+1, R1
0x04D4	0xF002C017  	MOVFF       main_temperatura_L0+2, R2
0x04D8	0xF003C018  	MOVFF       main_temperatura_L0+3, R3
0x04DC	0xDE10      	RCALL       _Double2Int
0x04DE	0xFF83C000  	MOVFF       R0, PORTD
;vsf.c,27 :: 		}
0x04E2	0xD7AC      	BRA         L_main0
;vsf.c,29 :: 		}
0x04E4	0xD7FF      	BRA         $+0
; end of _main
Symbol List:
//** Routines locations **
//ADDRESS    SIZE    PROCEDURE
//----------------------------------------------
0x001C       [8]    _FIXSIGN32
0x0024      [26]    _SETFUN32
0x003E      [14]    _RES032
0x004C      [28]    _SETIOV3224
0x0068     [114]    _NRM3232
0x00DA      [12]    _Delay_22us
0x00E6      [24]    _SETFOV32
0x00FE     [210]    _Double2Int
0x01D0      [54]    _ADC_Read
0x0206      [16]    ___CC2DW
0x0216     [206]    _Compare_Double
0x02E4     [288]    _Mul_32x32_FP
0x0404      [40]    _Word2Double
0x042C     [186]    _main
//** Variables locations ** 
//ADDRESS    SIZE    VARIABLE
//----------------------------------------------
0x0000       [1]    EEPROM_Write_SaveINTCON_L0
0x0000       [1]    R0
0x0000       [1]    FLASH_Erase_64_SaveINTCON_L0
0x0000       [1]    SPI1_Write_tmp_L0
0x0000       [1]    UART1_Init_tmp_L0
0x0000       [1]    __Lib_SoftI2C_PutZerosToLATScl_temp_scl_L0
0x0000       [1]    __Lib_SoftI2C_PutZerosToLATSda_temp_sda_L0
0x0001       [1]    __Lib_PS2_Wait_Falling_nsample_L0
0x0001       [1]    R1
0x0001       [1]    ispunct_rslt_L0
0x0001       [1]    FLASH_Erase_Write_64_i_L0
0x0001       [2]    FLASH_Read_N_Bytes_i_L0
0x0001       [1]    FLASH_Write_64_i_L0
0x0001       [1]    I2C1_Rd_tmp_L0
0x0002       [1]    FLASH_Write_64_SaveINTCON_L0
0x0002       [1]    FLASH_Erase_Write_64_j_L0
0x0002       [2]    memcpy_dd_L0
0x0002       [2]    memchr_s_L0
0x0002       [2]    memset_pp_L0
0x0002       [1]    R2
0x0002       [2]    strlen_cp_L0
0x0003       [2]    memmove_tt_L0
0x0003       [1]    FLASH_Erase_Write_64_SaveINTCON_L0
0x0003       [1]    R3
0x0004       [2]    strcpy_cp_L0
0x0004       [2]    strncat_cp_L0
0x0004       [2]    memcpy_ss_L0
0x0004       [2]    strncpy_cp_L0
0x0004       [1]    R4
0x0004       [2]    frexp_pom_L0
0x0004       [2]    strcat_cp_L0
0x0005       [2]    memmove_ff_L0
0x0005       [1]    R5
0x0006       [1]    R6
0x0007       [1]    R7
0x0008       [1]    R8
0x0009       [1]    R9
0x000A       [1]    R10
0x000B       [1]    R11
0x000C       [1]    R12
0x000D       [1]    R13
0x000E       [1]    R14
0x000F       [1]    R15
0x0010       [1]    R16
0x0011       [1]    R17
0x0012       [1]    R18
0x0013       [1]    R19
0x0014       [1]    R20
0x0015       [4]    main_temperatura_L0
0x0019       [1]    FARG_ADC_Read_channel
0x0F80       [0]    HLVDIN_bit
0x0F80       [0]    RA3_bit
0x0F80       [0]    RA0_bit
0x0F80       [0]    LVDIN_bit
0x0F80       [0]    RA1_bit
0x0F80       [0]    RA2_bit
0x0F80       [0]    RA4_bit
0x0F80       [0]    T0CKI_bit
0x0F80       [0]    RA7_bit
0x0F80       [0]    NOT_SS_bit
0x0F80       [1]    PORTA
0x0F80       [0]    RA5_bit
0x0F80       [0]    SS_bit
0x0F80       [0]    AN4_bit
0x0F80       [0]    RA6_bit
0x0F81       [0]    RB5_bit
0x0F81       [0]    RB3_bit
0x0F81       [0]    RB2_bit
0x0F81       [0]    RB4_bit
0x0F81       [0]    RB0_bit
0x0F81       [0]    RB1_bit
0x0F81       [0]    AN12_bit
0x0F81       [0]    KBI3_bit
0x0F81       [0]    KBI2_bit
0x0F81       [0]    AN9_bit
0x0F81       [0]    AN8_bit
0x0F81       [0]    AN10_bit
0x0F81       [0]    KBI1_bit
0x0F81       [0]    INT1_bit
0x0F81       [0]    INT0_bit
0x0F81       [1]    PORTB
0x0F81       [0]    KBI0_bit
0x0F81       [0]    CCP2_PORTB_bit
0x0F81       [0]    INT2_bit
0x0F81       [0]    PGD_bit
0x0F81       [0]    RB6_bit
0x0F81       [0]    RB7_bit
0x0F81       [0]    AN11_bit
0x0F81       [0]    PGM_bit
0x0F81       [0]    PGC_bit
0x0F82       [0]    RC5_bit
0x0F82       [0]    RC6_bit
0x0F82       [0]    RC4_bit
0x0F82       [0]    RC1_bit
0x0F82       [0]    RC0_bit
0x0F82       [0]    RC3_bit
0x0F82       [0]    RC2_bit
0x0F82       [0]    SDI_bit
0x0F82       [0]    SCK_bit
0x0F82       [0]    TX_bit
0x0F82       [0]    SDO_bit
0x0F82       [0]    T1OSO_bit
0x0F82       [1]    PORTC
0x0F82       [0]    CCP1_bit
0x0F82       [0]    T1OSI_bit
0x0F82       [0]    CK_bit
0x0F82       [0]    SDA_bit
0x0F82       [0]    RC7_bit
0x0F82       [0]    T1CKI_bit
0x0F82       [0]    T13CKI_bit
0x0F82       [0]    RX__bit
0x0F82       [0]    SCL_bit
0x0F82       [0]    CCP2_PORTC_bit
0x0F83       [0]    PSP4_bit
0x0F83       [0]    PSP5_bit
0x0F83       [0]    PSP3_bit
0x0F83       [0]    PSP1_bit
0x0F83       [0]    PSP2_bit
0x0F83       [0]    P1C_bit
0x0F83       [0]    P1D_bit
0x0F83       [0]    P1B_bit
0x0F83       [0]    PSP6_bit
0x0F83       [0]    PSP7_bit
0x0F83       [0]    PSP0_bit
0x0F83       [0]    RD4_bit
0x0F83       [0]    RD3_bit
0x0F83       [0]    RD5_bit
0x0F83       [0]    RD7_bit
0x0F83       [0]    RD6_bit
0x0F83       [0]    RD0_bit
0x0F83       [1]    PORTD
0x0F83       [0]    RD2_bit
0x0F83       [0]    RD1_bit
0x0F84       [0]    RD_bit
0x0F84       [1]    PORTE
0x0F84       [0]    WR_bit
0x0F84       [0]    VPP_bit
0x0F84       [0]    AN7_bit
0x0F84       [0]    AN6_bit
0x0F84       [0]    RE0_bit
0x0F84       [0]    RE3_bit
0x0F84       [0]    RE2_bit
0x0F84       [0]    RE1_bit
0x0F84       [0]    NOT_RD_bit
0x0F84       [0]    MCLR_bit
0x0F84       [0]    CS_bit
0x0F84       [0]    NOT_WR_bit
0x0F84       [0]    AN5_bit
0x0F84       [0]    NOT_MCLR_bit
0x0F84       [0]    NOT_CS_bit
0x0F89       [0]    LATA7_bit
0x0F89       [0]    LATA4_bit
0x0F89       [0]    LATA5_bit
0x0F89       [0]    LATA6_bit
0x0F89       [0]    LATA1_bit
0x0F89       [0]    LATA0_bit
0x0F89       [0]    LATA3_bit
0x0F89       [0]    LATA2_bit
0x0F89       [1]    LATA
0x0F8A       [0]    LATB5_bit
0x0F8A       [0]    LATB4_bit
0x0F8A       [0]    LATB7_bit
0x0F8A       [0]    LATB6_bit
0x0F8A       [0]    LATB1_bit
0x0F8A       [0]    LATB0_bit
0x0F8A       [1]    LATB
0x0F8A       [0]    LATB3_bit
0x0F8A       [0]    LATB2_bit
0x0F8B       [0]    LATC3_bit
0x0F8B       [0]    LATC6_bit
0x0F8B       [0]    LATC2_bit
0x0F8B       [0]    LATC7_bit
0x0F8B       [1]    LATC
0x0F8B       [0]    LATC0_bit
0x0F8B       [0]    LATC1_bit
0x0F8B       [0]    LATC5_bit
0x0F8B       [0]    LATC4_bit
0x0F8C       [0]    LATD1_bit
0x0F8C       [0]    LATD7_bit
0x0F8C       [1]    LATD
0x0F8C       [0]    LATD0_bit
0x0F8C       [0]    LATD3_bit
0x0F8C       [0]    LATD2_bit
0x0F8C       [0]    LATD5_bit
0x0F8C       [0]    LATD4_bit
0x0F8C       [0]    LATD6_bit
0x0F8D       [0]    LATE2_bit
0x0F8D       [1]    LATE
0x0F8D       [0]    LATE1_bit
0x0F8D       [0]    LATE0_bit
0x0F92       [0]    TRISA5_bit
0x0F92       [1]    TRISA
0x0F92       [0]    TRISA3_bit
0x0F92       [0]    TRISA4_bit
0x0F92       [0]    TRISA1_bit
0x0F92       [0]    TRISA6_bit
0x0F92       [0]    TRISA2_bit
0x0F92       [0]    TRISA0_bit
0x0F92       [0]    TRISA7_bit
0x0F93       [0]    TRISB4_bit
0x0F93       [0]    TRISB1_bit
0x0F93       [0]    TRISB3_bit
0x0F93       [0]    TRISB2_bit
0x0F93       [1]    TRISB
0x0F93       [0]    TRISB6_bit
0x0F93       [0]    TRISB0_bit
0x0F93       [0]    TRISB7_bit
0x0F93       [0]    TRISB5_bit
0x0F94       [0]    TRISC6_bit
0x0F94       [1]    TRISC
0x0F94       [0]    TRISC2_bit
0x0F94       [0]    TRISC1_bit
0x0F94       [0]    TRISC0_bit
0x0F94       [0]    TRISC5_bit
0x0F94       [0]    TRISC4_bit
0x0F94       [0]    TRISC3_bit
0x0F94       [0]    TRISC7_bit
0x0F95       [0]    TRISD4_bit
0x0F95       [0]    TRISD5_bit
0x0F95       [0]    TRISD6_bit
0x0F95       [1]    TRISD
0x0F95       [0]    TRISD1_bit
0x0F95       [0]    TRISD7_bit
0x0F95       [0]    TRISD0_bit
0x0F95       [0]    TRISD3_bit
0x0F95       [0]    TRISD2_bit
0x0F96       [0]    OBF_bit
0x0F96       [1]    TRISE
0x0F96       [0]    PSPMODE_bit
0x0F96       [0]    IBOV_bit
0x0F96       [0]    IBOV_TRISE_bit
0x0F96       [0]    PSPMODE_TRISE_bit
0x0F96       [0]    IBF_TRISE_bit
0x0F96       [0]    OBF_TRISE_bit
0x0F96       [0]    TRISE0_bit
0x0F96       [0]    IBF_bit
0x0F96       [0]    TRISE2_bit
0x0F96       [0]    TRISE1_bit
0x0F9B       [0]    TUN0_bit
0x0F9B       [0]    TUN3_bit
0x0F9B       [0]    TUN1_bit
0x0F9B       [0]    TUN2_bit
0x0F9B       [0]    TUN4_bit
0x0F9B       [1]    OSCTUNE
0x0F9B       [0]    INTSRC_bit
0x0F9B       [0]    PLLEN_bit
0x0F9D       [0]    TMR1IE_bit
0x0F9D       [0]    TMR2IE_bit
0x0F9D       [1]    PIE1
0x0F9D       [0]    SSPIE_bit
0x0F9D       [0]    TXIE_bit
0x0F9D       [0]    RCIE_bit
0x0F9D       [0]    CCP1IE_bit
0x0F9D       [0]    PSPIE_bit
0x0F9D       [0]    ADIE_bit
0x0F9E       [0]    ADIF_bit
0x0F9E       [0]    PSPIF_bit
0x0F9E       [1]    PIR1
0x0F9E       [0]    TMR2IF_bit
0x0F9E       [0]    TMR1IF_bit
0x0F9E       [0]    CCP1IF_bit
0x0F9E       [0]    TXIF_bit
0x0F9E       [0]    RCIF_bit
0x0F9E       [0]    SSPIF_bit
0x0F9F       [0]    TXIP_bit
0x0F9F       [0]    SSPIP_bit
0x0F9F       [0]    TMR1IP_bit
0x0F9F       [0]    TMR2IP_bit
0x0F9F       [0]    CCP1IP_bit
0x0F9F       [0]    PSPIP_bit
0x0F9F       [1]    IPR1
0x0F9F       [0]    ADIP_bit
0x0F9F       [0]    RCIP_bit
0x0FA0       [0]    LVDIE_bit
0x0FA0       [1]    PIE2
0x0FA0       [0]    HLVDIE_bit
0x0FA0       [0]    BCLIE_bit
0x0FA0       [0]    CMIE_bit
0x0FA0       [0]    EEIE_bit
0x0FA0       [0]    OSCFIE_bit
0x0FA0       [0]    CCP2IE_bit
0x0FA0       [0]    TMR3IE_bit
0x0FA1       [0]    LVDIF_bit
0x0FA1       [0]    HLVDIF_bit
0x0FA1       [0]    EEIF_bit
0x0FA1       [0]    BCLIF_bit
0x0FA1       [1]    PIR2
0x0FA1       [0]    CMIF_bit
0x0FA1       [0]    CCP2IF_bit
0x0FA1       [0]    TMR3IF_bit
0x0FA1       [0]    OSCFIF_bit
0x0FA2       [0]    CMIP_bit
0x0FA2       [1]    IPR2
0x0FA2       [0]    EEIP_bit
0x0FA2       [0]    BCLIP_bit
0x0FA2       [0]    LVDIP_bit
0x0FA2       [0]    HLVDIP_bit
0x0FA2       [0]    CCP2IP_bit
0x0FA2       [0]    TMR3IP_bit
0x0FA2       [0]    OSCFIP_bit
0x0FA6       [0]    EEPGD_bit
0x0FA6       [1]    EECON1
0x0FA6       [0]    CFGS_bit
0x0FA6       [0]    WR_EECON1_bit
0x0FA6       [0]    RD_EECON1_bit
0x0FA6       [0]    WREN_bit
0x0FA6       [0]    WRERR_bit
0x0FA6       [0]    FREE_bit
0x0FA7       [1]    EECON2
0x0FA8       [1]    EEDATA
0x0FA9       [1]    EEADR
0x0FAA       [1]    EEADRH
0x0FAB       [0]    SPEN_bit
0x0FAB       [0]    RX9_bit
0x0FAB       [0]    OERR_bit
0x0FAB       [0]    ADDEN_bit
0x0FAB       [0]    FERR_bit
0x0FAB       [0]    RX9D_bit
0x0FAB       [0]    SREN_bit
0x0FAB       [0]    CREN_bit
0x0FAB       [0]    ADEN_bit
0x0FAB       [1]    RCSTA
0x0FAC       [0]    TXEN_bit
0x0FAC       [0]    SYNC_bit
0x0FAC       [0]    CSRC_bit
0x0FAC       [0]    TX9_bit
0x0FAC       [0]    TRMT_bit
0x0FAC       [0]    TX9D_bit
0x0FAC       [0]    SENDB_bit
0x0FAC       [0]    BRGH_bit
0x0FAC       [1]    TXSTA
0x0FAD       [1]    TXREG
0x0FAE       [1]    RCREG
0x0FAF       [1]    SPBRG
0x0FB0       [1]    SPBRGH
0x0FB1       [0]    T3CCP1_bit
0x0FB1       [0]    T3CCP2_bit
0x0FB1       [1]    T3CON
0x0FB1       [0]    RD16_bit
0x0FB1       [0]    NOT_T3SYNC_bit
0x0FB1       [0]    T3SYNC_bit
0x0FB1       [0]    T3CKPS0_bit
0x0FB1       [0]    T3CKPS1_bit
0x0FB1       [0]    TMR3ON_bit
0x0FB1       [0]    TMR3CS_bit
0x0FB2       [1]    TMR3L
0x0FB3       [1]    TMR3H
0x0FB4       [0]    C2OUT_bit
0x0FB4       [1]    CMCON
0x0FB4       [0]    CM1_bit
0x0FB4       [0]    CIS_bit
0x0FB4       [0]    C2INV_bit
0x0FB4       [0]    C1OUT_bit
0x0FB4       [0]    C1INV_bit
0x0FB4       [0]    CM2_bit
0x0FB4       [0]    CM0_bit
0x0FB5       [0]    CVRSS_bit
0x0FB5       [0]    CVRR_bit
0x0FB5       [0]    CVR0_bit
0x0FB5       [0]    CVR1_bit
0x0FB5       [0]    CVR2_bit
0x0FB5       [1]    CVRCON
0x0FB5       [0]    CVROE_bit
0x0FB5       [0]    CVREN_bit
0x0FB5       [0]    CVR3_bit
0x0FB6       [0]    ECCPAS0_bit
0x0FB6       [0]    PSSAC1_bit
0x0FB6       [0]    ECCPAS1_bit
0x0FB6       [0]    ECCPASE_bit
0x0FB6       [0]    ECCPAS2_bit
0x0FB6       [0]    PSSBD0_bit
0x0FB6       [1]    ECCP1AS
0x0FB6       [0]    PSSAC0_bit
0x0FB6       [0]    PSSBD1_bit
0x0FB7       [0]    PDC1_bit
0x0FB7       [0]    PDC2_bit
0x0FB7       [1]    PWM1CON
0x0FB7       [0]    PDC0_bit
0x0FB7       [0]    PDC5_bit
0x0FB7       [0]    PRSEN_bit
0x0FB7       [0]    PDC6_bit
0x0FB7       [0]    PDC3_bit
0x0FB7       [0]    PDC4_bit
0x0FB8       [1]    BAUDCTL
0x0FB8       [0]    SCKP_bit
0x0FB8       [0]    BRG16_bit
0x0FB8       [1]    BAUDCON
0x0FB8       [0]    RCIDL_bit
0x0FB8       [0]    RXDTP_bit
0x0FB8       [0]    RCMT_bit
0x0FB8       [0]    WUE_bit
0x0FB8       [0]    ABDOVF_bit
0x0FB8       [0]    TXCKP_bit
0x0FB8       [0]    ABDEN_bit
0x0FBA       [0]    CCP2M2_bit
0x0FBA       [0]    CCP2M3_bit
0x0FBA       [1]    CCP2CON
0x0FBA       [0]    CCP2M0_bit
0x0FBA       [0]    CCP2M1_bit
0x0FBA       [0]    CCP2Y_bit
0x0FBA       [0]    DC2B0_bit
0x0FBA       [0]    CCP2X_bit
0x0FBA       [0]    DC2B1_bit
0x0FBB       [1]    CCPR2L
0x0FBB       [2]    CCPR2
0x0FBC       [1]    CCPR2H
0x0FBD       [1]    CCP1CON
0x0FBD       [0]    CCP1M0_bit
0x0FBD       [0]    DC1B1_bit
0x0FBD       [0]    DC1B0_bit
0x0FBD       [0]    CCP1X_bit
0x0FBD       [0]    CCP1M2_bit
0x0FBD       [0]    CCP1M1_bit
0x0FBD       [0]    CCP1M3_bit
0x0FBD       [0]    P1M1_bit
0x0FBD       [0]    CCP1Y_bit
0x0FBD       [0]    P1M0_bit
0x0FBE       [1]    CCPR1L
0x0FBE       [2]    CCPR1
0x0FBF       [1]    CCPR1H
0x0FC0       [0]    ACQT1_bit
0x0FC0       [0]    ADFM_bit
0x0FC0       [0]    ADCS0_bit
0x0FC0       [0]    ACQT0_bit
0x0FC0       [0]    ACQT2_bit
0x0FC0       [0]    ADCS2_bit
0x0FC0       [1]    ADCON2
0x0FC0       [0]    ADCS1_bit
0x0FC1       [0]    PCFG3_bit
0x0FC1       [0]    PCFG2_bit
0x0FC1       [0]    VCFG1_bit
0x0FC1       [0]    VCFG0_bit
0x0FC1       [1]    ADCON1
0x0FC1       [0]    PCFG0_bit
0x0FC1       [0]    PCFG1_bit
0x0FC2       [0]    GO_bit
0x0FC2       [0]    CHS0_bit
0x0FC2       [0]    CHS1_bit
0x0FC2       [0]    CHS3_bit
0x0FC2       [0]    CHS2_bit
0x0FC2       [0]    ADON_bit
0x0FC2       [0]    DONE_bit
0x0FC2       [1]    ADCON0
0x0FC2       [0]    GO_DONE_bit
0x0FC2       [0]    NOT_DONE_bit
0x0FC3       [1]    ADRESL
0x0FC3       [2]    ADRES
0x0FC4       [1]    ADRESH
0x0FC5       [0]    ACKDT_bit
0x0FC5       [0]    ACKEN_bit
0x0FC5       [0]    GCEN_bit
0x0FC5       [0]    ACKSTAT_bit
0x0FC5       [0]    RCEN_bit
0x0FC5       [0]    SEN_bit
0x0FC5       [1]    SSPCON2
0x0FC5       [0]    PEN_bit
0x0FC5       [0]    RSEN_bit
0x0FC6       [0]    SSPEN_bit
0x0FC6       [1]    SSPCON1
0x0FC6       [0]    SSPM2_bit
0x0FC6       [0]    SSPM1_bit
0x0FC6       [0]    SSPM0_bit
0x0FC6       [0]    SSPOV_bit
0x0FC6       [0]    WCOL_bit
0x0FC6       [0]    CKP_bit
0x0FC6       [0]    SSPM3_bit
0x0FC7       [0]    D_bit
0x0FC7       [0]    S_bit
0x0FC7       [0]    R_bit
0x0FC7       [0]    BF_bit
0x0FC7       [0]    UA_bit
0x0FC7       [1]    SSPSTAT
0x0FC7       [0]    P_bit
0x0FC7       [0]    NOT_ADDRESS_bit
0x0FC7       [0]    NOT_WRITE_bit
0x0FC7       [0]    NOT_A_bit
0x0FC7       [0]    R_W_bit
0x0FC7       [0]    NOT_W_bit
0x0FC7       [0]    D_A_bit
0x0FC7       [0]    CKE_bit
0x0FC7       [0]    SMP_bit
0x0FC8       [1]    SSPADD
0x0FC9       [1]    SSPBUF
0x0FCA       [0]    T2OUTPS2_bit
0x0FCA       [0]    T2OUTPS1_bit
0x0FCA       [0]    T2OUTPS3_bit
0x0FCA       [0]    T2CKPS0_bit
0x0FCA       [0]    T2OUTPS0_bit
0x0FCA       [0]    TMR2ON_bit
0x0FCA       [0]    T2CKPS1_bit
0x0FCA       [1]    T2CON
0x0FCB       [1]    PR2
0x0FCC       [1]    TMR2
0x0FCD       [0]    TMR1CS_bit
0x0FCD       [0]    T1SYNC_bit
0x0FCD       [0]    T1OSCEN_bit
0x0FCD       [0]    T1CKPS0_bit
0x0FCD       [1]    T1CON
0x0FCD       [0]    TMR1ON_bit
0x0FCD       [0]    T1CKPS1_bit
0x0FCD       [0]    T1RUN_bit
0x0FCD       [0]    NOT_T1SYNC_bit
0x0FCD       [0]    RD16_T1CON_bit
0x0FCE       [1]    TMR1L
0x0FCF       [1]    TMR1H
0x0FD0       [0]    NOT_POR_bit
0x0FD0       [0]    NOT_TO_bit
0x0FD0       [0]    SBOREN_bit
0x0FD0       [0]    PD_bit
0x0FD0       [0]    NOT_BOR_bit
0x0FD0       [0]    NOT_RI_bit
0x0FD0       [0]    IPEN_bit
0x0FD0       [0]    NOT_PD_bit
0x0FD0       [0]    TO__bit
0x0FD0       [0]    POR_bit
0x0FD0       [0]    RI_bit
0x0FD0       [0]    BOR_bit
0x0FD0       [1]    RCON
0x0FD1       [0]    SWDTE_bit
0x0FD1       [0]    SWDTEN_bit
0x0FD1       [1]    WDTCON
0x0FD2       [0]    LVDL2_bit
0x0FD2       [0]    LVDL0_bit
0x0FD2       [0]    HLVDEN_bit
0x0FD2       [0]    LVV3_bit
0x0FD2       [0]    VDIRMAG_bit
0x0FD2       [0]    LVDL1_bit
0x0FD2       [0]    HLVDL1_bit
0x0FD2       [0]    LVV2_bit
0x0FD2       [0]    HLVDL0_bit
0x0FD2       [0]    IVRST_bit
0x0FD2       [0]    BGST_bit
0x0FD2       [0]    LVDL3_bit
0x0FD2       [1]    LVDCON
0x0FD2       [0]    HLVDL2_bit
0x0FD2       [1]    HLVDCON
0x0FD2       [0]    HLVDL3_bit
0x0FD2       [0]    LVV0_bit
0x0FD2       [0]    LVDEN_bit
0x0FD2       [0]    IRVST_bit
0x0FD2       [0]    LVV1_bit
0x0FD3       [0]    SCS0_bit
0x0FD3       [0]    OSTS_bit
0x0FD3       [1]    OSCCON
0x0FD3       [0]    IOFS_bit
0x0FD3       [0]    IRCF2_bit
0x0FD3       [0]    IRCF0_bit
0x0FD3       [0]    SCS1_bit
0x0FD3       [0]    IDLEN_bit
0x0FD3       [0]    IRCF1_bit
0x0FD4       [1]    DEBUG
0x0FD5       [0]    T0PS2_bit
0x0FD5       [1]    T0CON
0x0FD5       [0]    PSA_bit
0x0FD5       [0]    TMR0ON_bit
0x0FD5       [0]    T0PS1_bit
0x0FD5       [0]    T0CS_bit
0x0FD5       [0]    T0PS0_bit
0x0FD5       [0]    T0SE_bit
0x0FD5       [0]    T016BIT_bit
0x0FD5       [0]    T08BIT_bit
0x0FD6       [1]    TMR0L
0x0FD7       [1]    TMR0H
0x0FD8       [1]    STATUS
0x0FD8       [0]    Z_bit
0x0FD8       [0]    OV_bit
0x0FD8       [0]    N_bit
0x0FD8       [0]    C_bit
0x0FD8       [0]    DC_bit
0x0FD9       [2]    FSR2PTR
0x0FD9       [1]    FSR2L
0x0FD9       [2]    FSR2
0x0FDA       [1]    FSR2H
0x0FDB       [1]    PLUSW2
0x0FDC       [1]    PREINC2
0x0FDD       [1]    POSTDEC2
0x0FDE       [1]    POSTINC2
0x0FDF       [1]    INDF2
0x0FE0       [1]    BSR
0x0FE1       [2]    FSR1
0x0FE1       [2]    FSR1PTR
0x0FE1       [1]    FSR1L
0x0FE2       [1]    FSR1H
0x0FE3       [1]    PLUSW1
0x0FE4       [1]    PREINC1
0x0FE5       [1]    POSTDEC1
0x0FE6       [1]    POSTINC1
0x0FE7       [1]    INDF1
0x0FE8       [1]    WREG
0x0FE9       [2]    FSR0
0x0FE9       [1]    FSR0L
0x0FE9       [2]    FSR0PTR
0x0FEA       [1]    FSR0H
0x0FEB       [1]    PLUSW0
0x0FEC       [1]    PREINC0
0x0FED       [1]    POSTDEC0
0x0FEE       [1]    POSTINC0
0x0FEF       [1]    INDF0
0x0FF0       [0]    INT2IP_bit
0x0FF0       [0]    INT1E_bit
0x0FF0       [0]    INT2E_bit
0x0FF0       [0]    INT2IE_bit
0x0FF0       [0]    INT2P_bit
0x0FF0       [0]    INT1IP_bit
0x0FF0       [0]    INT1P_bit
0x0FF0       [1]    INTCON3
0x0FF0       [0]    INT1F_bit
0x0FF0       [0]    INT2IF_bit
0x0FF0       [0]    INT1IF_bit
0x0FF0       [0]    INT1IE_bit
0x0FF0       [0]    INT2F_bit
0x0FF1       [0]    RBPU_bit
0x0FF1       [0]    NOT_RBPU_bit
0x0FF1       [0]    TMR0IP_bit
0x0FF1       [0]    INTEDG2_bit
0x0FF1       [0]    INTEDG1_bit
0x0FF1       [0]    INTEDG0_bit
0x0FF1       [1]    INTCON2
0x0FF1       [0]    RBIP_bit
0x0FF2       [0]    GIEH_bit
0x0FF2       [0]    GIEL_bit
0x0FF2       [0]    T0IE_bit
0x0FF2       [0]    PEIE_bit
0x0FF2       [0]    INT0IE_bit
0x0FF2       [0]    RBIE_bit
0x0FF2       [0]    INT0IF_bit
0x0FF2       [0]    INT0F_bit
0x0FF2       [0]    INT0E_bit
0x0FF2       [0]    TMR0IE_bit
0x0FF2       [0]    GIE_bit
0x0FF2       [0]    TMR0IF_bit
0x0FF2       [0]    RBIF_bit
0x0FF2       [0]    T0IF_bit
0x0FF2       [1]    INTCON
0x0FF3       [1]    PRODL
0x0FF3       [2]    PROD
0x0FF4       [1]    PRODH
0x0FF5       [1]    TABLAT
0x0FF6       [1]    TBLPTRL
0x0FF6       [3]    TBLPTR
0x0FF7       [1]    TBLPTRH
0x0FF8       [0]    TBLPTRU2_bit
0x0FF8       [0]    TBLPTRU3_bit
0x0FF8       [0]    TBLPTRU0_bit
0x0FF8       [0]    ACSS_bit
0x0FF8       [0]    TBLPTRU1_bit
0x0FF8       [1]    TBLPTRU
0x0FF8       [0]    TBLPTRU4_bit
0x0FF9       [1]    PC
0x0FF9       [1]    PCL
0x0FFA       [1]    PCLATH
0x0FFB       [0]    PCU2_bit
0x0FFB       [0]    PCU0_bit
0x0FFB       [0]    PCU1_bit
0x0FFB       [0]    PCU4_bit
0x0FFB       [0]    PCU3_bit
0x0FFB       [1]    PCLATU
0x0FFC       [0]    STKPTR4_bit
0x0FFC       [0]    STKFUL_bit
0x0FFC       [1]    STKPTR
0x0FFC       [0]    STKPTR0_bit
0x0FFC       [0]    STKPTR1_bit
0x0FFC       [0]    STKPTR2_bit
0x0FFC       [0]    STKPTR3_bit
0x0FFC       [0]    SP0_bit
0x0FFC       [0]    STKOVF_bit
0x0FFC       [0]    STKUNF_bit
0x0FFC       [0]    SP1_bit
0x0FFC       [0]    SP4_bit
0x0FFC       [0]    SP3_bit
0x0FFC       [0]    SP2_bit
0x0FFD       [1]    TOSL
0x0FFD       [1]    TOS
0x0FFE       [1]    TOSH
0x0FFF       [1]    TOSU
//** Label List: ** 
//----------------------------------------------
  L_main0
  L_main1
  L_main2
  L_main3
  _main
  L_ADC_Read0
  L_ADC_Read1
  _ADC_Read
  L_Delay_10us0
  L_Delay_22us1
  L_Delay_50us2
  L_Delay_80us3
  L_Delay_500us4
  L_Delay_5500us5
  L_Delay_8ms6
  L_Delay_100ms7
  L_Delay_10ms8
  L_Delay_1sec9
  L____Boot_Delay4k10
  L____Boot_Delay8k11
  L____Boot_Delay12k12
  L____Boot_Delay16k13
  L____Boot_Delay24k14
  L____Boot_Delay32k15
  L____Boot_Delay48k16
  L____Boot_Delay64k17
  L____Boot_Delay128k18
  L_Delay_Cyc19
  L_Delay_Cyc20
  L_VDelay_ms21
  L_VDelay_ms22
  L_VDelay_ms23
  L_VDelay_Advanced_ms24
  L_VDelay_Advanced_ms25
  L_VDelay_Advanced_ms26
  _Get_Fosc_kHz
  _Delay_1us
  _Delay_10us
  _Delay_22us
  _Delay_50us
  _Delay_80us
  _Delay_500us
  _Delay_5500us
  _Delay_8ms
  _Delay_100ms
  _Delay_10ms
  _Delay_1sec
  ____Boot_Delay4k
  ____Boot_Delay8k
  ____Boot_Delay12k
  ____Boot_Delay16k
  ____Boot_Delay24k
  ____Boot_Delay32k
  ____Boot_Delay48k
  ____Boot_Delay64k
  ____Boot_Delay128k
  _Delay_Cyc
  _VDelay_ms
  L__VDelay_ms27
  L__VDelay_ms28
  L__VDelay_ms29
  _VDelay_Advanced_ms
  L__VDelay_Advanced_ms30
  L__VDelay_Advanced_ms31
  L__VDelay_Advanced_ms32
  SETFOV32EEE
  SETFUN32EEE
  NRMRND4032
  NRM40JPSETFOV32
  NRM4032
  NRM4032A
  TNIB4032
  NORM4032
  TNORMUN4032
  NRM40JPSETFUN32
  NRM40JPFIXSIGN32
  NRM4032B
  TNIB4032A
  NORM4032A
  NRM4032C
  TNIB4032B
  NORM4032B
  NRM40JPRES032
  TNIB4032C
  NORM4032C
  NRM40EEE
  NORM3232
  JPNRES032
  JPNSETFUN32
  NORM3232A
  JMPNFIXSIGN32
  NORM32EEE
  SETIOV3224EEE
  FPA32
  USEA32
  USEB32
  BRETURN32
  BLIGNED32
  BNIB32
  BNIB32A
  BNIB32B
  BNIB32C
  ADDEOK
  BLOOP32C
  BLOOP32B
  BLOOP32A
  BLOOP32
  AOK32
  BNE032
  ALIGNED32
  ANIB32
  ANIB32A
  ANIB32B
  ANIB32C
  ALOOP32C
  ALOOP32B
  ALOOP32A
  ALOOP32
  ACOMP32
  ADDJPNRMRND4032
  ADDJPSETFOV32
  ADDJPNRM4032
  ADDEEE
  FPS32
  FPM32
  MULJPRES032
  M32BNE0
  MTUN32
  MULJPSETFOV32
  MOK32
  MULJPSETFUN32
  MROUND32
  MUL32OK
  MULEEE
  L_Div_32x32_FP11
  L_Div_32x32_FP12
  L_Div_32x32_FP13
  L_Div_32x32_FP14
  FPD32
  JPDSETFDZ32
  JPDRES032
  D32BNE0
  TALIGN32
  TS1ALIGN32
  TS2ALIGN32
  DALIGN32OK
  ALTB32
  AGEB32
  JPDSETFOV32
  DARGOK32
  JPDSETFUN32
  DLOOP32
  DS132
  DS232
  DREST32
  DOK32
  DAREST32
  DROUND32
  DIV32OK
  DIV32EEE
  INT3232U
  INT3232UEOK
  SETEXP32U
  SETIOV32U
  TSHIFT3232U
  SHIFT3232UOK
  SHIFT3232U
  INT3232UOK
  JPLSETIOV3224
  IRES032U
  INT3232UEER
  INT3232UEEE
  INT3232
  INT3232EOK
  SETIOV32
  TSHIFT3232
  SHIFT3232OK
  SHIFT3232
  INT3232OK
  JPISETIOV3224
  IRES032
  INT3232EER
  INT3232EEE
  INT3216
  IRES016
  SETIOV16
  TSHIFT3216
  SHIFT3216OK
  SHIFT3216
  INT3216OK
  JPJSETIOV3224
  INT3216EOK
  INT3216EER
  INT3216EEE
  INT3216U
  IRES016U
  SETEXP16U
  SETIOV16U
  TSHIFT3216U
  SHIFT3216UOK
  SHIFT3216U
  INT3216UOK
  JPKSETIOV3224
  INT3216UEOK
  INT3216UEER
  INT3216UEEE
  INT32U08
  IRES008
  SETEXP08
  SETIOV08
  TSHIFT3208
  SHIFT3208OK
  SHIFT3208
  INT3208OK
  D2B_JPKSETIOV3224
  INT3208EOK
  INT3208EER
  INT3208EEE
  FLO08U32
  FLO1632
  FLO1632EEE
  FLO16U32
  FLO3232
  FLO3232EEE
  FLO32U32
  EQU_FALSE
  COMPARE_EQU
  COMPARE_NOTZERO
  COMPARE_XNOTZERO
  COMPARE_YNOTZERO
  COMPARE_LT
  COMPARE_GT
  COMPARE_TESTALL
  COMPARE_C1
  GT_FALSE
  GT_TRUE
  COMPARE_C2
  COMPARE_C3
  _SETFOV32
  _SETFDZ32
  _FIXSIGN32
  _RES032
  _SETFUN32
  _NRM4032
  _NRM3232
  _SETIOV3224
  _Add_32x32_FP
  _Sub_32x32_FP
  _Mul_32x32_FP
  _Div_32x32_FP
  _Double2Longword
  _Double2Longint
  _Double2Int
  _Double2Word
  _Double2Byte
  _Byte2Double
  _Int2Double
  _Word2Double
  _Longint2Double
  _Longword2Double
  _Equals_Double
  _Compare_Double
  _CC2D_Loop1
  _CC2DL_Loop1
  L_longjmp2
  ___CC2D
  ___CC2DW
  _____DoIFC
  _Swap
  _setjmp
  _longjmp
