;  LST file generated by mikroListExporter - v.2.0 
; Date/Time: 17/08/2016 19:22:47
;----------------------------------------------

;Address Opcode 	ASM
0x0000	0xF000EF37  	GOTO        110
0x0004	0x0000      	NOP
0x0006	0x0000      	NOP
0x0008	0xF000EF00  	GOTO        0
0x000C	0x0000      	NOP
0x000E	0x0000      	NOP
0x0010	0x0000      	NOP
0x0012	0x0000      	NOP
0x0014	0x0000      	NOP
0x0016	0x0000      	NOP
0x0018	0xD7F3      	BRA         0
_Delay_22us:
;__Lib_Delays.c,15 :: 		void Delay_22us() {
;__Lib_Delays.c,16 :: 		Delay_us(22);
0x001C	0x0E0E      	MOVLW       14
0x001E	0x6E0D      	MOVWF       R13, 0
L_Delay_22us1:
0x0020	0x2E0D      	DECFSZ      R13, 1, 0
0x0022	0xD7FE      	BRA         L_Delay_22us1
0x0024	0x0000      	NOP
;__Lib_Delays.c,17 :: 		}
0x0026	0x0012      	RETURN      0
; end of _Delay_22us
___CC2DW:
;__Lib_System.c,21 :: 		
;__Lib_System.c,23 :: 		
_CC2DL_Loop1:
;__Lib_System.c,24 :: 		
0x0028	0x0009      	TBLRD*+
;__Lib_System.c,25 :: 		
0x002A	0xFFE6CFF5  	MOVFF       TABLAT, POSTINC1
;__Lib_System.c,26 :: 		
0x002E	0x0600      	DECF        R0, 1, 0
;__Lib_System.c,27 :: 		
0x0030	0xE1FB      	BNZ         _CC2DL_Loop1
;__Lib_System.c,28 :: 		
0x0032	0x0601      	DECF        R1, 1, 0
;__Lib_System.c,29 :: 		
0x0034	0xE1F9      	BNZ         _CC2DL_Loop1
;__Lib_System.c,31 :: 		
0x0036	0x0012      	RETURN      0
; end of ___CC2DW
_ADC_Read:
;__Lib_ADC_A_D.c,2 :: 		
;__Lib_ADC_A_D.c,5 :: 		
0x0038	0x6AC2      	CLRF        ADCON0 
;__Lib_ADC_A_D.c,6 :: 		
0x003A	0x0E07      	MOVLW       7
0x003C	0x12C0      	IORWF       ADCON2, 1 
;__Lib_ADC_A_D.c,7 :: 		
0x003E	0x8EC0      	BSF         ADCON2, 7 
;__Lib_ADC_A_D.c,8 :: 		
0x0040	0xF000C017  	MOVFF       FARG_ADC_Read_channel, R0
0x0044	0x3600      	RLCF        R0, 1 
0x0046	0x9000      	BCF         R0, 0 
0x0048	0x3600      	RLCF        R0, 1 
0x004A	0x9000      	BCF         R0, 0 
0x004C	0x5000      	MOVF        R0, 0 
0x004E	0x12C2      	IORWF       ADCON0, 1 
;__Lib_ADC_A_D.c,9 :: 		
0x0050	0x80C2      	BSF         ADCON0, 0 
;__Lib_ADC_A_D.c,10 :: 		
0x0052	0xDFE4      	RCALL       _Delay_22us
;__Lib_ADC_A_D.c,11 :: 		
0x0054	0x82C2      	BSF         ADCON0, 1 
;__Lib_ADC_A_D.c,12 :: 		
L_ADC_Read0:
0x0056	0xA2C2      	BTFSS       ADCON0, 1 
0x0058	0xD001      	BRA         L_ADC_Read1
0x005A	0xD7FD      	BRA         L_ADC_Read0
L_ADC_Read1:
;__Lib_ADC_A_D.c,13 :: 		
0x005C	0xF001CFC4  	MOVFF       ADRESH, R1
0x0060	0x6A00      	CLRF        R0 
;__Lib_ADC_A_D.c,14 :: 		
0x0062	0x50C3      	MOVF        ADRESL, 0 
0x0064	0x1200      	IORWF       R0, 1 
0x0066	0x0E00      	MOVLW       0
0x0068	0x1201      	IORWF       R1, 1 
;__Lib_ADC_A_D.c,15 :: 		
0x006A	0x90C2      	BCF         ADCON0, 0 
;__Lib_ADC_A_D.c,17 :: 		
;__Lib_ADC_A_D.c,18 :: 		
0x006C	0x0012      	RETURN      0
; end of _ADC_Read
_main:
;Projeto.c,1 :: 		void main() {
;Projeto.c,3 :: 		TRISD = 0;
0x006E	0x6A95      	CLRF        TRISD 
;Projeto.c,4 :: 		while(1){
L_main0:
;Projeto.c,5 :: 		A_D = ADC_Read(0);
0x0070	0x6A17      	CLRF        FARG_ADC_Read_channel 
0x0072	0xDFE2      	RCALL       _ADC_Read
0x0074	0xF015C000  	MOVFF       R0, main_A_D_L0
0x0078	0xF016C001  	MOVFF       R1, main_A_D_L0+1
;Projeto.c,7 :: 		if(A_D <= 128){
0x007C	0x0E00      	MOVLW       0
0x007E	0x6E02      	MOVWF       R2 
0x0080	0x5001      	MOVF        R1, 0 
0x0082	0x5C02      	SUBWF       R2, 0 
0x0084	0xE102      	BNZ         L__main18
0x0086	0x5000      	MOVF        R0, 0 
0x0088	0x0880      	SUBLW       128
L__main18:
0x008A	0xE302      	BNC         L_main2
;Projeto.c,8 :: 		PORTD = 0x00;
0x008C	0x6A83      	CLRF        PORTD 
;Projeto.c,9 :: 		} else if(A_D <= 128*2){
0x008E	0xD041      	BRA         L_main3
L_main2:
0x0090	0x5016      	MOVF        main_A_D_L0+1, 0 
0x0092	0x0801      	SUBLW       1
0x0094	0xE102      	BNZ         L__main19
0x0096	0x5015      	MOVF        main_A_D_L0, 0 
0x0098	0x0800      	SUBLW       0
L__main19:
0x009A	0xE303      	BNC         L_main4
;Projeto.c,10 :: 		PORTD = 0x01;
0x009C	0x0E01      	MOVLW       1
0x009E	0x6E83      	MOVWF       PORTD 
;Projeto.c,11 :: 		} else if(A_D <= 128*3){
0x00A0	0xD038      	BRA         L_main5
L_main4:
0x00A2	0x5016      	MOVF        main_A_D_L0+1, 0 
0x00A4	0x0801      	SUBLW       1
0x00A6	0xE102      	BNZ         L__main20
0x00A8	0x5015      	MOVF        main_A_D_L0, 0 
0x00AA	0x0880      	SUBLW       128
L__main20:
0x00AC	0xE303      	BNC         L_main6
;Projeto.c,12 :: 		PORTD = 0x03;
0x00AE	0x0E03      	MOVLW       3
0x00B0	0x6E83      	MOVWF       PORTD 
;Projeto.c,13 :: 		} else if(A_D <= 128*4){
0x00B2	0xD02F      	BRA         L_main7
L_main6:
0x00B4	0x5016      	MOVF        main_A_D_L0+1, 0 
0x00B6	0x0802      	SUBLW       2
0x00B8	0xE102      	BNZ         L__main21
0x00BA	0x5015      	MOVF        main_A_D_L0, 0 
0x00BC	0x0800      	SUBLW       0
L__main21:
0x00BE	0xE303      	BNC         L_main8
;Projeto.c,14 :: 		PORTD = 0x07;
0x00C0	0x0E07      	MOVLW       7
0x00C2	0x6E83      	MOVWF       PORTD 
;Projeto.c,15 :: 		} else if(A_D <= 128*5){
0x00C4	0xD026      	BRA         L_main9
L_main8:
0x00C6	0x5016      	MOVF        main_A_D_L0+1, 0 
0x00C8	0x0802      	SUBLW       2
0x00CA	0xE102      	BNZ         L__main22
0x00CC	0x5015      	MOVF        main_A_D_L0, 0 
0x00CE	0x0880      	SUBLW       128
L__main22:
0x00D0	0xE303      	BNC         L_main10
;Projeto.c,16 :: 		PORTD = 0x0F;
0x00D2	0x0E0F      	MOVLW       15
0x00D4	0x6E83      	MOVWF       PORTD 
;Projeto.c,17 :: 		} else if(A_D <= 128*6){
0x00D6	0xD01D      	BRA         L_main11
L_main10:
0x00D8	0x5016      	MOVF        main_A_D_L0+1, 0 
0x00DA	0x0803      	SUBLW       3
0x00DC	0xE102      	BNZ         L__main23
0x00DE	0x5015      	MOVF        main_A_D_L0, 0 
0x00E0	0x0800      	SUBLW       0
L__main23:
0x00E2	0xE303      	BNC         L_main12
;Projeto.c,18 :: 		PORTD = 0x1F;
0x00E4	0x0E1F      	MOVLW       31
0x00E6	0x6E83      	MOVWF       PORTD 
;Projeto.c,19 :: 		} else if(A_D <= 128*7){
0x00E8	0xD014      	BRA         L_main13
L_main12:
0x00EA	0x5016      	MOVF        main_A_D_L0+1, 0 
0x00EC	0x0803      	SUBLW       3
0x00EE	0xE102      	BNZ         L__main24
0x00F0	0x5015      	MOVF        main_A_D_L0, 0 
0x00F2	0x0880      	SUBLW       128
L__main24:
0x00F4	0xE303      	BNC         L_main14
;Projeto.c,20 :: 		PORTD = 0x3F;
0x00F6	0x0E3F      	MOVLW       63
0x00F8	0x6E83      	MOVWF       PORTD 
;Projeto.c,21 :: 		} else if(A_D <= 128*8){
0x00FA	0xD00B      	BRA         L_main15
L_main14:
0x00FC	0x5016      	MOVF        main_A_D_L0+1, 0 
0x00FE	0x0804      	SUBLW       4
0x0100	0xE102      	BNZ         L__main25
0x0102	0x5015      	MOVF        main_A_D_L0, 0 
0x0104	0x0800      	SUBLW       0
L__main25:
0x0106	0xE303      	BNC         L_main16
;Projeto.c,22 :: 		PORTD = 0x7F;
0x0108	0x0E7F      	MOVLW       127
0x010A	0x6E83      	MOVWF       PORTD 
;Projeto.c,23 :: 		} else {
0x010C	0xD002      	BRA         L_main17
L_main16:
;Projeto.c,24 :: 		PORTD = 0xFF;
0x010E	0x0EFF      	MOVLW       255
0x0110	0x6E83      	MOVWF       PORTD 
;Projeto.c,25 :: 		}
L_main17:
L_main15:
L_main13:
L_main11:
L_main9:
L_main7:
L_main5:
L_main3:
;Projeto.c,27 :: 		}
0x0112	0xD7AE      	BRA         L_main0
;Projeto.c,29 :: 		}
0x0114	0xD7FF      	BRA         $+0
; end of _main
Symbol List:
//** Routines locations **
//ADDRESS    SIZE    PROCEDURE
//----------------------------------------------
0x001C      [12]    _Delay_22us
0x0028      [16]    ___CC2DW
0x0038      [54]    _ADC_Read
0x006E     [168]    _main
//** Variables locations ** 
//ADDRESS    SIZE    VARIABLE
//----------------------------------------------
0x0000       [1]    __Lib_SoftI2C_PutZerosToLATScl_temp_scl_L0
0x0000       [1]    R0
0x0000       [1]    __Lib_SoftI2C_PutZerosToLATSda_temp_sda_L0
0x0000       [1]    UART1_Init_tmp_L0
0x0000       [1]    SPI1_Write_tmp_L0
0x0000       [1]    FLASH_Erase_64_SaveINTCON_L0
0x0000       [1]    EEPROM_Write_SaveINTCON_L0
0x0001       [1]    I2C1_Rd_tmp_L0
0x0001       [1]    __Lib_PS2_Wait_Falling_nsample_L0
0x0001       [1]    FLASH_Erase_Write_64_i_L0
0x0001       [1]    FLASH_Write_64_i_L0
0x0001       [1]    R1
0x0001       [2]    FLASH_Read_N_Bytes_i_L0
0x0001       [1]    ispunct_rslt_L0
0x0002       [2]    memchr_s_L0
0x0002       [2]    memset_pp_L0
0x0002       [1]    FLASH_Write_64_SaveINTCON_L0
0x0002       [2]    strlen_cp_L0
0x0002       [2]    memcpy_dd_L0
0x0002       [1]    FLASH_Erase_Write_64_j_L0
0x0002       [1]    R2
0x0003       [1]    FLASH_Erase_Write_64_SaveINTCON_L0
0x0003       [1]    R3
0x0003       [2]    memmove_tt_L0
0x0004       [2]    strncpy_cp_L0
0x0004       [2]    strcat_cp_L0
0x0004       [2]    strcpy_cp_L0
0x0004       [2]    strncat_cp_L0
0x0004       [1]    R4
0x0004       [2]    frexp_pom_L0
0x0004       [2]    memcpy_ss_L0
0x0005       [1]    R5
0x0005       [2]    memmove_ff_L0
0x0006       [1]    R6
0x0007       [1]    R7
0x0008       [1]    R8
0x0009       [1]    R9
0x000A       [1]    R10
0x000B       [1]    R11
0x000C       [1]    R12
0x000D       [1]    R13
0x000E       [1]    R14
0x000F       [1]    R15
0x0010       [1]    R16
0x0011       [1]    R17
0x0012       [1]    R18
0x0013       [1]    R19
0x0014       [1]    R20
0x0015       [2]    main_A_D_L0
0x0017       [1]    FARG_ADC_Read_channel
0x0F80       [0]    RA5_bit
0x0F80       [0]    RA6_bit
0x0F80       [0]    RA0_bit
0x0F80       [0]    RA4_bit
0x0F80       [1]    PORTA
0x0F80       [0]    LVDIN_bit
0x0F80       [0]    HLVDIN_bit
0x0F80       [0]    RA7_bit
0x0F80       [0]    T0CKI_bit
0x0F80       [0]    RA1_bit
0x0F80       [0]    RA2_bit
0x0F80       [0]    AN4_bit
0x0F80       [0]    SS_bit
0x0F80       [0]    RA3_bit
0x0F80       [0]    NOT_SS_bit
0x0F81       [0]    INT0_bit
0x0F81       [0]    PGM_bit
0x0F81       [0]    PGC_bit
0x0F81       [0]    KBI2_bit
0x0F81       [0]    INT1_bit
0x0F81       [0]    INT2_bit
0x0F81       [0]    KBI1_bit
0x0F81       [0]    RB7_bit
0x0F81       [0]    RB6_bit
0x0F81       [0]    PGD_bit
0x0F81       [1]    PORTB
0x0F81       [0]    KBI3_bit
0x0F81       [0]    CCP2_PORTB_bit
0x0F81       [0]    AN10_bit
0x0F81       [0]    KBI0_bit
0x0F81       [0]    AN8_bit
0x0F81       [0]    AN12_bit
0x0F81       [0]    AN11_bit
0x0F81       [0]    RB2_bit
0x0F81       [0]    RB0_bit
0x0F81       [0]    RB1_bit
0x0F81       [0]    RB3_bit
0x0F81       [0]    RB5_bit
0x0F81       [0]    RB4_bit
0x0F81       [0]    AN9_bit
0x0F82       [0]    SCK_bit
0x0F82       [0]    SDO_bit
0x0F82       [0]    T1OSI_bit
0x0F82       [0]    T1OSO_bit
0x0F82       [0]    CCP1_bit
0x0F82       [0]    SDI_bit
0x0F82       [1]    PORTC
0x0F82       [0]    RX__bit
0x0F82       [0]    RC3_bit
0x0F82       [0]    RC4_bit
0x0F82       [0]    T1CKI_bit
0x0F82       [0]    RC0_bit
0x0F82       [0]    RC1_bit
0x0F82       [0]    RC2_bit
0x0F82       [0]    RC5_bit
0x0F82       [0]    CCP2_PORTC_bit
0x0F82       [0]    SCL_bit
0x0F82       [0]    SDA_bit
0x0F82       [0]    CK_bit
0x0F82       [0]    T13CKI_bit
0x0F82       [0]    RC6_bit
0x0F82       [0]    RC7_bit
0x0F82       [0]    TX_bit
0x0F83       [0]    RD6_bit
0x0F83       [0]    RD2_bit
0x0F83       [0]    PSP4_bit
0x0F83       [0]    P1D_bit
0x0F83       [0]    PSP6_bit
0x0F83       [0]    PSP5_bit
0x0F83       [0]    PSP1_bit
0x0F83       [0]    RD3_bit
0x0F83       [0]    PSP7_bit
0x0F83       [0]    RD5_bit
0x0F83       [0]    P1B_bit
0x0F83       [0]    PSP0_bit
0x0F83       [0]    PSP3_bit
0x0F83       [0]    P1C_bit
0x0F83       [0]    RD4_bit
0x0F83       [0]    RD0_bit
0x0F83       [1]    PORTD
0x0F83       [0]    RD7_bit
0x0F83       [0]    RD1_bit
0x0F83       [0]    PSP2_bit
0x0F84       [0]    NOT_WR_bit
0x0F84       [0]    RE1_bit
0x0F84       [0]    CS_bit
0x0F84       [0]    AN7_bit
0x0F84       [0]    RE2_bit
0x0F84       [0]    RE3_bit
0x0F84       [0]    NOT_CS_bit
0x0F84       [0]    AN5_bit
0x0F84       [0]    WR_bit
0x0F84       [0]    AN6_bit
0x0F84       [0]    NOT_MCLR_bit
0x0F84       [1]    PORTE
0x0F84       [0]    RE0_bit
0x0F84       [0]    VPP_bit
0x0F84       [0]    RD_bit
0x0F84       [0]    MCLR_bit
0x0F84       [0]    NOT_RD_bit
0x0F89       [0]    LATA5_bit
0x0F89       [0]    LATA4_bit
0x0F89       [0]    LATA6_bit
0x0F89       [1]    LATA
0x0F89       [0]    LATA2_bit
0x0F89       [0]    LATA1_bit
0x0F89       [0]    LATA7_bit
0x0F89       [0]    LATA0_bit
0x0F89       [0]    LATA3_bit
0x0F8A       [0]    LATB6_bit
0x0F8A       [0]    LATB5_bit
0x0F8A       [1]    LATB
0x0F8A       [0]    LATB7_bit
0x0F8A       [0]    LATB4_bit
0x0F8A       [0]    LATB1_bit
0x0F8A       [0]    LATB0_bit
0x0F8A       [0]    LATB3_bit
0x0F8A       [0]    LATB2_bit
0x0F8B       [0]    LATC3_bit
0x0F8B       [0]    LATC6_bit
0x0F8B       [0]    LATC4_bit
0x0F8B       [0]    LATC5_bit
0x0F8B       [0]    LATC7_bit
0x0F8B       [0]    LATC0_bit
0x0F8B       [1]    LATC
0x0F8B       [0]    LATC2_bit
0x0F8B       [0]    LATC1_bit
0x0F8C       [0]    LATD3_bit
0x0F8C       [0]    LATD5_bit
0x0F8C       [0]    LATD4_bit
0x0F8C       [0]    LATD7_bit
0x0F8C       [0]    LATD2_bit
0x0F8C       [1]    LATD
0x0F8C       [0]    LATD6_bit
0x0F8C       [0]    LATD1_bit
0x0F8C       [0]    LATD0_bit
0x0F8D       [0]    LATE2_bit
0x0F8D       [1]    LATE
0x0F8D       [0]    LATE1_bit
0x0F8D       [0]    LATE0_bit
0x0F92       [0]    TRISA0_bit
0x0F92       [0]    TRISA1_bit
0x0F92       [0]    TRISA6_bit
0x0F92       [1]    TRISA
0x0F92       [0]    TRISA7_bit
0x0F92       [0]    TRISA5_bit
0x0F92       [0]    TRISA3_bit
0x0F92       [0]    TRISA2_bit
0x0F92       [0]    TRISA4_bit
0x0F93       [0]    TRISB3_bit
0x0F93       [0]    TRISB0_bit
0x0F93       [0]    TRISB1_bit
0x0F93       [0]    TRISB2_bit
0x0F93       [0]    TRISB6_bit
0x0F93       [0]    TRISB7_bit
0x0F93       [0]    TRISB4_bit
0x0F93       [0]    TRISB5_bit
0x0F93       [1]    TRISB
0x0F94       [1]    TRISC
0x0F94       [0]    TRISC1_bit
0x0F94       [0]    TRISC6_bit
0x0F94       [0]    TRISC2_bit
0x0F94       [0]    TRISC4_bit
0x0F94       [0]    TRISC3_bit
0x0F94       [0]    TRISC0_bit
0x0F94       [0]    TRISC7_bit
0x0F94       [0]    TRISC5_bit
0x0F95       [0]    TRISD1_bit
0x0F95       [0]    TRISD3_bit
0x0F95       [0]    TRISD2_bit
0x0F95       [0]    TRISD7_bit
0x0F95       [0]    TRISD0_bit
0x0F95       [1]    TRISD
0x0F95       [0]    TRISD6_bit
0x0F95       [0]    TRISD4_bit
0x0F95       [0]    TRISD5_bit
0x0F96       [0]    PSPMODE_bit
0x0F96       [0]    TRISE0_bit
0x0F96       [0]    IBF_bit
0x0F96       [1]    TRISE
0x0F96       [0]    OBF_bit
0x0F96       [0]    PSPMODE_TRISE_bit
0x0F96       [0]    TRISE2_bit
0x0F96       [0]    IBOV_bit
0x0F96       [0]    IBF_TRISE_bit
0x0F96       [0]    OBF_TRISE_bit
0x0F96       [0]    IBOV_TRISE_bit
0x0F96       [0]    TRISE1_bit
0x0F9B       [0]    PLLEN_bit
0x0F9B       [0]    INTSRC_bit
0x0F9B       [1]    OSCTUNE
0x0F9B       [0]    TUN2_bit
0x0F9B       [0]    TUN3_bit
0x0F9B       [0]    TUN0_bit
0x0F9B       [0]    TUN4_bit
0x0F9B       [0]    TUN1_bit
0x0F9D       [0]    ADIE_bit
0x0F9D       [0]    SSPIE_bit
0x0F9D       [0]    CCP1IE_bit
0x0F9D       [0]    TMR1IE_bit
0x0F9D       [0]    TMR2IE_bit
0x0F9D       [0]    PSPIE_bit
0x0F9D       [0]    TXIE_bit
0x0F9D       [0]    RCIE_bit
0x0F9D       [1]    PIE1
0x0F9E       [1]    PIR1
0x0F9E       [0]    TMR1IF_bit
0x0F9E       [0]    ADIF_bit
0x0F9E       [0]    CCP1IF_bit
0x0F9E       [0]    PSPIF_bit
0x0F9E       [0]    SSPIF_bit
0x0F9E       [0]    RCIF_bit
0x0F9E       [0]    TMR2IF_bit
0x0F9E       [0]    TXIF_bit
0x0F9F       [0]    RCIP_bit
0x0F9F       [1]    IPR1
0x0F9F       [0]    TXIP_bit
0x0F9F       [0]    SSPIP_bit
0x0F9F       [0]    TMR2IP_bit
0x0F9F       [0]    TMR1IP_bit
0x0F9F       [0]    CCP1IP_bit
0x0F9F       [0]    ADIP_bit
0x0F9F       [0]    PSPIP_bit
0x0FA0       [1]    PIE2
0x0FA0       [0]    CMIE_bit
0x0FA0       [0]    EEIE_bit
0x0FA0       [0]    HLVDIE_bit
0x0FA0       [0]    OSCFIE_bit
0x0FA0       [0]    TMR3IE_bit
0x0FA0       [0]    CCP2IE_bit
0x0FA0       [0]    BCLIE_bit
0x0FA0       [0]    LVDIE_bit
0x0FA1       [0]    OSCFIF_bit
0x0FA1       [0]    CMIF_bit
0x0FA1       [1]    PIR2
0x0FA1       [0]    HLVDIF_bit
0x0FA1       [0]    EEIF_bit
0x0FA1       [0]    TMR3IF_bit
0x0FA1       [0]    LVDIF_bit
0x0FA1       [0]    CCP2IF_bit
0x0FA1       [0]    BCLIF_bit
0x0FA2       [0]    CCP2IP_bit
0x0FA2       [0]    TMR3IP_bit
0x0FA2       [0]    EEIP_bit
0x0FA2       [0]    BCLIP_bit
0x0FA2       [0]    LVDIP_bit
0x0FA2       [0]    OSCFIP_bit
0x0FA2       [0]    HLVDIP_bit
0x0FA2       [0]    CMIP_bit
0x0FA2       [1]    IPR2
0x0FA6       [0]    RD_EECON1_bit
0x0FA6       [0]    WRERR_bit
0x0FA6       [0]    FREE_bit
0x0FA6       [0]    WR_EECON1_bit
0x0FA6       [0]    WREN_bit
0x0FA6       [1]    EECON1
0x0FA6       [0]    EEPGD_bit
0x0FA6       [0]    CFGS_bit
0x0FA7       [1]    EECON2
0x0FA8       [1]    EEDATA
0x0FA9       [1]    EEADR
0x0FAA       [1]    EEADRH
0x0FAB       [0]    SPEN_bit
0x0FAB       [0]    RX9_bit
0x0FAB       [1]    RCSTA
0x0FAB       [0]    ADDEN_bit
0x0FAB       [0]    FERR_bit
0x0FAB       [0]    OERR_bit
0x0FAB       [0]    RX9D_bit
0x0FAB       [0]    SREN_bit
0x0FAB       [0]    CREN_bit
0x0FAB       [0]    ADEN_bit
0x0FAC       [0]    TX9_bit
0x0FAC       [0]    CSRC_bit
0x0FAC       [1]    TXSTA
0x0FAC       [0]    TRMT_bit
0x0FAC       [0]    BRGH_bit
0x0FAC       [0]    SENDB_bit
0x0FAC       [0]    TXEN_bit
0x0FAC       [0]    SYNC_bit
0x0FAC       [0]    TX9D_bit
0x0FAD       [1]    TXREG
0x0FAE       [1]    RCREG
0x0FAF       [1]    SPBRG
0x0FB0       [1]    SPBRGH
0x0FB1       [1]    T3CON
0x0FB1       [0]    T3CKPS1_bit
0x0FB1       [0]    T3CKPS0_bit
0x0FB1       [0]    RD16_bit
0x0FB1       [0]    T3CCP2_bit
0x0FB1       [0]    TMR3CS_bit
0x0FB1       [0]    TMR3ON_bit
0x0FB1       [0]    T3CCP1_bit
0x0FB1       [0]    T3SYNC_bit
0x0FB1       [0]    NOT_T3SYNC_bit
0x0FB2       [1]    TMR3L
0x0FB3       [1]    TMR3H
0x0FB4       [0]    CM1_bit
0x0FB4       [0]    CM0_bit
0x0FB4       [1]    CMCON
0x0FB4       [0]    CM2_bit
0x0FB4       [0]    C1OUT_bit
0x0FB4       [0]    C2OUT_bit
0x0FB4       [0]    C2INV_bit
0x0FB4       [0]    CIS_bit
0x0FB4       [0]    C1INV_bit
0x0FB5       [1]    CVRCON
0x0FB5       [0]    CVRSS_bit
0x0FB5       [0]    CVR3_bit
0x0FB5       [0]    CVRR_bit
0x0FB5       [0]    CVREN_bit
0x0FB5       [0]    CVROE_bit
0x0FB5       [0]    CVR2_bit
0x0FB5       [0]    CVR0_bit
0x0FB5       [0]    CVR1_bit
0x0FB6       [1]    ECCP1AS
0x0FB6       [0]    PSSAC0_bit
0x0FB6       [0]    PSSAC1_bit
0x0FB6       [0]    ECCPAS0_bit
0x0FB6       [0]    PSSBD1_bit
0x0FB6       [0]    ECCPAS2_bit
0x0FB6       [0]    ECCPASE_bit
0x0FB6       [0]    PSSBD0_bit
0x0FB6       [0]    ECCPAS1_bit
0x0FB7       [0]    PDC3_bit
0x0FB7       [0]    PDC4_bit
0x0FB7       [0]    PDC2_bit
0x0FB7       [0]    PDC0_bit
0x0FB7       [0]    PDC1_bit
0x0FB7       [0]    PDC5_bit
0x0FB7       [1]    PWM1CON
0x0FB7       [0]    PRSEN_bit
0x0FB7       [0]    PDC6_bit
0x0FB8       [1]    BAUDCON
0x0FB8       [1]    BAUDCTL
0x0FB8       [0]    ABDOVF_bit
0x0FB8       [0]    RCIDL_bit
0x0FB8       [0]    TXCKP_bit
0x0FB8       [0]    RCMT_bit
0x0FB8       [0]    RXDTP_bit
0x0FB8       [0]    WUE_bit
0x0FB8       [0]    ABDEN_bit
0x0FB8       [0]    SCKP_bit
0x0FB8       [0]    BRG16_bit
0x0FBA       [0]    CCP2X_bit
0x0FBA       [0]    CCP2Y_bit
0x0FBA       [0]    DC2B1_bit
0x0FBA       [0]    DC2B0_bit
0x0FBA       [0]    CCP2M3_bit
0x0FBA       [0]    CCP2M0_bit
0x0FBA       [1]    CCP2CON
0x0FBA       [0]    CCP2M2_bit
0x0FBA       [0]    CCP2M1_bit
0x0FBB       [1]    CCPR2L
0x0FBB       [2]    CCPR2
0x0FBC       [1]    CCPR2H
0x0FBD       [0]    CCP1X_bit
0x0FBD       [0]    CCP1Y_bit
0x0FBD       [0]    DC1B0_bit
0x0FBD       [0]    P1M0_bit
0x0FBD       [0]    DC1B1_bit
0x0FBD       [0]    CCP1M0_bit
0x0FBD       [1]    CCP1CON
0x0FBD       [0]    CCP1M1_bit
0x0FBD       [0]    CCP1M3_bit
0x0FBD       [0]    CCP1M2_bit
0x0FBD       [0]    P1M1_bit
0x0FBE       [1]    CCPR1L
0x0FBE       [2]    CCPR1
0x0FBF       [1]    CCPR1H
0x0FC0       [0]    ADFM_bit
0x0FC0       [1]    ADCON2
0x0FC0       [0]    ACQT2_bit
0x0FC0       [0]    ADCS2_bit
0x0FC0       [0]    ADCS1_bit
0x0FC0       [0]    ADCS0_bit
0x0FC0       [0]    ACQT1_bit
0x0FC0       [0]    ACQT0_bit
0x0FC1       [1]    ADCON1
0x0FC1       [0]    PCFG1_bit
0x0FC1       [0]    VCFG1_bit
0x0FC1       [0]    PCFG0_bit
0x0FC1       [0]    VCFG0_bit
0x0FC1       [0]    PCFG2_bit
0x0FC1       [0]    PCFG3_bit
0x0FC2       [1]    ADCON0
0x0FC2       [0]    CHS0_bit
0x0FC2       [0]    CHS1_bit
0x0FC2       [0]    ADON_bit
0x0FC2       [0]    GO_bit
0x0FC2       [0]    CHS2_bit
0x0FC2       [0]    DONE_bit
0x0FC2       [0]    CHS3_bit
0x0FC2       [0]    GO_DONE_bit
0x0FC2       [0]    NOT_DONE_bit
0x0FC3       [1]    ADRESL
0x0FC3       [2]    ADRES
0x0FC4       [1]    ADRESH
0x0FC5       [0]    PEN_bit
0x0FC5       [0]    RCEN_bit
0x0FC5       [0]    SEN_bit
0x0FC5       [0]    RSEN_bit
0x0FC5       [0]    ACKEN_bit
0x0FC5       [0]    GCEN_bit
0x0FC5       [1]    SSPCON2
0x0FC5       [0]    ACKDT_bit
0x0FC5       [0]    ACKSTAT_bit
0x0FC6       [1]    SSPCON1
0x0FC6       [0]    WCOL_bit
0x0FC6       [0]    SSPM0_bit
0x0FC6       [0]    SSPM1_bit
0x0FC6       [0]    SSPOV_bit
0x0FC6       [0]    SSPM3_bit
0x0FC6       [0]    SSPM2_bit
0x0FC6       [0]    SSPEN_bit
0x0FC6       [0]    CKP_bit
0x0FC7       [0]    SMP_bit
0x0FC7       [0]    D_bit
0x0FC7       [0]    NOT_W_bit
0x0FC7       [0]    R_W_bit
0x0FC7       [0]    NOT_A_bit
0x0FC7       [1]    SSPSTAT
0x0FC7       [0]    S_bit
0x0FC7       [0]    NOT_ADDRESS_bit
0x0FC7       [0]    P_bit
0x0FC7       [0]    NOT_WRITE_bit
0x0FC7       [0]    UA_bit
0x0FC7       [0]    R_bit
0x0FC7       [0]    CKE_bit
0x0FC7       [0]    BF_bit
0x0FC7       [0]    D_A_bit
0x0FC8       [1]    SSPADD
0x0FC9       [1]    SSPBUF
0x0FCA       [1]    T2CON
0x0FCA       [0]    TMR2ON_bit
0x0FCA       [0]    T2CKPS1_bit
0x0FCA       [0]    T2OUTPS3_bit
0x0FCA       [0]    T2OUTPS2_bit
0x0FCA       [0]    T2OUTPS1_bit
0x0FCA       [0]    T2CKPS0_bit
0x0FCA       [0]    T2OUTPS0_bit
0x0FCB       [1]    PR2
0x0FCC       [1]    TMR2
0x0FCD       [0]    T1RUN_bit
0x0FCD       [0]    RD16_T1CON_bit
0x0FCD       [0]    T1CKPS1_bit
0x0FCD       [0]    T1OSCEN_bit
0x0FCD       [0]    T1CKPS0_bit
0x0FCD       [0]    NOT_T1SYNC_bit
0x0FCD       [0]    TMR1ON_bit
0x0FCD       [1]    T1CON
0x0FCD       [0]    T1SYNC_bit
0x0FCD       [0]    TMR1CS_bit
0x0FCE       [1]    TMR1L
0x0FCF       [1]    TMR1H
0x0FD0       [0]    TO__bit
0x0FD0       [0]    RI_bit
0x0FD0       [0]    SBOREN_bit
0x0FD0       [0]    BOR_bit
0x0FD0       [0]    POR_bit
0x0FD0       [0]    PD_bit
0x0FD0       [0]    IPEN_bit
0x0FD0       [0]    NOT_TO_bit
0x0FD0       [0]    NOT_RI_bit
0x0FD0       [1]    RCON
0x0FD0       [0]    NOT_BOR_bit
0x0FD0       [0]    NOT_POR_bit
0x0FD0       [0]    NOT_PD_bit
0x0FD1       [0]    SWDTE_bit
0x0FD1       [0]    SWDTEN_bit
0x0FD1       [1]    WDTCON
0x0FD2       [1]    HLVDCON
0x0FD2       [1]    LVDCON
0x0FD2       [0]    HLVDL0_bit
0x0FD2       [0]    HLVDL1_bit
0x0FD2       [0]    LVV1_bit
0x0FD2       [0]    LVV2_bit
0x0FD2       [0]    HLVDL2_bit
0x0FD2       [0]    IVRST_bit
0x0FD2       [0]    VDIRMAG_bit
0x0FD2       [0]    HLVDL3_bit
0x0FD2       [0]    HLVDEN_bit
0x0FD2       [0]    LVV0_bit
0x0FD2       [0]    LVDL0_bit
0x0FD2       [0]    LVDL1_bit
0x0FD2       [0]    LVV3_bit
0x0FD2       [0]    BGST_bit
0x0FD2       [0]    LVDEN_bit
0x0FD2       [0]    IRVST_bit
0x0FD2       [0]    LVDL2_bit
0x0FD2       [0]    LVDL3_bit
0x0FD3       [1]    OSCCON
0x0FD3       [0]    IRCF1_bit
0x0FD3       [0]    IRCF0_bit
0x0FD3       [0]    IDLEN_bit
0x0FD3       [0]    IRCF2_bit
0x0FD3       [0]    SCS1_bit
0x0FD3       [0]    SCS0_bit
0x0FD3       [0]    OSTS_bit
0x0FD3       [0]    IOFS_bit
0x0FD4       [1]    DEBUG
0x0FD5       [0]    PSA_bit
0x0FD5       [0]    T0SE_bit
0x0FD5       [0]    T0CS_bit
0x0FD5       [0]    T0PS2_bit
0x0FD5       [1]    T0CON
0x0FD5       [0]    T0PS0_bit
0x0FD5       [0]    T0PS1_bit
0x0FD5       [0]    T08BIT_bit
0x0FD5       [0]    TMR0ON_bit
0x0FD5       [0]    T016BIT_bit
0x0FD6       [1]    TMR0L
0x0FD7       [1]    TMR0H
0x0FD8       [0]    N_bit
0x0FD8       [1]    STATUS
0x0FD8       [0]    DC_bit
0x0FD8       [0]    C_bit
0x0FD8       [0]    OV_bit
0x0FD8       [0]    Z_bit
0x0FD9       [2]    FSR2PTR
0x0FD9       [1]    FSR2L
0x0FD9       [2]    FSR2
0x0FDA       [1]    FSR2H
0x0FDB       [1]    PLUSW2
0x0FDC       [1]    PREINC2
0x0FDD       [1]    POSTDEC2
0x0FDE       [1]    POSTINC2
0x0FDF       [1]    INDF2
0x0FE0       [1]    BSR
0x0FE1       [2]    FSR1
0x0FE1       [2]    FSR1PTR
0x0FE1       [1]    FSR1L
0x0FE2       [1]    FSR1H
0x0FE3       [1]    PLUSW1
0x0FE4       [1]    PREINC1
0x0FE5       [1]    POSTDEC1
0x0FE6       [1]    POSTINC1
0x0FE7       [1]    INDF1
0x0FE8       [1]    WREG
0x0FE9       [1]    FSR0L
0x0FE9       [2]    FSR0
0x0FE9       [2]    FSR0PTR
0x0FEA       [1]    FSR0H
0x0FEB       [1]    PLUSW0
0x0FEC       [1]    PREINC0
0x0FED       [1]    POSTDEC0
0x0FEE       [1]    POSTINC0
0x0FEF       [1]    INDF0
0x0FF0       [1]    INTCON3
0x0FF0       [0]    INT1IE_bit
0x0FF0       [0]    INT2IF_bit
0x0FF0       [0]    INT1IF_bit
0x0FF0       [0]    INT2IP_bit
0x0FF0       [0]    INT1IP_bit
0x0FF0       [0]    INT2IE_bit
0x0FF0       [0]    INT1E_bit
0x0FF0       [0]    INT2F_bit
0x0FF0       [0]    INT1F_bit
0x0FF0       [0]    INT2P_bit
0x0FF0       [0]    INT1P_bit
0x0FF0       [0]    INT2E_bit
0x0FF1       [0]    INTEDG0_bit
0x0FF1       [0]    INTEDG1_bit
0x0FF1       [0]    NOT_RBPU_bit
0x0FF1       [0]    RBPU_bit
0x0FF1       [0]    TMR0IP_bit
0x0FF1       [0]    INTEDG2_bit
0x0FF1       [1]    INTCON2
0x0FF1       [0]    RBIP_bit
0x0FF2       [0]    TMR0IF_bit
0x0FF2       [0]    INT0F_bit
0x0FF2       [0]    RBIF_bit
0x0FF2       [0]    RBIE_bit
0x0FF2       [0]    INT0IE_bit
0x0FF2       [0]    T0IF_bit
0x0FF2       [0]    T0IE_bit
0x0FF2       [0]    GIEH_bit
0x0FF2       [0]    GIEL_bit
0x0FF2       [0]    TMR0IE_bit
0x0FF2       [0]    INT0E_bit
0x0FF2       [0]    PEIE_bit
0x0FF2       [0]    INT0IF_bit
0x0FF2       [0]    GIE_bit
0x0FF2       [1]    INTCON
0x0FF3       [1]    PRODL
0x0FF3       [2]    PROD
0x0FF4       [1]    PRODH
0x0FF5       [1]    TABLAT
0x0FF6       [1]    TBLPTRL
0x0FF6       [3]    TBLPTR
0x0FF7       [1]    TBLPTRH
0x0FF8       [0]    TBLPTRU0_bit
0x0FF8       [0]    TBLPTRU1_bit
0x0FF8       [0]    TBLPTRU2_bit
0x0FF8       [0]    TBLPTRU3_bit
0x0FF8       [1]    TBLPTRU
0x0FF8       [0]    ACSS_bit
0x0FF8       [0]    TBLPTRU4_bit
0x0FF9       [1]    PC
0x0FF9       [1]    PCL
0x0FFA       [1]    PCLATH
0x0FFB       [0]    PCU1_bit
0x0FFB       [0]    PCU0_bit
0x0FFB       [1]    PCLATU
0x0FFB       [0]    PCU4_bit
0x0FFB       [0]    PCU3_bit
0x0FFB       [0]    PCU2_bit
0x0FFC       [0]    SP3_bit
0x0FFC       [0]    SP4_bit
0x0FFC       [0]    STKFUL_bit
0x0FFC       [0]    SP2_bit
0x0FFC       [0]    STKPTR2_bit
0x0FFC       [0]    STKPTR3_bit
0x0FFC       [0]    STKPTR1_bit
0x0FFC       [1]    STKPTR
0x0FFC       [0]    STKPTR0_bit
0x0FFC       [0]    SP0_bit
0x0FFC       [0]    SP1_bit
0x0FFC       [0]    STKOVF_bit
0x0FFC       [0]    STKPTR4_bit
0x0FFC       [0]    STKUNF_bit
0x0FFD       [1]    TOSL
0x0FFD       [1]    TOS
0x0FFE       [1]    TOSH
0x0FFF       [1]    TOSU
//** Label List: ** 
//----------------------------------------------
  L_main0
  L_main1
  L_main2
  L_main3
  L_main4
  L_main5
  L_main6
  L_main7
  L_main8
  L_main9
  L_main10
  L_main11
  L_main12
  L_main13
  L_main14
  L_main15
  L_main16
  L_main17
  _main
  L__main18
  L__main19
  L__main20
  L__main21
  L__main22
  L__main23
  L__main24
  L__main25
  L_ADC_Read0
  L_ADC_Read1
  _ADC_Read
  L_Delay_10us0
  L_Delay_22us1
  L_Delay_50us2
  L_Delay_80us3
  L_Delay_500us4
  L_Delay_5500us5
  L_Delay_8ms6
  L_Delay_100ms7
  L_Delay_10ms8
  L_Delay_1sec9
  L____Boot_Delay4k10
  L____Boot_Delay8k11
  L____Boot_Delay12k12
  L____Boot_Delay16k13
  L____Boot_Delay24k14
  L____Boot_Delay32k15
  L____Boot_Delay48k16
  L____Boot_Delay64k17
  L____Boot_Delay128k18
  L_Delay_Cyc19
  L_Delay_Cyc20
  L_VDelay_ms21
  L_VDelay_ms22
  L_VDelay_ms23
  L_VDelay_Advanced_ms24
  L_VDelay_Advanced_ms25
  L_VDelay_Advanced_ms26
  _Get_Fosc_kHz
  _Delay_1us
  _Delay_10us
  _Delay_22us
  _Delay_50us
  _Delay_80us
  _Delay_500us
  _Delay_5500us
  _Delay_8ms
  _Delay_100ms
  _Delay_10ms
  _Delay_1sec
  ____Boot_Delay4k
  ____Boot_Delay8k
  ____Boot_Delay12k
  ____Boot_Delay16k
  ____Boot_Delay24k
  ____Boot_Delay32k
  ____Boot_Delay48k
  ____Boot_Delay64k
  ____Boot_Delay128k
  _Delay_Cyc
  _VDelay_ms
  L__VDelay_ms27
  L__VDelay_ms28
  L__VDelay_ms29
  _VDelay_Advanced_ms
  L__VDelay_Advanced_ms30
  L__VDelay_Advanced_ms31
  L__VDelay_Advanced_ms32
  _CC2D_Loop1
  _CC2DL_Loop1
  L_longjmp2
  ___CC2D
  ___CC2DW
  _____DoIFC
  _Swap
  _setjmp
  _longjmp
