;  LST file generated by mikroListExporter - v.2.0 
; Date/Time: 26/08/2016 21:26:20
;----------------------------------------------

;Address Opcode 	ASM
0x0000	0xF003EF08  	GOTO        1552
0x0004	0x0000      	NOP
0x0006	0x0000      	NOP
0x0008	0xF000EF00  	GOTO        0
0x000C	0x0000      	NOP
0x000E	0x0000      	NOP
0x0010	0x0000      	NOP
0x0012	0x0000      	NOP
0x0014	0x0000      	NOP
0x0016	0x0000      	NOP
0x0018	0xD7F3      	BRA         0
_Mul_32x32_U:
;__Lib_Math.c,1613 :: 		
;__Lib_Math.c,1628 :: 		
0x001C	0x0E22      	MOVLW       34
;__Lib_Math.c,1629 :: 		
0x001E	0x6E0C      	MOVWF       R12, 0
;__Lib_Math.c,1630 :: 		
0x0020	0x6A08      	CLRF        R8, 0
;__Lib_Math.c,1631 :: 		
0x0022	0x6A09      	CLRF        R9, 0
;__Lib_Math.c,1632 :: 		
0x0024	0x6A0A      	CLRF        R10, 0
;__Lib_Math.c,1633 :: 		
0x0026	0x6A0B      	CLRF        R11, 0
;__Lib_Math.c,1635 :: 		
_NEXT:
;__Lib_Math.c,1639 :: 		
0x0028	0x060C      	DECF        R12, 1, 0
;__Lib_Math.c,1640 :: 		
0x002A	0xB4D8      	BTFSC       STATUS, 2, 0
;__Lib_Math.c,1641 :: 		
0x002C	0xD01F      	BRA         _EXIT2
;__Lib_Math.c,1642 :: 		
0x002E	0x90D8      	BCF         STATUS, 0, 0
;__Lib_Math.c,1644 :: 		
_LOOP:
;__Lib_Math.c,1653 :: 		
0x0030	0x320B      	RRCF        R11, 1, 0
;__Lib_Math.c,1654 :: 		
0x0032	0x320A      	RRCF        R10, 1, 0
;__Lib_Math.c,1655 :: 		
0x0034	0x3209      	RRCF        R9, 1, 0
;__Lib_Math.c,1656 :: 		
0x0036	0x3208      	RRCF        R8, 1, 0
;__Lib_Math.c,1657 :: 		
0x0038	0x3203      	RRCF        R3, 1, 0
;__Lib_Math.c,1658 :: 		
0x003A	0x3202      	RRCF        R2, 1, 0
;__Lib_Math.c,1659 :: 		
0x003C	0x3201      	RRCF        R1, 1, 0
;__Lib_Math.c,1660 :: 		
0x003E	0x3200      	RRCF        R0, 1, 0
;__Lib_Math.c,1665 :: 		
0x0040	0xA0D8      	BTFSS       STATUS, 0, 0
;__Lib_Math.c,1666 :: 		
0x0042	0xD7F2      	BRA         _NEXT
;__Lib_Math.c,1667 :: 		
0x0044	0x060C      	DECF        R12, 1, 0
;__Lib_Math.c,1668 :: 		
0x0046	0xB4D8      	BTFSC       STATUS, 2, 0
;__Lib_Math.c,1669 :: 		
0x0048	0xD009      	BRA         _EXIT1
;__Lib_Math.c,1676 :: 		
0x004A	0x5004      	MOVF        R4, 0, 0
;__Lib_Math.c,1677 :: 		
0x004C	0x2608      	ADDWF       R8, 1, 0
;__Lib_Math.c,1678 :: 		
0x004E	0x5005      	MOVF        R5, 0, 0
;__Lib_Math.c,1681 :: 		
0x0050	0x2209      	ADDWFC      R9, 1, 0
;__Lib_Math.c,1682 :: 		
0x0052	0x5006      	MOVF        R6, 0, 0
;__Lib_Math.c,1685 :: 		
0x0054	0x220A      	ADDWFC      R10, 1, 0
;__Lib_Math.c,1686 :: 		
0x0056	0x5007      	MOVF        R7, 0, 0
;__Lib_Math.c,1689 :: 		
0x0058	0x220B      	ADDWFC      R11, 1, 0
;__Lib_Math.c,1691 :: 		
0x005A	0xD7EA      	BRA         _LOOP
;__Lib_Math.c,1693 :: 		
_EXIT1:
;__Lib_Math.c,1698 :: 		
0x005C	0x5004      	MOVF        R4, 0, 0
;__Lib_Math.c,1699 :: 		
0x005E	0x2608      	ADDWF       R8, 1, 0
;__Lib_Math.c,1700 :: 		
0x0060	0x5005      	MOVF        R5, 0, 0
;__Lib_Math.c,1703 :: 		
0x0062	0x2209      	ADDWFC      R9, 1, 0
;__Lib_Math.c,1704 :: 		
0x0064	0x5006      	MOVF        R6, 0, 0
;__Lib_Math.c,1707 :: 		
0x0066	0x220A      	ADDWFC      R10, 1, 0
;__Lib_Math.c,1708 :: 		
0x0068	0x5007      	MOVF        R7, 0, 0
;__Lib_Math.c,1711 :: 		
0x006A	0x220B      	ADDWFC      R11, 1, 0
;__Lib_Math.c,1714 :: 		
_EXIT2:
;__Lib_Math.c,1716 :: 		
0x006C	0x0012      	RETURN      0
; end of _Mul_32x32_U
_Get_Fosc_kHz:
;__Lib_Delays.c,1 :: 		unsigned long Get_Fosc_kHz(){
;__Lib_Delays.c,3 :: 		return Clock_kHz();
0x006E	0x0E40      	MOVLW       64
0x0070	0x6E00      	MOVWF       R0 
0x0072	0x0E1F      	MOVLW       31
0x0074	0x6E01      	MOVWF       R1 
0x0076	0x0E00      	MOVLW       0
0x0078	0x6E02      	MOVWF       R2 
0x007A	0x6E03      	MOVWF       R3 
;__Lib_Delays.c,5 :: 		}
0x007C	0x0012      	RETURN      0
; end of _Get_Fosc_kHz
_Div_32x32_U:
;__Lib_Math.c,1159 :: 		
;__Lib_Math.c,1170 :: 		
0x007E	0x6A0B      	CLRF        R11, 0
;__Lib_Math.c,1171 :: 		
0x0080	0x6A0A      	CLRF        R10, 0
;__Lib_Math.c,1172 :: 		
0x0082	0x6A09      	CLRF        R9, 0
;__Lib_Math.c,1173 :: 		
0x0084	0x6A08      	CLRF        R8, 0
;__Lib_Math.c,1175 :: 		
0x0086	0x6A0E      	CLRF        R14, 0
;__Lib_Math.c,1177 :: 		
0x0088	0x3403      	RLCF        R3, 0, 0
;__Lib_Math.c,1178 :: 		
0x008A	0x3608      	RLCF        R8, 1, 0
;__Lib_Math.c,1179 :: 		
0x008C	0x5004      	MOVF        R4, 0, 0
;__Lib_Math.c,1180 :: 		
0x008E	0x5E08      	SUBWF       R8, 1, 0
;__Lib_Math.c,1181 :: 		
0x0090	0x5005      	MOVF        R5, 0, 0
;__Lib_Math.c,1182 :: 		
0x0092	0xA0D8      	BTFSS       STATUS, 0, 0
;__Lib_Math.c,1183 :: 		
0x0094	0x3C05      	INCFSZ      R5, 0, 0
;__Lib_Math.c,1184 :: 		
0x0096	0x5E09      	SUBWF       R9, 1, 0
;__Lib_Math.c,1185 :: 		
0x0098	0x5006      	MOVF        R6, 0, 0
;__Lib_Math.c,1186 :: 		
0x009A	0xA0D8      	BTFSS       STATUS, 0, 0
;__Lib_Math.c,1187 :: 		
0x009C	0x3C06      	INCFSZ      R6, 0, 0
;__Lib_Math.c,1188 :: 		
0x009E	0x5E0A      	SUBWF       R10, 1, 0
;__Lib_Math.c,1189 :: 		
0x00A0	0x5007      	MOVF        R7, 0, 0
;__Lib_Math.c,1190 :: 		
0x00A2	0xA0D8      	BTFSS       STATUS, 0, 0
;__Lib_Math.c,1191 :: 		
0x00A4	0x3C07      	INCFSZ      R7, 0, 0
;__Lib_Math.c,1192 :: 		
0x00A6	0x5E0B      	SUBWF       R11, 1, 0
;__Lib_Math.c,1194 :: 		
0x00A8	0x6AE8      	CLRF        WREG, 0
;__Lib_Math.c,1195 :: 		
0x00AA	0xA0D8      	BTFSS       STATUS, 0, 0
;__Lib_Math.c,1196 :: 		
0x00AC	0x0E01      	MOVLW       1
;__Lib_Math.c,1197 :: 		
0x00AE	0x5E0E      	SUBWF       R14, 1, 0
;__Lib_Math.c,1198 :: 		
0x00B0	0x3603      	RLCF        R3, 1, 0
;__Lib_Math.c,1200 :: 		
0x00B2	0x0E07      	MOVLW       7
;__Lib_Math.c,1201 :: 		
0x00B4	0x6E0C      	MOVWF       R12, 0
;__Lib_Math.c,1203 :: 		
LOOPU3232A:
;__Lib_Math.c,1204 :: 		
0x00B6	0x3403      	RLCF        R3, 0, 0
;__Lib_Math.c,1205 :: 		
0x00B8	0x3608      	RLCF        R8, 1, 0
;__Lib_Math.c,1206 :: 		
0x00BA	0x3609      	RLCF        R9, 1, 0
;__Lib_Math.c,1207 :: 		
0x00BC	0x360A      	RLCF        R10, 1, 0
;__Lib_Math.c,1208 :: 		
0x00BE	0x360B      	RLCF        R11, 1, 0
;__Lib_Math.c,1209 :: 		
0x00C0	0x360E      	RLCF        R14, 1, 0
;__Lib_Math.c,1210 :: 		
0x00C2	0x5004      	MOVF        R4, 0, 0
;__Lib_Math.c,1211 :: 		
0x00C4	0xA003      	BTFSS       R3, 0, 0
;__Lib_Math.c,1212 :: 		
0x00C6	0xD012      	BRA         UADD22LA
;__Lib_Math.c,1214 :: 		
0x00C8	0x5E08      	SUBWF       R8, 1, 0
;__Lib_Math.c,1215 :: 		
0x00CA	0x5005      	MOVF        R5, 0, 0
;__Lib_Math.c,1216 :: 		
0x00CC	0xA0D8      	BTFSS       STATUS, 0, 0
;__Lib_Math.c,1217 :: 		
0x00CE	0x3C05      	INCFSZ      R5, 0, 0
;__Lib_Math.c,1218 :: 		
0x00D0	0x5E09      	SUBWF       R9, 1, 0
;__Lib_Math.c,1219 :: 		
0x00D2	0x5006      	MOVF        R6, 0, 0
;__Lib_Math.c,1220 :: 		
0x00D4	0xA0D8      	BTFSS       STATUS, 0, 0
;__Lib_Math.c,1221 :: 		
0x00D6	0x3C06      	INCFSZ      R6, 0, 0
;__Lib_Math.c,1222 :: 		
0x00D8	0x5E0A      	SUBWF       R10, 1, 0
;__Lib_Math.c,1223 :: 		
0x00DA	0x5007      	MOVF        R7, 0, 0
;__Lib_Math.c,1224 :: 		
0x00DC	0xA0D8      	BTFSS       STATUS, 0, 0
;__Lib_Math.c,1225 :: 		
0x00DE	0x3C07      	INCFSZ      R7, 0, 0
;__Lib_Math.c,1226 :: 		
0x00E0	0x5E0B      	SUBWF       R11, 1, 0
;__Lib_Math.c,1227 :: 		
0x00E2	0x6AE8      	CLRF        WREG, 0
;__Lib_Math.c,1228 :: 		
0x00E4	0xA0D8      	BTFSS       STATUS, 0, 0
;__Lib_Math.c,1229 :: 		
0x00E6	0x0E01      	MOVLW       1
;__Lib_Math.c,1230 :: 		
0x00E8	0x5E0E      	SUBWF       R14, 1, 0
;__Lib_Math.c,1231 :: 		
0x00EA	0xD011      	BRA         UOK22LA
;__Lib_Math.c,1233 :: 		
UADD22LA:
;__Lib_Math.c,1234 :: 		
0x00EC	0x2608      	ADDWF       R8, 1, 0
;__Lib_Math.c,1235 :: 		
0x00EE	0x5005      	MOVF        R5, 0, 0
;__Lib_Math.c,1236 :: 		
0x00F0	0xB0D8      	BTFSC       STATUS, 0, 0
;__Lib_Math.c,1237 :: 		
0x00F2	0x3C05      	INCFSZ      R5, 0, 0
;__Lib_Math.c,1238 :: 		
0x00F4	0x2609      	ADDWF       R9, 1, 0
;__Lib_Math.c,1239 :: 		
0x00F6	0x5006      	MOVF        R6, 0, 0
;__Lib_Math.c,1240 :: 		
0x00F8	0xB0D8      	BTFSC       STATUS, 0, 0
;__Lib_Math.c,1241 :: 		
0x00FA	0x3C06      	INCFSZ      R6, 0, 0
;__Lib_Math.c,1242 :: 		
0x00FC	0x260A      	ADDWF       R10, 1, 0
;__Lib_Math.c,1243 :: 		
0x00FE	0x5007      	MOVF        R7, 0, 0
;__Lib_Math.c,1244 :: 		
0x0100	0xB0D8      	BTFSC       STATUS, 0, 0
;__Lib_Math.c,1245 :: 		
0x0102	0x3C07      	INCFSZ      R7, 0, 0
;__Lib_Math.c,1246 :: 		
0x0104	0x260B      	ADDWF       R11, 1, 0
;__Lib_Math.c,1247 :: 		
0x0106	0x6AE8      	CLRF        WREG, 0
;__Lib_Math.c,1248 :: 		
0x0108	0xB0D8      	BTFSC       STATUS, 0, 0
;__Lib_Math.c,1249 :: 		
0x010A	0x0E01      	MOVLW       1
;__Lib_Math.c,1250 :: 		
0x010C	0x260E      	ADDWF       R14, 1, 0
;__Lib_Math.c,1252 :: 		
UOK22LA:
;__Lib_Math.c,1253 :: 		
0x010E	0x3603      	RLCF        R3, 1, 0
;__Lib_Math.c,1255 :: 		
0x0110	0x2E0C      	DECFSZ      R12, 1, 0
;__Lib_Math.c,1256 :: 		
0x0112	0xD7D1      	BRA         LOOPU3232A
;__Lib_Math.c,1258 :: 		
0x0114	0x3402      	RLCF        R2, 0, 0
;__Lib_Math.c,1259 :: 		
0x0116	0x3608      	RLCF        R8, 1, 0
;__Lib_Math.c,1260 :: 		
0x0118	0x3609      	RLCF        R9, 1, 0
;__Lib_Math.c,1261 :: 		
0x011A	0x360A      	RLCF        R10, 1, 0
;__Lib_Math.c,1262 :: 		
0x011C	0x360B      	RLCF        R11, 1, 0
;__Lib_Math.c,1263 :: 		
0x011E	0x360E      	RLCF        R14, 1, 0
;__Lib_Math.c,1264 :: 		
0x0120	0x5004      	MOVF        R4, 0, 0
;__Lib_Math.c,1265 :: 		
0x0122	0xA003      	BTFSS       R3, 0, 0
;__Lib_Math.c,1266 :: 		
0x0124	0xD012      	BRA         UADD22L8
;__Lib_Math.c,1268 :: 		
0x0126	0x5E08      	SUBWF       R8, 1, 0
;__Lib_Math.c,1269 :: 		
0x0128	0x5005      	MOVF        R5, 0, 0
;__Lib_Math.c,1270 :: 		
0x012A	0xA0D8      	BTFSS       STATUS, 0, 0
;__Lib_Math.c,1271 :: 		
0x012C	0x3C05      	INCFSZ      R5, 0, 0
;__Lib_Math.c,1272 :: 		
0x012E	0x5E09      	SUBWF       R9, 1, 0
;__Lib_Math.c,1273 :: 		
0x0130	0x5006      	MOVF        R6, 0, 0
;__Lib_Math.c,1274 :: 		
0x0132	0xA0D8      	BTFSS       STATUS, 0, 0
;__Lib_Math.c,1275 :: 		
0x0134	0x3C06      	INCFSZ      R6, 0, 0
;__Lib_Math.c,1276 :: 		
0x0136	0x5E0A      	SUBWF       R10, 1, 0
;__Lib_Math.c,1277 :: 		
0x0138	0x5007      	MOVF        R7, 0, 0
;__Lib_Math.c,1278 :: 		
0x013A	0xA0D8      	BTFSS       STATUS, 0, 0
;__Lib_Math.c,1279 :: 		
0x013C	0x3C07      	INCFSZ      R7, 0, 0
;__Lib_Math.c,1280 :: 		
0x013E	0x5E0B      	SUBWF       R11, 1, 0
;__Lib_Math.c,1281 :: 		
0x0140	0x6AE8      	CLRF        WREG, 0
;__Lib_Math.c,1282 :: 		
0x0142	0xA0D8      	BTFSS       STATUS, 0, 0
;__Lib_Math.c,1283 :: 		
0x0144	0x0E01      	MOVLW       1
;__Lib_Math.c,1284 :: 		
0x0146	0x5E0E      	SUBWF       R14, 1, 0
;__Lib_Math.c,1285 :: 		
0x0148	0xD011      	BRA         UOK22L8
;__Lib_Math.c,1287 :: 		
UADD22L8:
;__Lib_Math.c,1288 :: 		
0x014A	0x2608      	ADDWF       R8, 1, 0
;__Lib_Math.c,1289 :: 		
0x014C	0x5005      	MOVF        R5, 0, 0
;__Lib_Math.c,1290 :: 		
0x014E	0xB0D8      	BTFSC       STATUS, 0, 0
;__Lib_Math.c,1291 :: 		
0x0150	0x3C05      	INCFSZ      R5, 0, 0
;__Lib_Math.c,1292 :: 		
0x0152	0x2609      	ADDWF       R9, 1, 0
;__Lib_Math.c,1293 :: 		
0x0154	0x5006      	MOVF        R6, 0, 0
;__Lib_Math.c,1294 :: 		
0x0156	0xB0D8      	BTFSC       STATUS, 0, 0
;__Lib_Math.c,1295 :: 		
0x0158	0x3C06      	INCFSZ      R6, 0, 0
;__Lib_Math.c,1296 :: 		
0x015A	0x260A      	ADDWF       R10, 1, 0
;__Lib_Math.c,1297 :: 		
0x015C	0x5007      	MOVF        R7, 0, 0
;__Lib_Math.c,1298 :: 		
0x015E	0xB0D8      	BTFSC       STATUS, 0, 0
;__Lib_Math.c,1299 :: 		
0x0160	0x3C07      	INCFSZ      R7, 0, 0
;__Lib_Math.c,1300 :: 		
0x0162	0x260B      	ADDWF       R11, 1, 0
;__Lib_Math.c,1301 :: 		
0x0164	0x6AE8      	CLRF        WREG, 0
;__Lib_Math.c,1302 :: 		
0x0166	0xB0D8      	BTFSC       STATUS, 0, 0
;__Lib_Math.c,1303 :: 		
0x0168	0x0E01      	MOVLW       1
;__Lib_Math.c,1304 :: 		
0x016A	0x260E      	ADDWF       R14, 1, 0
;__Lib_Math.c,1306 :: 		
UOK22L8:
;__Lib_Math.c,1307 :: 		
0x016C	0x3602      	RLCF        R2, 1, 0
;__Lib_Math.c,1309 :: 		
0x016E	0x0E07      	MOVLW       7
;__Lib_Math.c,1310 :: 		
0x0170	0x6E0C      	MOVWF       R12, 0
;__Lib_Math.c,1312 :: 		
LOOPU3232B:
;__Lib_Math.c,1313 :: 		
0x0172	0x3402      	RLCF        R2, 0, 0
;__Lib_Math.c,1314 :: 		
0x0174	0x3608      	RLCF        R8, 1, 0
;__Lib_Math.c,1315 :: 		
0x0176	0x3609      	RLCF        R9, 1, 0
;__Lib_Math.c,1316 :: 		
0x0178	0x360A      	RLCF        R10, 1, 0
;__Lib_Math.c,1317 :: 		
0x017A	0x360B      	RLCF        R11, 1, 0
;__Lib_Math.c,1318 :: 		
0x017C	0x360E      	RLCF        R14, 1, 0
;__Lib_Math.c,1319 :: 		
0x017E	0x5004      	MOVF        R4, 0, 0
;__Lib_Math.c,1320 :: 		
0x0180	0xA002      	BTFSS       R2, 0, 0
;__Lib_Math.c,1321 :: 		
0x0182	0xD012      	BRA         UADD22LB
;__Lib_Math.c,1323 :: 		
0x0184	0x5E08      	SUBWF       R8, 1, 0
;__Lib_Math.c,1324 :: 		
0x0186	0x5005      	MOVF        R5, 0, 0
;__Lib_Math.c,1325 :: 		
0x0188	0xA0D8      	BTFSS       STATUS, 0, 0
;__Lib_Math.c,1326 :: 		
0x018A	0x3C05      	INCFSZ      R5, 0, 0
;__Lib_Math.c,1327 :: 		
0x018C	0x5E09      	SUBWF       R9, 1, 0
;__Lib_Math.c,1328 :: 		
0x018E	0x5006      	MOVF        R6, 0, 0
;__Lib_Math.c,1329 :: 		
0x0190	0xA0D8      	BTFSS       STATUS, 0, 0
;__Lib_Math.c,1330 :: 		
0x0192	0x3C06      	INCFSZ      R6, 0, 0
;__Lib_Math.c,1331 :: 		
0x0194	0x5E0A      	SUBWF       R10, 1, 0
;__Lib_Math.c,1332 :: 		
0x0196	0x5007      	MOVF        R7, 0, 0
;__Lib_Math.c,1333 :: 		
0x0198	0xA0D8      	BTFSS       STATUS, 0, 0
;__Lib_Math.c,1334 :: 		
0x019A	0x3C07      	INCFSZ      R7, 0, 0
;__Lib_Math.c,1335 :: 		
0x019C	0x5E0B      	SUBWF       R11, 1, 0
;__Lib_Math.c,1336 :: 		
0x019E	0x6AE8      	CLRF        WREG, 0
;__Lib_Math.c,1337 :: 		
0x01A0	0xA0D8      	BTFSS       STATUS, 0, 0
;__Lib_Math.c,1338 :: 		
0x01A2	0x0E01      	MOVLW       1
;__Lib_Math.c,1339 :: 		
0x01A4	0x5E0E      	SUBWF       R14, 1, 0
;__Lib_Math.c,1340 :: 		
0x01A6	0xD011      	BRA         UOK22LB
;__Lib_Math.c,1342 :: 		
UADD22LB:
;__Lib_Math.c,1343 :: 		
0x01A8	0x2608      	ADDWF       R8, 1, 0
;__Lib_Math.c,1344 :: 		
0x01AA	0x5005      	MOVF        R5, 0, 0
;__Lib_Math.c,1345 :: 		
0x01AC	0xB0D8      	BTFSC       STATUS, 0, 0
;__Lib_Math.c,1346 :: 		
0x01AE	0x3C05      	INCFSZ      R5, 0, 0
;__Lib_Math.c,1347 :: 		
0x01B0	0x2609      	ADDWF       R9, 1, 0
;__Lib_Math.c,1348 :: 		
0x01B2	0x5006      	MOVF        R6, 0, 0
;__Lib_Math.c,1349 :: 		
0x01B4	0xB0D8      	BTFSC       STATUS, 0, 0
;__Lib_Math.c,1350 :: 		
0x01B6	0x3C06      	INCFSZ      R6, 0, 0
;__Lib_Math.c,1351 :: 		
0x01B8	0x260A      	ADDWF       R10, 1, 0
;__Lib_Math.c,1352 :: 		
0x01BA	0x5007      	MOVF        R7, 0, 0
;__Lib_Math.c,1353 :: 		
0x01BC	0xB0D8      	BTFSC       STATUS, 0, 0
;__Lib_Math.c,1354 :: 		
0x01BE	0x3C07      	INCFSZ      R7, 0, 0
;__Lib_Math.c,1355 :: 		
0x01C0	0x260B      	ADDWF       R11, 1, 0
;__Lib_Math.c,1356 :: 		
0x01C2	0x6AE8      	CLRF        WREG, 0
;__Lib_Math.c,1357 :: 		
0x01C4	0xB0D8      	BTFSC       STATUS, 0, 0
;__Lib_Math.c,1358 :: 		
0x01C6	0x0E01      	MOVLW       1
;__Lib_Math.c,1359 :: 		
0x01C8	0x260E      	ADDWF       R14, 1, 0
;__Lib_Math.c,1361 :: 		
UOK22LB:
;__Lib_Math.c,1362 :: 		
0x01CA	0x3602      	RLCF        R2, 1, 0
;__Lib_Math.c,1364 :: 		
0x01CC	0x2E0C      	DECFSZ      R12, 1, 0
;__Lib_Math.c,1365 :: 		
0x01CE	0xD7D1      	BRA         LOOPU3232B
;__Lib_Math.c,1367 :: 		
0x01D0	0x3401      	RLCF        R1, 0, 0
;__Lib_Math.c,1368 :: 		
0x01D2	0x3608      	RLCF        R8, 1, 0
;__Lib_Math.c,1369 :: 		
0x01D4	0x3609      	RLCF        R9, 1, 0
;__Lib_Math.c,1370 :: 		
0x01D6	0x360A      	RLCF        R10, 1, 0
;__Lib_Math.c,1371 :: 		
0x01D8	0x360B      	RLCF        R11, 1, 0
;__Lib_Math.c,1372 :: 		
0x01DA	0x360E      	RLCF        R14, 1, 0
;__Lib_Math.c,1373 :: 		
0x01DC	0x5004      	MOVF        R4, 0, 0
;__Lib_Math.c,1374 :: 		
0x01DE	0xA002      	BTFSS       R2, 0, 0
;__Lib_Math.c,1375 :: 		
0x01E0	0xD012      	BRA         UADD22L16
;__Lib_Math.c,1377 :: 		
0x01E2	0x5E08      	SUBWF       R8, 1, 0
;__Lib_Math.c,1378 :: 		
0x01E4	0x5005      	MOVF        R5, 0, 0
;__Lib_Math.c,1379 :: 		
0x01E6	0xA0D8      	BTFSS       STATUS, 0, 0
;__Lib_Math.c,1380 :: 		
0x01E8	0x3C05      	INCFSZ      R5, 0, 0
;__Lib_Math.c,1381 :: 		
0x01EA	0x5E09      	SUBWF       R9, 1, 0
;__Lib_Math.c,1382 :: 		
0x01EC	0x5006      	MOVF        R6, 0, 0
;__Lib_Math.c,1383 :: 		
0x01EE	0xA0D8      	BTFSS       STATUS, 0, 0
;__Lib_Math.c,1384 :: 		
0x01F0	0x3C06      	INCFSZ      R6, 0, 0
;__Lib_Math.c,1385 :: 		
0x01F2	0x5E0A      	SUBWF       R10, 1, 0
;__Lib_Math.c,1386 :: 		
0x01F4	0x5007      	MOVF        R7, 0, 0
;__Lib_Math.c,1387 :: 		
0x01F6	0xA0D8      	BTFSS       STATUS, 0, 0
;__Lib_Math.c,1388 :: 		
0x01F8	0x3C07      	INCFSZ      R7, 0, 0
;__Lib_Math.c,1389 :: 		
0x01FA	0x5E0B      	SUBWF       R11, 1, 0
;__Lib_Math.c,1390 :: 		
0x01FC	0x6AE8      	CLRF        WREG, 0
;__Lib_Math.c,1391 :: 		
0x01FE	0xA0D8      	BTFSS       STATUS, 0, 0
;__Lib_Math.c,1392 :: 		
0x0200	0x0E01      	MOVLW       1
;__Lib_Math.c,1393 :: 		
0x0202	0x5E0E      	SUBWF       R14, 1, 0
;__Lib_Math.c,1394 :: 		
0x0204	0xD011      	BRA         UOK22L16
;__Lib_Math.c,1396 :: 		
UADD22L16:
;__Lib_Math.c,1397 :: 		
0x0206	0x2608      	ADDWF       R8, 1, 0
;__Lib_Math.c,1398 :: 		
0x0208	0x5005      	MOVF        R5, 0, 0
;__Lib_Math.c,1399 :: 		
0x020A	0xB0D8      	BTFSC       STATUS, 0, 0
;__Lib_Math.c,1400 :: 		
0x020C	0x3C05      	INCFSZ      R5, 0, 0
;__Lib_Math.c,1401 :: 		
0x020E	0x2609      	ADDWF       R9, 1, 0
;__Lib_Math.c,1402 :: 		
0x0210	0x5006      	MOVF        R6, 0, 0
;__Lib_Math.c,1403 :: 		
0x0212	0xB0D8      	BTFSC       STATUS, 0, 0
;__Lib_Math.c,1404 :: 		
0x0214	0x3C06      	INCFSZ      R6, 0, 0
;__Lib_Math.c,1405 :: 		
0x0216	0x260A      	ADDWF       R10, 1, 0
;__Lib_Math.c,1406 :: 		
0x0218	0x5007      	MOVF        R7, 0, 0
;__Lib_Math.c,1407 :: 		
0x021A	0xB0D8      	BTFSC       STATUS, 0, 0
;__Lib_Math.c,1408 :: 		
0x021C	0x3C07      	INCFSZ      R7, 0, 0
;__Lib_Math.c,1409 :: 		
0x021E	0x260B      	ADDWF       R11, 1, 0
;__Lib_Math.c,1410 :: 		
0x0220	0x6AE8      	CLRF        WREG, 0
;__Lib_Math.c,1411 :: 		
0x0222	0xB0D8      	BTFSC       STATUS, 0, 0
;__Lib_Math.c,1412 :: 		
0x0224	0x0E01      	MOVLW       1
;__Lib_Math.c,1413 :: 		
0x0226	0x260E      	ADDWF       R14, 1, 0
;__Lib_Math.c,1415 :: 		
UOK22L16:
;__Lib_Math.c,1416 :: 		
0x0228	0x3601      	RLCF        R1, 1, 0
;__Lib_Math.c,1418 :: 		
0x022A	0x0E07      	MOVLW       7
;__Lib_Math.c,1419 :: 		
0x022C	0x6E0C      	MOVWF       R12, 0
;__Lib_Math.c,1421 :: 		
LOOPU3232C:
;__Lib_Math.c,1422 :: 		
0x022E	0x3401      	RLCF        R1, 0, 0
;__Lib_Math.c,1423 :: 		
0x0230	0x3608      	RLCF        R8, 1, 0
;__Lib_Math.c,1424 :: 		
0x0232	0x3609      	RLCF        R9, 1, 0
;__Lib_Math.c,1425 :: 		
0x0234	0x360A      	RLCF        R10, 1, 0
;__Lib_Math.c,1426 :: 		
0x0236	0x360B      	RLCF        R11, 1, 0
;__Lib_Math.c,1427 :: 		
0x0238	0x360E      	RLCF        R14, 1, 0
;__Lib_Math.c,1428 :: 		
0x023A	0x5004      	MOVF        R4, 0, 0
;__Lib_Math.c,1429 :: 		
0x023C	0xA001      	BTFSS       R1, 0, 0
;__Lib_Math.c,1430 :: 		
0x023E	0xD012      	BRA         UADD22LC
;__Lib_Math.c,1432 :: 		
0x0240	0x5E08      	SUBWF       R8, 1, 0
;__Lib_Math.c,1433 :: 		
0x0242	0x5005      	MOVF        R5, 0, 0
;__Lib_Math.c,1434 :: 		
0x0244	0xA0D8      	BTFSS       STATUS, 0, 0
;__Lib_Math.c,1435 :: 		
0x0246	0x3C05      	INCFSZ      R5, 0, 0
;__Lib_Math.c,1436 :: 		
0x0248	0x5E09      	SUBWF       R9, 1, 0
;__Lib_Math.c,1437 :: 		
0x024A	0x5006      	MOVF        R6, 0, 0
;__Lib_Math.c,1438 :: 		
0x024C	0xA0D8      	BTFSS       STATUS, 0, 0
;__Lib_Math.c,1439 :: 		
0x024E	0x3C06      	INCFSZ      R6, 0, 0
;__Lib_Math.c,1440 :: 		
0x0250	0x5E0A      	SUBWF       R10, 1, 0
;__Lib_Math.c,1441 :: 		
0x0252	0x5007      	MOVF        R7, 0, 0
;__Lib_Math.c,1442 :: 		
0x0254	0xA0D8      	BTFSS       STATUS, 0, 0
;__Lib_Math.c,1443 :: 		
0x0256	0x3C07      	INCFSZ      R7, 0, 0
;__Lib_Math.c,1444 :: 		
0x0258	0x5E0B      	SUBWF       R11, 1, 0
;__Lib_Math.c,1445 :: 		
0x025A	0x6AE8      	CLRF        WREG, 0
;__Lib_Math.c,1446 :: 		
0x025C	0xA0D8      	BTFSS       STATUS, 0, 0
;__Lib_Math.c,1447 :: 		
0x025E	0x0E01      	MOVLW       1
;__Lib_Math.c,1448 :: 		
0x0260	0x5E0E      	SUBWF       R14, 1, 0
;__Lib_Math.c,1449 :: 		
0x0262	0xD011      	BRA         UOK22LC
;__Lib_Math.c,1451 :: 		
UADD22LC:
;__Lib_Math.c,1452 :: 		
0x0264	0x2608      	ADDWF       R8, 1, 0
;__Lib_Math.c,1453 :: 		
0x0266	0x5005      	MOVF        R5, 0, 0
;__Lib_Math.c,1454 :: 		
0x0268	0xB0D8      	BTFSC       STATUS, 0, 0
;__Lib_Math.c,1455 :: 		
0x026A	0x3C05      	INCFSZ      R5, 0, 0
;__Lib_Math.c,1456 :: 		
0x026C	0x2609      	ADDWF       R9, 1, 0
;__Lib_Math.c,1457 :: 		
0x026E	0x5006      	MOVF        R6, 0, 0
;__Lib_Math.c,1458 :: 		
0x0270	0xB0D8      	BTFSC       STATUS, 0, 0
;__Lib_Math.c,1459 :: 		
0x0272	0x3C06      	INCFSZ      R6, 0, 0
;__Lib_Math.c,1460 :: 		
0x0274	0x260A      	ADDWF       R10, 1, 0
;__Lib_Math.c,1461 :: 		
0x0276	0x5007      	MOVF        R7, 0, 0
;__Lib_Math.c,1462 :: 		
0x0278	0xB0D8      	BTFSC       STATUS, 0, 0
;__Lib_Math.c,1463 :: 		
0x027A	0x3C07      	INCFSZ      R7, 0, 0
;__Lib_Math.c,1464 :: 		
0x027C	0x260B      	ADDWF       R11, 1, 0
;__Lib_Math.c,1465 :: 		
0x027E	0x6AE8      	CLRF        WREG, 0
;__Lib_Math.c,1466 :: 		
0x0280	0xB0D8      	BTFSC       STATUS, 0, 0
;__Lib_Math.c,1467 :: 		
0x0282	0x0E01      	MOVLW       1
;__Lib_Math.c,1468 :: 		
0x0284	0x260E      	ADDWF       R14, 1, 0
;__Lib_Math.c,1470 :: 		
UOK22LC:
;__Lib_Math.c,1471 :: 		
0x0286	0x3601      	RLCF        R1, 1, 0
;__Lib_Math.c,1473 :: 		
0x0288	0x2E0C      	DECFSZ      R12, 1, 0
;__Lib_Math.c,1474 :: 		
0x028A	0xD7D1      	BRA         LOOPU3232C
;__Lib_Math.c,1476 :: 		
0x028C	0x3400      	RLCF        R0, 0, 0
;__Lib_Math.c,1477 :: 		
0x028E	0x3608      	RLCF        R8, 1, 0
;__Lib_Math.c,1478 :: 		
0x0290	0x3609      	RLCF        R9, 1, 0
;__Lib_Math.c,1479 :: 		
0x0292	0x360A      	RLCF        R10, 1, 0
;__Lib_Math.c,1480 :: 		
0x0294	0x360B      	RLCF        R11, 1, 0
;__Lib_Math.c,1481 :: 		
0x0296	0x360E      	RLCF        R14, 1, 0
;__Lib_Math.c,1482 :: 		
0x0298	0x5004      	MOVF        R4, 0, 0
;__Lib_Math.c,1483 :: 		
0x029A	0xA001      	BTFSS       R1, 0, 0
;__Lib_Math.c,1484 :: 		
0x029C	0xD012      	BRA         UADD22L24
;__Lib_Math.c,1486 :: 		
0x029E	0x5E08      	SUBWF       R8, 1, 0
;__Lib_Math.c,1487 :: 		
0x02A0	0x5005      	MOVF        R5, 0, 0
;__Lib_Math.c,1488 :: 		
0x02A2	0xA0D8      	BTFSS       STATUS, 0, 0
;__Lib_Math.c,1489 :: 		
0x02A4	0x3C05      	INCFSZ      R5, 0, 0
;__Lib_Math.c,1490 :: 		
0x02A6	0x5E09      	SUBWF       R9, 1, 0
;__Lib_Math.c,1491 :: 		
0x02A8	0x5006      	MOVF        R6, 0, 0
;__Lib_Math.c,1492 :: 		
0x02AA	0xA0D8      	BTFSS       STATUS, 0, 0
;__Lib_Math.c,1493 :: 		
0x02AC	0x3C06      	INCFSZ      R6, 0, 0
;__Lib_Math.c,1494 :: 		
0x02AE	0x5E0A      	SUBWF       R10, 1, 0
;__Lib_Math.c,1495 :: 		
0x02B0	0x5007      	MOVF        R7, 0, 0
;__Lib_Math.c,1496 :: 		
0x02B2	0xA0D8      	BTFSS       STATUS, 0, 0
;__Lib_Math.c,1497 :: 		
0x02B4	0x3C07      	INCFSZ      R7, 0, 0
;__Lib_Math.c,1498 :: 		
0x02B6	0x5E0B      	SUBWF       R11, 1, 0
;__Lib_Math.c,1499 :: 		
0x02B8	0x6AE8      	CLRF        WREG, 0
;__Lib_Math.c,1500 :: 		
0x02BA	0xA0D8      	BTFSS       STATUS, 0, 0
;__Lib_Math.c,1501 :: 		
0x02BC	0x0E01      	MOVLW       1
;__Lib_Math.c,1502 :: 		
0x02BE	0x5E0E      	SUBWF       R14, 1, 0
;__Lib_Math.c,1503 :: 		
0x02C0	0xD011      	BRA         UOK22L24
;__Lib_Math.c,1505 :: 		
UADD22L24:
;__Lib_Math.c,1506 :: 		
0x02C2	0x2608      	ADDWF       R8, 1, 0
;__Lib_Math.c,1507 :: 		
0x02C4	0x5005      	MOVF        R5, 0, 0
;__Lib_Math.c,1508 :: 		
0x02C6	0xB0D8      	BTFSC       STATUS, 0, 0
;__Lib_Math.c,1509 :: 		
0x02C8	0x3C05      	INCFSZ      R5, 0, 0
;__Lib_Math.c,1510 :: 		
0x02CA	0x2609      	ADDWF       R9, 1, 0
;__Lib_Math.c,1511 :: 		
0x02CC	0x5006      	MOVF        R6, 0, 0
;__Lib_Math.c,1512 :: 		
0x02CE	0xB0D8      	BTFSC       STATUS, 0, 0
;__Lib_Math.c,1513 :: 		
0x02D0	0x3C06      	INCFSZ      R6, 0, 0
;__Lib_Math.c,1514 :: 		
0x02D2	0x260A      	ADDWF       R10, 1, 0
;__Lib_Math.c,1515 :: 		
0x02D4	0x5007      	MOVF        R7, 0, 0
;__Lib_Math.c,1516 :: 		
0x02D6	0xB0D8      	BTFSC       STATUS, 0, 0
;__Lib_Math.c,1517 :: 		
0x02D8	0x3C07      	INCFSZ      R7, 0, 0
;__Lib_Math.c,1518 :: 		
0x02DA	0x260B      	ADDWF       R11, 1, 0
;__Lib_Math.c,1519 :: 		
0x02DC	0x6AE8      	CLRF        WREG, 0
;__Lib_Math.c,1520 :: 		
0x02DE	0xB0D8      	BTFSC       STATUS, 0, 0
;__Lib_Math.c,1521 :: 		
0x02E0	0x0E01      	MOVLW       1
;__Lib_Math.c,1522 :: 		
0x02E2	0x260E      	ADDWF       R14, 1, 0
;__Lib_Math.c,1524 :: 		
UOK22L24:
;__Lib_Math.c,1525 :: 		
0x02E4	0x3600      	RLCF        R0, 1, 0
;__Lib_Math.c,1527 :: 		
0x02E6	0x0E07      	MOVLW       7
;__Lib_Math.c,1528 :: 		
0x02E8	0x6E0C      	MOVWF       R12, 0
;__Lib_Math.c,1530 :: 		
LOOPU3232D:
;__Lib_Math.c,1531 :: 		
0x02EA	0x3400      	RLCF        R0, 0, 0
;__Lib_Math.c,1532 :: 		
0x02EC	0x3608      	RLCF        R8, 1, 0
;__Lib_Math.c,1533 :: 		
0x02EE	0x3609      	RLCF        R9, 1, 0
;__Lib_Math.c,1534 :: 		
0x02F0	0x360A      	RLCF        R10, 1, 0
;__Lib_Math.c,1535 :: 		
0x02F2	0x360B      	RLCF        R11, 1, 0
;__Lib_Math.c,1536 :: 		
0x02F4	0x360E      	RLCF        R14, 1, 0
;__Lib_Math.c,1537 :: 		
0x02F6	0x5004      	MOVF        R4, 0, 0
;__Lib_Math.c,1538 :: 		
0x02F8	0xA000      	BTFSS       R0, 0, 0
;__Lib_Math.c,1539 :: 		
0x02FA	0xD012      	BRA         UADD22LD
;__Lib_Math.c,1541 :: 		
0x02FC	0x5E08      	SUBWF       R8, 1, 0
;__Lib_Math.c,1542 :: 		
0x02FE	0x5005      	MOVF        R5, 0, 0
;__Lib_Math.c,1543 :: 		
0x0300	0xA0D8      	BTFSS       STATUS, 0, 0
;__Lib_Math.c,1544 :: 		
0x0302	0x3C05      	INCFSZ      R5, 0, 0
;__Lib_Math.c,1545 :: 		
0x0304	0x5E09      	SUBWF       R9, 1, 0
;__Lib_Math.c,1546 :: 		
0x0306	0x5006      	MOVF        R6, 0, 0
;__Lib_Math.c,1547 :: 		
0x0308	0xA0D8      	BTFSS       STATUS, 0, 0
;__Lib_Math.c,1548 :: 		
0x030A	0x3C06      	INCFSZ      R6, 0, 0
;__Lib_Math.c,1549 :: 		
0x030C	0x5E0A      	SUBWF       R10, 1, 0
;__Lib_Math.c,1550 :: 		
0x030E	0x5007      	MOVF        R7, 0, 0
;__Lib_Math.c,1551 :: 		
0x0310	0xA0D8      	BTFSS       STATUS, 0, 0
;__Lib_Math.c,1552 :: 		
0x0312	0x3C07      	INCFSZ      R7, 0, 0
;__Lib_Math.c,1553 :: 		
0x0314	0x5E0B      	SUBWF       R11, 1, 0
;__Lib_Math.c,1554 :: 		
0x0316	0x6AE8      	CLRF        WREG, 0
;__Lib_Math.c,1555 :: 		
0x0318	0xA0D8      	BTFSS       STATUS, 0, 0
;__Lib_Math.c,1556 :: 		
0x031A	0x0E01      	MOVLW       1
;__Lib_Math.c,1557 :: 		
0x031C	0x5E0E      	SUBWF       R14, 1, 0
;__Lib_Math.c,1558 :: 		
0x031E	0xD011      	BRA         UOK22LD
;__Lib_Math.c,1560 :: 		
UADD22LD:
;__Lib_Math.c,1561 :: 		
0x0320	0x2608      	ADDWF       R8, 1, 0
;__Lib_Math.c,1562 :: 		
0x0322	0x5005      	MOVF        R5, 0, 0
;__Lib_Math.c,1563 :: 		
0x0324	0xB0D8      	BTFSC       STATUS, 0, 0
;__Lib_Math.c,1564 :: 		
0x0326	0x3C05      	INCFSZ      R5, 0, 0
;__Lib_Math.c,1565 :: 		
0x0328	0x2609      	ADDWF       R9, 1, 0
;__Lib_Math.c,1566 :: 		
0x032A	0x5006      	MOVF        R6, 0, 0
;__Lib_Math.c,1567 :: 		
0x032C	0xB0D8      	BTFSC       STATUS, 0, 0
;__Lib_Math.c,1568 :: 		
0x032E	0x3C06      	INCFSZ      R6, 0, 0
;__Lib_Math.c,1569 :: 		
0x0330	0x260A      	ADDWF       R10, 1, 0
;__Lib_Math.c,1570 :: 		
0x0332	0x5007      	MOVF        R7, 0, 0
;__Lib_Math.c,1571 :: 		
0x0334	0xB0D8      	BTFSC       STATUS, 0, 0
;__Lib_Math.c,1572 :: 		
0x0336	0x3C07      	INCFSZ      R7, 0, 0
;__Lib_Math.c,1573 :: 		
0x0338	0x260B      	ADDWF       R11, 1, 0
;__Lib_Math.c,1574 :: 		
0x033A	0x6AE8      	CLRF        WREG, 0
;__Lib_Math.c,1575 :: 		
0x033C	0xB0D8      	BTFSC       STATUS, 0, 0
;__Lib_Math.c,1576 :: 		
0x033E	0x0E01      	MOVLW       1
;__Lib_Math.c,1577 :: 		
0x0340	0x260E      	ADDWF       R14, 1, 0
;__Lib_Math.c,1579 :: 		
UOK22LD:
;__Lib_Math.c,1580 :: 		
0x0342	0x3600      	RLCF        R0, 1, 0
;__Lib_Math.c,1582 :: 		
0x0344	0x2E0C      	DECFSZ      R12, 1, 0
;__Lib_Math.c,1583 :: 		
0x0346	0xD7D1      	BRA         LOOPU3232D
;__Lib_Math.c,1585 :: 		
0x0348	0xB000      	BTFSC       R0, 0, 0
;__Lib_Math.c,1586 :: 		
0x034A	0xD00E      	BRA         UOK22L
;__Lib_Math.c,1587 :: 		
0x034C	0x5004      	MOVF        R4, 0, 0
;__Lib_Math.c,1588 :: 		
0x034E	0x2608      	ADDWF       R8, 1, 0
;__Lib_Math.c,1589 :: 		
0x0350	0x5005      	MOVF        R5, 0, 0
;__Lib_Math.c,1590 :: 		
0x0352	0xB0D8      	BTFSC       STATUS, 0, 0
;__Lib_Math.c,1591 :: 		
0x0354	0x3C05      	INCFSZ      R5, 0, 0
;__Lib_Math.c,1592 :: 		
0x0356	0x2609      	ADDWF       R9, 1, 0
;__Lib_Math.c,1593 :: 		
0x0358	0x5006      	MOVF        R6, 0, 0
;__Lib_Math.c,1594 :: 		
0x035A	0xB0D8      	BTFSC       STATUS, 0, 0
;__Lib_Math.c,1595 :: 		
0x035C	0x3C06      	INCFSZ      R6, 0, 0
;__Lib_Math.c,1596 :: 		
0x035E	0x260A      	ADDWF       R10, 1, 0
;__Lib_Math.c,1597 :: 		
0x0360	0x5007      	MOVF        R7, 0, 0
;__Lib_Math.c,1598 :: 		
0x0362	0xB0D8      	BTFSC       STATUS, 0, 0
;__Lib_Math.c,1599 :: 		
0x0364	0x3C07      	INCFSZ      R7, 0, 0
;__Lib_Math.c,1600 :: 		
0x0366	0x260B      	ADDWF       R11, 1, 0
;__Lib_Math.c,1602 :: 		
UOK22L:
;__Lib_Math.c,1604 :: 		
0x0368	0x0012      	RETURN      0
; end of _Div_32x32_U
_Delay_Cyc:
;__Lib_Delays.c,97 :: 		void Delay_Cyc(char cycles_div_by_10)  { // Cycles_div_by_10: min 3, max 255
;__Lib_Delays.c,98 :: 		--cycles_div_by_10;
0x036A	0x0637      	DECF        FARG_Delay_Cyc_cycles_div_by_10, 1 
;__Lib_Delays.c,99 :: 		--cycles_div_by_10;
0x036C	0x0637      	DECF        FARG_Delay_Cyc_cycles_div_by_10, 1 
;__Lib_Delays.c,100 :: 		while (cycles_div_by_10-- > 0) {
L_Delay_Cyc19:
0x036E	0xF001C037  	MOVFF       FARG_Delay_Cyc_cycles_div_by_10, R1
0x0372	0x0637      	DECF        FARG_Delay_Cyc_cycles_div_by_10, 1 
0x0374	0x5001      	MOVF        R1, 0 
0x0376	0x0800      	SUBLW       0
0x0378	0xE203      	BC          L_Delay_Cyc20
;__Lib_Delays.c,102 :: 		NOP
0x037A	0x0000      	NOP
;__Lib_Delays.c,103 :: 		NOP
0x037C	0x0000      	NOP
;__Lib_Delays.c,105 :: 		}
0x037E	0xD7F7      	BRA         L_Delay_Cyc19
L_Delay_Cyc20:
;__Lib_Delays.c,107 :: 		NOP
0x0380	0x0000      	NOP
;__Lib_Delays.c,108 :: 		NOP
0x0382	0x0000      	NOP
;__Lib_Delays.c,109 :: 		NOP
0x0384	0x0000      	NOP
;__Lib_Delays.c,110 :: 		NOP
0x0386	0x0000      	NOP
;__Lib_Delays.c,111 :: 		NOP
0x0388	0x0000      	NOP
;__Lib_Delays.c,113 :: 		}
0x038A	0x0012      	RETURN      0
; end of _Delay_Cyc
_Div_16x16_U:
;__Lib_Math.c,102 :: 		
;__Lib_Math.c,109 :: 		
0x038C	0x6A08      	CLRF        R8, 0
;__Lib_Math.c,110 :: 		
0x038E	0x6A09      	CLRF        R9, 0
;__Lib_Math.c,111 :: 		
0x0390	0x0E10      	MOVLW       16
;__Lib_Math.c,112 :: 		
0x0392	0x6E0C      	MOVWF       R12, 0
;__Lib_Math.c,113 :: 		
0x0394	0x3401      	RLCF        R1, 0, 0
;__Lib_Math.c,114 :: 		
0x0396	0x3608      	RLCF        R8, 1, 0
;__Lib_Math.c,115 :: 		
0x0398	0x3609      	RLCF        R9, 1, 0
;__Lib_Math.c,116 :: 		
0x039A	0x5004      	MOVF        R4, 0, 0
;__Lib_Math.c,117 :: 		
0x039C	0x5E08      	SUBWF       R8, 1, 0
;__Lib_Math.c,118 :: 		
0x039E	0x5005      	MOVF        R5, 0, 0
;__Lib_Math.c,119 :: 		
0x03A0	0xA0D8      	BTFSS       STATUS, 0, 0
;__Lib_Math.c,120 :: 		
0x03A2	0x3C05      	INCFSZ      R5, 0, 0
;__Lib_Math.c,121 :: 		
0x03A4	0x5E09      	SUBWF       R9, 1, 0
;__Lib_Math.c,122 :: 		
0x03A6	0xB0D8      	BTFSC       STATUS, 0, 0
;__Lib_Math.c,123 :: 		
0x03A8	0xD007      	BRA         $+16
;__Lib_Math.c,124 :: 		
0x03AA	0x5004      	MOVF        R4, 0, 0
;__Lib_Math.c,125 :: 		
0x03AC	0x2608      	ADDWF       R8, 1, 0
;__Lib_Math.c,126 :: 		
0x03AE	0x5005      	MOVF        R5, 0, 0
;__Lib_Math.c,127 :: 		
0x03B0	0xB0D8      	BTFSC       STATUS, 0, 0
;__Lib_Math.c,128 :: 		
0x03B2	0x3C05      	INCFSZ      R5, 0, 0
;__Lib_Math.c,129 :: 		
0x03B4	0x2609      	ADDWF       R9, 1, 0
;__Lib_Math.c,130 :: 		
0x03B6	0x90D8      	BCF         STATUS, 0, 0
;__Lib_Math.c,131 :: 		
0x03B8	0x3600      	RLCF        R0, 1, 0
;__Lib_Math.c,132 :: 		
0x03BA	0x3601      	RLCF        R1, 1, 0
;__Lib_Math.c,133 :: 		
0x03BC	0x2E0C      	DECFSZ      R12, 1, 0
;__Lib_Math.c,134 :: 		
0x03BE	0xD7EA      	BRA         $-42
;__Lib_Math.c,136 :: 		
0x03C0	0x0012      	RETURN      0
; end of _Div_16x16_U
_Sound_Play:
;__Lib_Sound.c,26 :: 		
;__Lib_Sound.c,30 :: 		
0x03C2	0xDE55      	RCALL       _Get_Fosc_kHz
0x03C4	0x0EE8      	MOVLW       232
0x03C6	0x6E04      	MOVWF       R4 
0x03C8	0x0E03      	MOVLW       3
0x03CA	0x6E05      	MOVWF       R5 
0x03CC	0x0E00      	MOVLW       0
0x03CE	0x6E06      	MOVWF       R6 
0x03D0	0x6E07      	MOVWF       R7 
0x03D2	0xDE24      	RCALL       _Mul_32x32_U
0x03D4	0xF033C000  	MOVFF       R0, Sound_Play_per_nc_L0
0x03D8	0xF034C001  	MOVFF       R1, Sound_Play_per_nc_L0+1
0x03DC	0xF035C002  	MOVFF       R2, Sound_Play_per_nc_L0+2
0x03E0	0xF036C003  	MOVFF       R3, Sound_Play_per_nc_L0+3
;__Lib_Sound.c,31 :: 		
0x03E4	0xF004C02B  	MOVFF       FARG_Sound_Play_freq_in_hz, R4
0x03E8	0xF005C02C  	MOVFF       FARG_Sound_Play_freq_in_hz+1, R5
0x03EC	0x0E00      	MOVLW       0
0x03EE	0x6E06      	MOVWF       R6 
0x03F0	0x6E07      	MOVWF       R7 
0x03F2	0xDE45      	RCALL       _Div_32x32_U
0x03F4	0xF033C000  	MOVFF       R0, Sound_Play_per_nc_L0
0x03F8	0xF034C001  	MOVFF       R1, Sound_Play_per_nc_L0+1
0x03FC	0xF035C002  	MOVFF       R2, Sound_Play_per_nc_L0+2
0x0400	0xF036C003  	MOVFF       R3, Sound_Play_per_nc_L0+3
;__Lib_Sound.c,32 :: 		
0x0404	0xF005C000  	MOVFF       R0, R5
0x0408	0xF006C001  	MOVFF       R1, R6
0x040C	0xF007C002  	MOVFF       R2, R7
0x0410	0xF008C003  	MOVFF       R3, R8
0x0414	0x3208      	RRCF        R8, 1 
0x0416	0x3207      	RRCF        R7, 1 
0x0418	0x3206      	RRCF        R6, 1 
0x041A	0x3205      	RRCF        R5, 1 
0x041C	0x9E08      	BCF         R8, 7 
0x041E	0x3208      	RRCF        R8, 1 
0x0420	0x3207      	RRCF        R7, 1 
0x0422	0x3206      	RRCF        R6, 1 
0x0424	0x3205      	RRCF        R5, 1 
0x0426	0x9E08      	BCF         R8, 7 
0x0428	0xF000C005  	MOVFF       R5, R0
0x042C	0xF001C006  	MOVFF       R6, R1
0x0430	0xF002C007  	MOVFF       R7, R2
0x0434	0xF003C008  	MOVFF       R8, R3
0x0438	0x3203      	RRCF        R3, 1 
0x043A	0x3202      	RRCF        R2, 1 
0x043C	0x3201      	RRCF        R1, 1 
0x043E	0x3200      	RRCF        R0, 1 
0x0440	0x9E03      	BCF         R3, 7 
0x0442	0xF02FC000  	MOVFF       R0, Sound_Play_nc_L0
0x0446	0xF030C001  	MOVFF       R1, Sound_Play_nc_L0+1
;__Lib_Sound.c,35 :: 		
0x044A	0xDE11      	RCALL       _Get_Fosc_kHz
0x044C	0xF004C02D  	MOVFF       FARG_Sound_Play_duration_ms, R4
0x0450	0xF005C02E  	MOVFF       FARG_Sound_Play_duration_ms+1, R5
0x0454	0x0E00      	MOVLW       0
0x0456	0x6E06      	MOVWF       R6 
0x0458	0x6E07      	MOVWF       R7 
0x045A	0xDDE0      	RCALL       _Mul_32x32_U
0x045C	0xF009C02F  	MOVFF       Sound_Play_nc_L0, R9
0x0460	0xF00AC030  	MOVFF       Sound_Play_nc_L0+1, R10
0x0464	0x0E00      	MOVLW       0
0x0466	0x6E0B      	MOVWF       R11 
0x0468	0x6E0C      	MOVWF       R12 
0x046A	0x0E03      	MOVLW       3
0x046C	0x6E08      	MOVWF       R8 
0x046E	0xF004C009  	MOVFF       R9, R4
0x0472	0xF005C00A  	MOVFF       R10, R5
0x0476	0xF006C00B  	MOVFF       R11, R6
0x047A	0xF007C00C  	MOVFF       R12, R7
0x047E	0x5008      	MOVF        R8, 0 
L__Sound_Play13:
0x0480	0xE007      	BZ          L__Sound_Play14
0x0482	0x3604      	RLCF        R4, 1 
0x0484	0x9004      	BCF         R4, 0 
0x0486	0x3605      	RLCF        R5, 1 
0x0488	0x3606      	RLCF        R6, 1 
0x048A	0x3607      	RLCF        R7, 1 
0x048C	0x0FFF      	ADDLW       255
0x048E	0xD7F8      	BRA         L__Sound_Play13
L__Sound_Play14:
0x0490	0xDDF6      	RCALL       _Div_32x32_U
0x0492	0xF033C000  	MOVFF       R0, Sound_Play_per_nc_L0
0x0496	0xF034C001  	MOVFF       R1, Sound_Play_per_nc_L0+1
0x049A	0xF035C002  	MOVFF       R2, Sound_Play_per_nc_L0+2
0x049E	0xF036C003  	MOVFF       R3, Sound_Play_per_nc_L0+3
;__Lib_Sound.c,37 :: 		
0x04A2	0x0E0A      	MOVLW       10
0x04A4	0x6E04      	MOVWF       R4 
0x04A6	0x0E00      	MOVLW       0
0x04A8	0x6E05      	MOVWF       R5 
0x04AA	0xF000C02F  	MOVFF       Sound_Play_nc_L0, R0
0x04AE	0xF001C030  	MOVFF       Sound_Play_nc_L0+1, R1
0x04B2	0xDF6C      	RCALL       _Div_16x16_U
0x04B4	0xF02FC000  	MOVFF       R0, Sound_Play_nc_L0
0x04B8	0xF030C001  	MOVFF       R1, Sound_Play_nc_L0+1
;__Lib_Sound.c,38 :: 		
0x04BC	0x0E00      	MOVLW       0
0x04BE	0x5C01      	SUBWF       R1, 0 
0x04C0	0xE102      	BNZ         L__Sound_Play15
0x04C2	0x0E03      	MOVLW       3
0x04C4	0x5C00      	SUBWF       R0, 0 
L__Sound_Play15:
0x04C6	0xE201      	BC          L_Sound_Play0
0x04C8	0x0012      	RETURN      0
L_Sound_Play0:
;__Lib_Sound.c,39 :: 		
0x04CA	0xFFE9C01A  	MOVFF       __Lib_Sound_soundPortAddr, FSR0L
0x04CE	0xFFEAC01B  	MOVFF       __Lib_Sound_soundPortAddr+1, FSR0H
;__Lib_Sound.c,40 :: 		
L_Sound_Play1:
0x04D2	0x5036      	MOVF        Sound_Play_per_nc_L0+3, 0 
0x04D4	0x0800      	SUBLW       0
0x04D6	0xE108      	BNZ         L__Sound_Play16
0x04D8	0x5035      	MOVF        Sound_Play_per_nc_L0+2, 0 
0x04DA	0x0800      	SUBLW       0
0x04DC	0xE105      	BNZ         L__Sound_Play16
0x04DE	0x5034      	MOVF        Sound_Play_per_nc_L0+1, 0 
0x04E0	0x0800      	SUBLW       0
0x04E2	0xE102      	BNZ         L__Sound_Play16
0x04E4	0x5033      	MOVF        Sound_Play_per_nc_L0, 0 
0x04E6	0x0800      	SUBLW       0
L__Sound_Play16:
0x04E8	0xE22F      	BC          L_Sound_Play2
;__Lib_Sound.c,41 :: 		
0x04EA	0x501C      	MOVF        __Lib_Sound_pinMask1, 0 
0x04EC	0x12EF      	IORWF       INDF0, 1 
;__Lib_Sound.c,43 :: 		
0x04EE	0x5230      	MOVF        Sound_Play_nc_L0+1, 1 
0x04F0	0xE00D      	BZ          L_Sound_Play3
;__Lib_Sound.c,44 :: 		
0x04F2	0x6A31      	CLRF        Sound_Play_i_L0 
0x04F4	0x6A32      	CLRF        Sound_Play_i_L0+1 
L_Sound_Play4:
0x04F6	0x0E00      	MOVLW       0
0x04F8	0x5C32      	SUBWF       Sound_Play_i_L0+1, 0 
0x04FA	0xE102      	BNZ         L__Sound_Play17
0x04FC	0x5030      	MOVF        Sound_Play_nc_L0+1, 0 
0x04FE	0x5C31      	SUBWF       Sound_Play_i_L0, 0 
L__Sound_Play17:
0x0500	0xE205      	BC          L_Sound_Play5
;__Lib_Sound.c,45 :: 		
0x0502	0x6A37      	CLRF        FARG_Delay_Cyc_cycles_div_by_10 
0x0504	0xDF32      	RCALL       _Delay_Cyc
;__Lib_Sound.c,44 :: 		
0x0506	0x4A31      	INFSNZ      Sound_Play_i_L0, 1 
0x0508	0x2A32      	INCF        Sound_Play_i_L0+1, 1 
;__Lib_Sound.c,46 :: 		
0x050A	0xD7F5      	BRA         L_Sound_Play4
L_Sound_Play5:
;__Lib_Sound.c,47 :: 		
L_Sound_Play3:
;__Lib_Sound.c,48 :: 		
0x050C	0xF037C02F  	MOVFF       Sound_Play_nc_L0, FARG_Delay_Cyc_cycles_div_by_10
0x0510	0xDF2C      	RCALL       _Delay_Cyc
;__Lib_Sound.c,50 :: 		
0x0512	0x5015      	MOVF        __Lib_Sound_pinMask0, 0 
0x0514	0x16EF      	ANDWF       INDF0, 1 
;__Lib_Sound.c,52 :: 		
0x0516	0x5230      	MOVF        Sound_Play_nc_L0+1, 1 
0x0518	0xE00D      	BZ          L_Sound_Play7
;__Lib_Sound.c,53 :: 		
0x051A	0x6A31      	CLRF        Sound_Play_i_L0 
0x051C	0x6A32      	CLRF        Sound_Play_i_L0+1 
L_Sound_Play8:
0x051E	0x0E00      	MOVLW       0
0x0520	0x5C32      	SUBWF       Sound_Play_i_L0+1, 0 
0x0522	0xE102      	BNZ         L__Sound_Play18
0x0524	0x5030      	MOVF        Sound_Play_nc_L0+1, 0 
0x0526	0x5C31      	SUBWF       Sound_Play_i_L0, 0 
L__Sound_Play18:
0x0528	0xE205      	BC          L_Sound_Play9
;__Lib_Sound.c,54 :: 		
0x052A	0x6A37      	CLRF        FARG_Delay_Cyc_cycles_div_by_10 
0x052C	0xDF1E      	RCALL       _Delay_Cyc
;__Lib_Sound.c,53 :: 		
0x052E	0x4A31      	INFSNZ      Sound_Play_i_L0, 1 
0x0530	0x2A32      	INCF        Sound_Play_i_L0+1, 1 
;__Lib_Sound.c,55 :: 		
0x0532	0xD7F5      	BRA         L_Sound_Play8
L_Sound_Play9:
;__Lib_Sound.c,56 :: 		
L_Sound_Play7:
;__Lib_Sound.c,57 :: 		
0x0534	0xF037C02F  	MOVFF       Sound_Play_nc_L0, FARG_Delay_Cyc_cycles_div_by_10
0x0538	0xDF18      	RCALL       _Delay_Cyc
;__Lib_Sound.c,59 :: 		
0x053A	0x0E01      	MOVLW       1
0x053C	0x5E33      	SUBWF       Sound_Play_per_nc_L0, 1 
0x053E	0x0E00      	MOVLW       0
0x0540	0x5A34      	SUBWFB      Sound_Play_per_nc_L0+1, 1 
0x0542	0x5A35      	SUBWFB      Sound_Play_per_nc_L0+2, 1 
0x0544	0x5A36      	SUBWFB      Sound_Play_per_nc_L0+3, 1 
;__Lib_Sound.c,61 :: 		
0x0546	0xD7C5      	BRA         L_Sound_Play1
L_Sound_Play2:
;__Lib_Sound.c,62 :: 		
0x0548	0x5015      	MOVF        __Lib_Sound_pinMask0, 0 
0x054A	0x16EF      	ANDWF       INDF0, 1 
;__Lib_Sound.c,63 :: 		
0x054C	0x0012      	RETURN      0
; end of _Sound_Play
_UART1_Init:
;__Lib_UART_c67.c,15 :: 		
;__Lib_UART_c67.c,18 :: 		
0x054E	0x0EFF      	MOVLW       _UART1_Write
0x0550	0x6E16      	MOVWF       _UART_Wr_Ptr 
0x0552	0x0EFF      	MOVLW       hi_addr(_UART1_Write)
0x0554	0x6E17      	MOVWF       _UART_Wr_Ptr+1 
0x0556	0x0EFF      	MOVLW       FARG_UART1_Write_data_
0x0558	0x6E18      	MOVWF       _UART_Wr_Ptr+2 
0x055A	0x0EFF      	MOVLW       hi_addr(FARG_UART1_Write_data_)
0x055C	0x6E19      	MOVWF       _UART_Wr_Ptr+3 
;__Lib_UART_c67.c,19 :: 		
0x055E	0x0EF4      	MOVLW       _UART1_Read
0x0560	0x6E22      	MOVWF       _UART_Rd_Ptr 
0x0562	0x0E05      	MOVLW       hi_addr(_UART1_Read)
0x0564	0x6E23      	MOVWF       _UART_Rd_Ptr+1 
0x0566	0x0E00      	MOVLW       0
0x0568	0x6E24      	MOVWF       _UART_Rd_Ptr+2 
0x056A	0x0E00      	MOVLW       0
0x056C	0x6E25      	MOVWF       _UART_Rd_Ptr+3 
;__Lib_UART_c67.c,20 :: 		
0x056E	0x0E06      	MOVLW       _UART1_Data_Ready
0x0570	0x6E26      	MOVWF       _UART_Rdy_Ptr 
0x0572	0x0E06      	MOVLW       hi_addr(_UART1_Data_Ready)
0x0574	0x6E27      	MOVWF       _UART_Rdy_Ptr+1 
0x0576	0x0E00      	MOVLW       0
0x0578	0x6E28      	MOVWF       _UART_Rdy_Ptr+2 
0x057A	0x0E00      	MOVLW       0
0x057C	0x6E29      	MOVWF       _UART_Rdy_Ptr+3 
;__Lib_UART_c67.c,21 :: 		
0x057E	0x0EFF      	MOVLW       _UART1_Tx_Idle
0x0580	0x6E1D      	MOVWF       _UART_Tx_Idle_Ptr 
0x0582	0x0EFF      	MOVLW       hi_addr(_UART1_Tx_Idle)
0x0584	0x6E1E      	MOVWF       _UART_Tx_Idle_Ptr+1 
0x0586	0x0E00      	MOVLW       0
0x0588	0x6E1F      	MOVWF       _UART_Tx_Idle_Ptr+2 
0x058A	0x0E00      	MOVLW       0
0x058C	0x6E20      	MOVWF       _UART_Tx_Idle_Ptr+3 
;__Lib_UART_c67.c,23 :: 		
0x058E	0x8AAC      	BSF         TXSTA, 5 
;__Lib_UART_c67.c,24 :: 		
0x0590	0x0E90      	MOVLW       144
0x0592	0x6EAB      	MOVWF       RCSTA 
;__Lib_UART_c67.c,25 :: 		
0x0594	0x8E94      	BSF         TRISC7_bit, 7 
;__Lib_UART_c67.c,26 :: 		
0x0596	0x9C94      	BCF         TRISC6_bit, 6 
;__Lib_UART_c67.c,28 :: 		
L_UART1_Init0:
0x0598	0xAA9E      	BTFSS       PIR1, 5 
0x059A	0xD003      	BRA         L_UART1_Init1
;__Lib_UART_c67.c,29 :: 		
0x059C	0xF000CFAE  	MOVFF       RCREG, R0
0x05A0	0xD7FB      	BRA         L_UART1_Init0
L_UART1_Init1:
;__Lib_UART_c67.c,30 :: 		
0x05A2	0x0012      	RETURN      0
; end of _UART1_Init
___CC2DW:
;__Lib_System.c,21 :: 		
;__Lib_System.c,23 :: 		
_CC2DL_Loop1:
;__Lib_System.c,24 :: 		
0x05A4	0x0009      	TBLRD*+
;__Lib_System.c,25 :: 		
0x05A6	0xFFE6CFF5  	MOVFF       TABLAT, POSTINC1
;__Lib_System.c,26 :: 		
0x05AA	0x0600      	DECF        R0, 1, 0
;__Lib_System.c,27 :: 		
0x05AC	0xE1FB      	BNZ         _CC2DL_Loop1
;__Lib_System.c,28 :: 		
0x05AE	0x0601      	DECF        R1, 1, 0
;__Lib_System.c,29 :: 		
0x05B0	0xE1F9      	BNZ         _CC2DL_Loop1
;__Lib_System.c,31 :: 		
0x05B2	0x0012      	RETURN      0
; end of ___CC2DW
_Sound_Init:
;__Lib_Sound.c,9 :: 		
;__Lib_Sound.c,11 :: 		
0x05B4	0xF01AC02B  	MOVFF       FARG_Sound_Init_snd_port, __Lib_Sound_soundPortAddr
0x05B8	0xF01BC02C  	MOVFF       FARG_Sound_Init_snd_port+1, __Lib_Sound_soundPortAddr+1
;__Lib_Sound.c,13 :: 		
0x05BC	0xF001C02D  	MOVFF       FARG_Sound_Init_snd_pin, R1
0x05C0	0x0E01      	MOVLW       1
0x05C2	0x6E00      	MOVWF       R0 
0x05C4	0x5001      	MOVF        R1, 0 
L__Sound_Init11:
0x05C6	0xE004      	BZ          L__Sound_Init12
0x05C8	0x3600      	RLCF        R0, 1 
0x05CA	0x9000      	BCF         R0, 0 
0x05CC	0x0FFF      	ADDLW       255
0x05CE	0xD7FB      	BRA         L__Sound_Init11
L__Sound_Init12:
0x05D0	0xF01CC000  	MOVFF       R0, __Lib_Sound_pinMask1
;__Lib_Sound.c,14 :: 		
0x05D4	0x1E00      	COMF        R0, 1 
0x05D6	0xF015C000  	MOVFF       R0, __Lib_Sound_pinMask0
;__Lib_Sound.c,18 :: 		
0x05DA	0x0E12      	MOVLW       18
0x05DC	0x242B      	ADDWF       FARG_Sound_Init_snd_port, 0 
0x05DE	0x6EE9      	MOVWF       FSR0L 
0x05E0	0x0E00      	MOVLW       0
0x05E2	0x202C      	ADDWFC      FARG_Sound_Init_snd_port+1, 0 
0x05E4	0x6EEA      	MOVWF       FSR0H 
;__Lib_Sound.c,19 :: 		
0x05E6	0x5000      	MOVF        R0, 0 
0x05E8	0x16EF      	ANDWF       INDF0, 1 
;__Lib_Sound.c,21 :: 		
0x05EA	0x0E12      	MOVLW       18
0x05EC	0x5EE9      	SUBWF       FSR0L, 1 
;__Lib_Sound.c,22 :: 		
0x05EE	0x5000      	MOVF        R0, 0 
0x05F0	0x16EF      	ANDWF       INDF0, 1 
;__Lib_Sound.c,23 :: 		
0x05F2	0x0012      	RETURN      0
; end of _Sound_Init
_UART1_Read:
;__Lib_UART_c67.c,40 :: 		
;__Lib_UART_c67.c,43 :: 		
0x05F4	0xF021CFAE  	MOVFF       RCREG, ___tmp_UART1_Read
;__Lib_UART_c67.c,44 :: 		
0x05F8	0xA2AB      	BTFSS       RCSTA, 1 
0x05FA	0xD002      	BRA         L_UART1_Read2
;__Lib_UART_c67.c,45 :: 		
0x05FC	0x98AB      	BCF         RCSTA, 4 
;__Lib_UART_c67.c,46 :: 		
0x05FE	0x88AB      	BSF         RCSTA, 4 
;__Lib_UART_c67.c,47 :: 		
L_UART1_Read2:
;__Lib_UART_c67.c,48 :: 		
0x0600	0xF000C021  	MOVFF       ___tmp_UART1_Read, R0
;__Lib_UART_c67.c,49 :: 		
0x0604	0x0012      	RETURN      0
; end of _UART1_Read
_UART1_Data_Ready:
;__Lib_UART_c67.c,34 :: 		
;__Lib_UART_c67.c,35 :: 		
0x0606	0x0E00      	MOVLW       0
0x0608	0xBA9E      	BTFSC       PIR1, 5 
0x060A	0x0E01      	MOVLW       1
0x060C	0x6E00      	MOVWF       R0 
;__Lib_UART_c67.c,36 :: 		
0x060E	0x0012      	RETURN      0
; end of _UART1_Data_Ready
_main:
;sonidos.c,1 :: 		void main() {
;sonidos.c,2 :: 		char byte_recebido = 0;
0x0610	0x6A2A      	CLRF        main_byte_recebido_L0 
;sonidos.c,3 :: 		UART1_Init(19200);
0x0612	0x0E19      	MOVLW       25
0x0614	0x6EAF      	MOVWF       SPBRG 
0x0616	0x84AC      	BSF         TXSTA, 2, 0
0x0618	0xDF9A      	RCALL       _UART1_Init
;sonidos.c,4 :: 		Sound_Init(&PORTC, 2);
0x061A	0x0E82      	MOVLW       PORTC
0x061C	0x6E2B      	MOVWF       FARG_Sound_Init_snd_port 
0x061E	0x0E0F      	MOVLW       hi_addr(PORTC)
0x0620	0x6E2C      	MOVWF       FARG_Sound_Init_snd_port+1 
0x0622	0x0E02      	MOVLW       2
0x0624	0x6E2D      	MOVWF       FARG_Sound_Init_snd_pin 
0x0626	0xDFC6      	RCALL       _Sound_Init
;sonidos.c,6 :: 		while(1)
L_main0:
;sonidos.c,9 :: 		if(UART1_Data_Ready())
0x0628	0xDFEE      	RCALL       _UART1_Data_Ready
0x062A	0x5200      	MOVF        R0, 1 
0x062C	0xE003      	BZ          L_main2
;sonidos.c,11 :: 		byte_recebido = UART1_Read();
0x062E	0xDFE2      	RCALL       _UART1_Read
0x0630	0xF02AC000  	MOVFF       R0, main_byte_recebido_L0
;sonidos.c,12 :: 		}
L_main2:
;sonidos.c,13 :: 		switch(byte_recebido){
0x0634	0xD064      	BRA         L_main3
;sonidos.c,14 :: 		case '1': Sound_Play(200, 25);
L_main5:
0x0636	0x0EC8      	MOVLW       200
0x0638	0x6E2B      	MOVWF       FARG_Sound_Play_freq_in_hz 
0x063A	0x0E00      	MOVLW       0
0x063C	0x6E2C      	MOVWF       FARG_Sound_Play_freq_in_hz+1 
0x063E	0x0E19      	MOVLW       25
0x0640	0x6E2D      	MOVWF       FARG_Sound_Play_duration_ms 
0x0642	0x0E00      	MOVLW       0
0x0644	0x6E2E      	MOVWF       FARG_Sound_Play_duration_ms+1 
0x0646	0xDEBD      	RCALL       _Sound_Play
;sonidos.c,15 :: 		break;
0x0648	0xD078      	BRA         L_main4
;sonidos.c,16 :: 		case '2': Sound_Play(400, 25);
L_main6:
0x064A	0x0E90      	MOVLW       144
0x064C	0x6E2B      	MOVWF       FARG_Sound_Play_freq_in_hz 
0x064E	0x0E01      	MOVLW       1
0x0650	0x6E2C      	MOVWF       FARG_Sound_Play_freq_in_hz+1 
0x0652	0x0E19      	MOVLW       25
0x0654	0x6E2D      	MOVWF       FARG_Sound_Play_duration_ms 
0x0656	0x0E00      	MOVLW       0
0x0658	0x6E2E      	MOVWF       FARG_Sound_Play_duration_ms+1 
0x065A	0xDEB3      	RCALL       _Sound_Play
;sonidos.c,17 :: 		break;
0x065C	0xD06E      	BRA         L_main4
;sonidos.c,18 :: 		case '3': Sound_Play(600, 25);
L_main7:
0x065E	0x0E58      	MOVLW       88
0x0660	0x6E2B      	MOVWF       FARG_Sound_Play_freq_in_hz 
0x0662	0x0E02      	MOVLW       2
0x0664	0x6E2C      	MOVWF       FARG_Sound_Play_freq_in_hz+1 
0x0666	0x0E19      	MOVLW       25
0x0668	0x6E2D      	MOVWF       FARG_Sound_Play_duration_ms 
0x066A	0x0E00      	MOVLW       0
0x066C	0x6E2E      	MOVWF       FARG_Sound_Play_duration_ms+1 
0x066E	0xDEA9      	RCALL       _Sound_Play
;sonidos.c,19 :: 		break;
0x0670	0xD064      	BRA         L_main4
;sonidos.c,20 :: 		case '4': Sound_Play(800, 25);
L_main8:
0x0672	0x0E20      	MOVLW       32
0x0674	0x6E2B      	MOVWF       FARG_Sound_Play_freq_in_hz 
0x0676	0x0E03      	MOVLW       3
0x0678	0x6E2C      	MOVWF       FARG_Sound_Play_freq_in_hz+1 
0x067A	0x0E19      	MOVLW       25
0x067C	0x6E2D      	MOVWF       FARG_Sound_Play_duration_ms 
0x067E	0x0E00      	MOVLW       0
0x0680	0x6E2E      	MOVWF       FARG_Sound_Play_duration_ms+1 
0x0682	0xDE9F      	RCALL       _Sound_Play
;sonidos.c,21 :: 		break;
0x0684	0xD05A      	BRA         L_main4
;sonidos.c,22 :: 		case '5': Sound_Play(1000, 25);
L_main9:
0x0686	0x0EE8      	MOVLW       232
0x0688	0x6E2B      	MOVWF       FARG_Sound_Play_freq_in_hz 
0x068A	0x0E03      	MOVLW       3
0x068C	0x6E2C      	MOVWF       FARG_Sound_Play_freq_in_hz+1 
0x068E	0x0E19      	MOVLW       25
0x0690	0x6E2D      	MOVWF       FARG_Sound_Play_duration_ms 
0x0692	0x0E00      	MOVLW       0
0x0694	0x6E2E      	MOVWF       FARG_Sound_Play_duration_ms+1 
0x0696	0xDE95      	RCALL       _Sound_Play
;sonidos.c,23 :: 		break;
0x0698	0xD050      	BRA         L_main4
;sonidos.c,24 :: 		case '6': Sound_Play(1200, 25);
L_main10:
0x069A	0x0EB0      	MOVLW       176
0x069C	0x6E2B      	MOVWF       FARG_Sound_Play_freq_in_hz 
0x069E	0x0E04      	MOVLW       4
0x06A0	0x6E2C      	MOVWF       FARG_Sound_Play_freq_in_hz+1 
0x06A2	0x0E19      	MOVLW       25
0x06A4	0x6E2D      	MOVWF       FARG_Sound_Play_duration_ms 
0x06A6	0x0E00      	MOVLW       0
0x06A8	0x6E2E      	MOVWF       FARG_Sound_Play_duration_ms+1 
0x06AA	0xDE8B      	RCALL       _Sound_Play
;sonidos.c,25 :: 		break;
0x06AC	0xD046      	BRA         L_main4
;sonidos.c,26 :: 		case '7': Sound_Play(1400, 25);
L_main11:
0x06AE	0x0E78      	MOVLW       120
0x06B0	0x6E2B      	MOVWF       FARG_Sound_Play_freq_in_hz 
0x06B2	0x0E05      	MOVLW       5
0x06B4	0x6E2C      	MOVWF       FARG_Sound_Play_freq_in_hz+1 
0x06B6	0x0E19      	MOVLW       25
0x06B8	0x6E2D      	MOVWF       FARG_Sound_Play_duration_ms 
0x06BA	0x0E00      	MOVLW       0
0x06BC	0x6E2E      	MOVWF       FARG_Sound_Play_duration_ms+1 
0x06BE	0xDE81      	RCALL       _Sound_Play
;sonidos.c,27 :: 		break;
0x06C0	0xD03C      	BRA         L_main4
;sonidos.c,28 :: 		case '8': Sound_Play(1600, 25);
L_main12:
0x06C2	0x0E40      	MOVLW       64
0x06C4	0x6E2B      	MOVWF       FARG_Sound_Play_freq_in_hz 
0x06C6	0x0E06      	MOVLW       6
0x06C8	0x6E2C      	MOVWF       FARG_Sound_Play_freq_in_hz+1 
0x06CA	0x0E19      	MOVLW       25
0x06CC	0x6E2D      	MOVWF       FARG_Sound_Play_duration_ms 
0x06CE	0x0E00      	MOVLW       0
0x06D0	0x6E2E      	MOVWF       FARG_Sound_Play_duration_ms+1 
0x06D2	0xDE77      	RCALL       _Sound_Play
;sonidos.c,29 :: 		break;
0x06D4	0xD032      	BRA         L_main4
;sonidos.c,30 :: 		case '9': Sound_Play(1800, 25);
L_main13:
0x06D6	0x0E08      	MOVLW       8
0x06D8	0x6E2B      	MOVWF       FARG_Sound_Play_freq_in_hz 
0x06DA	0x0E07      	MOVLW       7
0x06DC	0x6E2C      	MOVWF       FARG_Sound_Play_freq_in_hz+1 
0x06DE	0x0E19      	MOVLW       25
0x06E0	0x6E2D      	MOVWF       FARG_Sound_Play_duration_ms 
0x06E2	0x0E00      	MOVLW       0
0x06E4	0x6E2E      	MOVWF       FARG_Sound_Play_duration_ms+1 
0x06E6	0xDE6D      	RCALL       _Sound_Play
;sonidos.c,31 :: 		break;
0x06E8	0xD028      	BRA         L_main4
;sonidos.c,32 :: 		case '0': Sound_Play(2000, 25);
L_main14:
0x06EA	0x0ED0      	MOVLW       208
0x06EC	0x6E2B      	MOVWF       FARG_Sound_Play_freq_in_hz 
0x06EE	0x0E07      	MOVLW       7
0x06F0	0x6E2C      	MOVWF       FARG_Sound_Play_freq_in_hz+1 
0x06F2	0x0E19      	MOVLW       25
0x06F4	0x6E2D      	MOVWF       FARG_Sound_Play_duration_ms 
0x06F6	0x0E00      	MOVLW       0
0x06F8	0x6E2E      	MOVWF       FARG_Sound_Play_duration_ms+1 
0x06FA	0xDE63      	RCALL       _Sound_Play
;sonidos.c,33 :: 		break;
0x06FC	0xD01E      	BRA         L_main4
;sonidos.c,35 :: 		}
L_main3:
0x06FE	0x502A      	MOVF        main_byte_recebido_L0, 0 
0x0700	0x0A31      	XORLW       49
0x0702	0xE099      	BZ          L_main5
0x0704	0x502A      	MOVF        main_byte_recebido_L0, 0 
0x0706	0x0A32      	XORLW       50
0x0708	0xE0A0      	BZ          L_main6
0x070A	0x502A      	MOVF        main_byte_recebido_L0, 0 
0x070C	0x0A33      	XORLW       51
0x070E	0xE0A7      	BZ          L_main7
0x0710	0x502A      	MOVF        main_byte_recebido_L0, 0 
0x0712	0x0A34      	XORLW       52
0x0714	0xE0AE      	BZ          L_main8
0x0716	0x502A      	MOVF        main_byte_recebido_L0, 0 
0x0718	0x0A35      	XORLW       53
0x071A	0xE0B5      	BZ          L_main9
0x071C	0x502A      	MOVF        main_byte_recebido_L0, 0 
0x071E	0x0A36      	XORLW       54
0x0720	0xE0BC      	BZ          L_main10
0x0722	0x502A      	MOVF        main_byte_recebido_L0, 0 
0x0724	0x0A37      	XORLW       55
0x0726	0xE0C3      	BZ          L_main11
0x0728	0x502A      	MOVF        main_byte_recebido_L0, 0 
0x072A	0x0A38      	XORLW       56
0x072C	0xE0CA      	BZ          L_main12
0x072E	0x502A      	MOVF        main_byte_recebido_L0, 0 
0x0730	0x0A39      	XORLW       57
0x0732	0xE0D1      	BZ          L_main13
0x0734	0x502A      	MOVF        main_byte_recebido_L0, 0 
0x0736	0x0A30      	XORLW       48
0x0738	0xE0D8      	BZ          L_main14
L_main4:
;sonidos.c,36 :: 		}
0x073A	0xD776      	BRA         L_main0
;sonidos.c,37 :: 		}
0x073C	0xD7FF      	BRA         $+0
; end of _main
Symbol List:
//** Routines locations **
//ADDRESS    SIZE    PROCEDURE
//----------------------------------------------
0x001C      [82]    _Mul_32x32_U
0x006E      [16]    _Get_Fosc_kHz
0x007E     [748]    _Div_32x32_U
0x036A      [34]    _Delay_Cyc
0x038C      [54]    _Div_16x16_U
0x03C2     [396]    _Sound_Play
0x054E      [86]    _UART1_Init
0x05A4      [16]    ___CC2DW
0x05B4      [64]    _Sound_Init
0x05F4      [18]    _UART1_Read
0x0606      [10]    _UART1_Data_Ready
0x0610     [302]    _main
//** Variables locations ** 
//ADDRESS    SIZE    VARIABLE
//----------------------------------------------
0x0000       [1]    SPI1_Write_tmp_L0
0x0000       [1]    R0
0x0000       [1]    __Lib_SoftI2C_PutZerosToLATScl_temp_scl_L0
0x0000       [1]    __Lib_SoftI2C_PutZerosToLATSda_temp_sda_L0
0x0000       [1]    FLASH_Erase_64_SaveINTCON_L0
0x0000       [1]    EEPROM_Write_SaveINTCON_L0
0x0000       [1]    UART1_Init_tmp_L0
0x0001       [2]    FLASH_Read_N_Bytes_i_L0
0x0001       [1]    FLASH_Write_64_i_L0
0x0001       [1]    FLASH_Erase_Write_64_i_L0
0x0001       [1]    __Lib_PS2_Wait_Falling_nsample_L0
0x0001       [1]    I2C1_Rd_tmp_L0
0x0001       [1]    ispunct_rslt_L0
0x0001       [1]    R1
0x0002       [2]    memset_pp_L0
0x0002       [2]    memchr_s_L0
0x0002       [1]    FLASH_Write_64_SaveINTCON_L0
0x0002       [1]    FLASH_Erase_Write_64_j_L0
0x0002       [2]    strlen_cp_L0
0x0002       [2]    memcpy_dd_L0
0x0002       [1]    R2
0x0003       [1]    R3
0x0003       [2]    memmove_tt_L0
0x0003       [1]    FLASH_Erase_Write_64_SaveINTCON_L0
0x0004       [2]    strcat_cp_L0
0x0004       [2]    frexp_pom_L0
0x0004       [2]    strncpy_cp_L0
0x0004       [2]    memcpy_ss_L0
0x0004       [1]    R4
0x0004       [2]    strncat_cp_L0
0x0004       [2]    strcpy_cp_L0
0x0005       [2]    memmove_ff_L0
0x0005       [1]    R5
0x0006       [1]    R6
0x0007       [1]    R7
0x0008       [1]    R8
0x0009       [1]    R9
0x000A       [1]    R10
0x000B       [1]    R11
0x000C       [1]    R12
0x000D       [1]    R13
0x000E       [1]    R14
0x000F       [1]    R15
0x0010       [1]    R16
0x0011       [1]    R17
0x0012       [1]    R18
0x0013       [1]    R19
0x0014       [1]    R20
0x0015       [1]    __Lib_Sound_pinMask0
0x0016       [4]    _UART_Wr_Ptr
0x001A       [2]    __Lib_Sound_soundPortAddr
0x001C       [1]    __Lib_Sound_pinMask1
0x001D       [4]    _UART_Tx_Idle_Ptr
0x0021       [1]    ___tmp_UART1_Read
0x0022       [4]    _UART_Rd_Ptr
0x0026       [4]    _UART_Rdy_Ptr
0x002A       [1]    main_byte_recebido_L0
0x002B       [2]    FARG_Sound_Init_snd_port
0x002B       [2]    FARG_Sound_Play_freq_in_hz
0x002D       [1]    FARG_Sound_Init_snd_pin
0x002D       [2]    FARG_Sound_Play_duration_ms
0x002F       [2]    Sound_Play_nc_L0
0x0031       [2]    Sound_Play_i_L0
0x0033       [4]    Sound_Play_per_nc_L0
0x0037       [1]    FARG_Delay_Cyc_cycles_div_by_10
0x0F80       [0]    RA5_bit
0x0F80       [0]    RA4_bit
0x0F80       [0]    T0CKI_bit
0x0F80       [0]    SS_bit
0x0F80       [0]    RA6_bit
0x0F80       [0]    RA7_bit
0x0F80       [0]    HLVDIN_bit
0x0F80       [0]    LVDIN_bit
0x0F80       [0]    RA0_bit
0x0F80       [0]    NOT_SS_bit
0x0F80       [1]    PORTA
0x0F80       [0]    RA1_bit
0x0F80       [0]    RA3_bit
0x0F80       [0]    AN4_bit
0x0F80       [0]    RA2_bit
0x0F81       [0]    KBI1_bit
0x0F81       [0]    INT1_bit
0x0F81       [0]    AN9_bit
0x0F81       [1]    PORTB
0x0F81       [0]    AN8_bit
0x0F81       [0]    AN11_bit
0x0F81       [0]    KBI2_bit
0x0F81       [0]    RB6_bit
0x0F81       [0]    RB7_bit
0x0F81       [0]    KBI0_bit
0x0F81       [0]    RB4_bit
0x0F81       [0]    RB5_bit
0x0F81       [0]    CCP2_PORTB_bit
0x0F81       [0]    AN10_bit
0x0F81       [0]    AN12_bit
0x0F81       [0]    KBI3_bit
0x0F81       [0]    INT0_bit
0x0F81       [0]    PGM_bit
0x0F81       [0]    PGD_bit
0x0F81       [0]    PGC_bit
0x0F81       [0]    RB0_bit
0x0F81       [0]    INT2_bit
0x0F81       [0]    RB3_bit
0x0F81       [0]    RB1_bit
0x0F81       [0]    RB2_bit
0x0F82       [0]    CCP2_PORTC_bit
0x0F82       [0]    T13CKI_bit
0x0F82       [0]    CK_bit
0x0F82       [0]    SCL_bit
0x0F82       [0]    SDA_bit
0x0F82       [0]    RC2_bit
0x0F82       [0]    SCK_bit
0x0F82       [0]    RC3_bit
0x0F82       [0]    RC1_bit
0x0F82       [1]    PORTC
0x0F82       [0]    SDI_bit
0x0F82       [0]    RC0_bit
0x0F82       [0]    RC4_bit
0x0F82       [0]    RX__bit
0x0F82       [0]    T1OSI_bit
0x0F82       [0]    CCP1_bit
0x0F82       [0]    T1OSO_bit
0x0F82       [0]    RC5_bit
0x0F82       [0]    RC6_bit
0x0F82       [0]    RC7_bit
0x0F82       [0]    T1CKI_bit
0x0F82       [0]    TX_bit
0x0F82       [0]    SDO_bit
0x0F83       [0]    RD2_bit
0x0F83       [0]    PSP5_bit
0x0F83       [0]    P1D_bit
0x0F83       [0]    PSP3_bit
0x0F83       [0]    PSP0_bit
0x0F83       [1]    PORTD
0x0F83       [0]    RD0_bit
0x0F83       [0]    PSP1_bit
0x0F83       [0]    PSP4_bit
0x0F83       [0]    RD5_bit
0x0F83       [0]    RD3_bit
0x0F83       [0]    P1B_bit
0x0F83       [0]    RD4_bit
0x0F83       [0]    PSP7_bit
0x0F83       [0]    RD1_bit
0x0F83       [0]    RD6_bit
0x0F83       [0]    P1C_bit
0x0F83       [0]    PSP6_bit
0x0F83       [0]    RD7_bit
0x0F83       [0]    PSP2_bit
0x0F84       [0]    AN5_bit
0x0F84       [0]    NOT_MCLR_bit
0x0F84       [0]    NOT_RD_bit
0x0F84       [0]    MCLR_bit
0x0F84       [0]    NOT_CS_bit
0x0F84       [0]    NOT_WR_bit
0x0F84       [0]    AN6_bit
0x0F84       [0]    RD_bit
0x0F84       [0]    WR_bit
0x0F84       [0]    RE1_bit
0x0F84       [0]    RE0_bit
0x0F84       [1]    PORTE
0x0F84       [0]    VPP_bit
0x0F84       [0]    AN7_bit
0x0F84       [0]    RE3_bit
0x0F84       [0]    RE2_bit
0x0F84       [0]    CS_bit
0x0F89       [0]    LATA5_bit
0x0F89       [0]    LATA4_bit
0x0F89       [0]    LATA7_bit
0x0F89       [0]    LATA6_bit
0x0F89       [0]    LATA3_bit
0x0F89       [0]    LATA1_bit
0x0F89       [0]    LATA0_bit
0x0F89       [1]    LATA
0x0F89       [0]    LATA2_bit
0x0F8A       [0]    LATB5_bit
0x0F8A       [0]    LATB6_bit
0x0F8A       [0]    LATB4_bit
0x0F8A       [0]    LATB3_bit
0x0F8A       [0]    LATB7_bit
0x0F8A       [0]    LATB0_bit
0x0F8A       [1]    LATB
0x0F8A       [0]    LATB2_bit
0x0F8A       [0]    LATB1_bit
0x0F8B       [1]    LATC
0x0F8B       [0]    LATC3_bit
0x0F8B       [0]    LATC4_bit
0x0F8B       [0]    LATC0_bit
0x0F8B       [0]    LATC1_bit
0x0F8B       [0]    LATC2_bit
0x0F8B       [0]    LATC6_bit
0x0F8B       [0]    LATC7_bit
0x0F8B       [0]    LATC5_bit
0x0F8C       [0]    LATD0_bit
0x0F8C       [0]    LATD4_bit
0x0F8C       [0]    LATD7_bit
0x0F8C       [0]    LATD5_bit
0x0F8C       [0]    LATD1_bit
0x0F8C       [1]    LATD
0x0F8C       [0]    LATD2_bit
0x0F8C       [0]    LATD6_bit
0x0F8C       [0]    LATD3_bit
0x0F8D       [0]    LATE1_bit
0x0F8D       [0]    LATE0_bit
0x0F8D       [1]    LATE
0x0F8D       [0]    LATE2_bit
0x0F92       [0]    TRISA7_bit
0x0F92       [0]    TRISA6_bit
0x0F92       [0]    TRISA0_bit
0x0F92       [0]    TRISA3_bit
0x0F92       [0]    TRISA4_bit
0x0F92       [0]    TRISA1_bit
0x0F92       [1]    TRISA
0x0F92       [0]    TRISA2_bit
0x0F92       [0]    TRISA5_bit
0x0F93       [0]    TRISB6_bit
0x0F93       [0]    TRISB5_bit
0x0F93       [0]    TRISB0_bit
0x0F93       [0]    TRISB2_bit
0x0F93       [0]    TRISB4_bit
0x0F93       [0]    TRISB1_bit
0x0F93       [1]    TRISB
0x0F93       [0]    TRISB7_bit
0x0F93       [0]    TRISB3_bit
0x0F94       [0]    TRISC2_bit
0x0F94       [0]    TRISC6_bit
0x0F94       [0]    TRISC1_bit
0x0F94       [0]    TRISC5_bit
0x0F94       [0]    TRISC4_bit
0x0F94       [0]    TRISC3_bit
0x0F94       [0]    TRISC7_bit
0x0F94       [1]    TRISC
0x0F94       [0]    TRISC0_bit
0x0F95       [0]    TRISD0_bit
0x0F95       [0]    TRISD1_bit
0x0F95       [0]    TRISD5_bit
0x0F95       [0]    TRISD4_bit
0x0F95       [0]    TRISD3_bit
0x0F95       [0]    TRISD2_bit
0x0F95       [1]    TRISD
0x0F95       [0]    TRISD6_bit
0x0F95       [0]    TRISD7_bit
0x0F96       [0]    PSPMODE_TRISE_bit
0x0F96       [0]    TRISE2_bit
0x0F96       [0]    IBF_TRISE_bit
0x0F96       [0]    OBF_TRISE_bit
0x0F96       [0]    IBOV_TRISE_bit
0x0F96       [0]    TRISE1_bit
0x0F96       [0]    IBOV_bit
0x0F96       [1]    TRISE
0x0F96       [0]    PSPMODE_bit
0x0F96       [0]    TRISE0_bit
0x0F96       [0]    IBF_bit
0x0F96       [0]    OBF_bit
0x0F9B       [0]    TUN3_bit
0x0F9B       [0]    INTSRC_bit
0x0F9B       [0]    TUN4_bit
0x0F9B       [0]    PLLEN_bit
0x0F9B       [0]    TUN0_bit
0x0F9B       [1]    OSCTUNE
0x0F9B       [0]    TUN2_bit
0x0F9B       [0]    TUN1_bit
0x0F9D       [0]    SSPIE_bit
0x0F9D       [0]    TXIE_bit
0x0F9D       [0]    RCIE_bit
0x0F9D       [0]    PSPIE_bit
0x0F9D       [0]    ADIE_bit
0x0F9D       [0]    TMR1IE_bit
0x0F9D       [1]    PIE1
0x0F9D       [0]    CCP1IE_bit
0x0F9D       [0]    TMR2IE_bit
0x0F9E       [0]    RCIF_bit
0x0F9E       [0]    TXIF_bit
0x0F9E       [0]    PSPIF_bit
0x0F9E       [0]    ADIF_bit
0x0F9E       [0]    SSPIF_bit
0x0F9E       [0]    TMR1IF_bit
0x0F9E       [1]    PIR1
0x0F9E       [0]    CCP1IF_bit
0x0F9E       [0]    TMR2IF_bit
0x0F9F       [0]    CCP1IP_bit
0x0F9F       [0]    SSPIP_bit
0x0F9F       [0]    TXIP_bit
0x0F9F       [0]    TMR1IP_bit
0x0F9F       [0]    TMR2IP_bit
0x0F9F       [1]    IPR1
0x0F9F       [0]    ADIP_bit
0x0F9F       [0]    PSPIP_bit
0x0F9F       [0]    RCIP_bit
0x0FA0       [0]    LVDIE_bit
0x0FA0       [0]    CMIE_bit
0x0FA0       [0]    CCP2IE_bit
0x0FA0       [0]    TMR3IE_bit
0x0FA0       [0]    BCLIE_bit
0x0FA0       [1]    PIE2
0x0FA0       [0]    EEIE_bit
0x0FA0       [0]    OSCFIE_bit
0x0FA0       [0]    HLVDIE_bit
0x0FA1       [0]    EEIF_bit
0x0FA1       [0]    LVDIF_bit
0x0FA1       [0]    HLVDIF_bit
0x0FA1       [0]    TMR3IF_bit
0x0FA1       [0]    CMIF_bit
0x0FA1       [0]    OSCFIF_bit
0x0FA1       [0]    CCP2IF_bit
0x0FA1       [1]    PIR2
0x0FA1       [0]    BCLIF_bit
0x0FA2       [0]    HLVDIP_bit
0x0FA2       [0]    TMR3IP_bit
0x0FA2       [0]    OSCFIP_bit
0x0FA2       [0]    CMIP_bit
0x0FA2       [0]    BCLIP_bit
0x0FA2       [0]    CCP2IP_bit
0x0FA2       [0]    LVDIP_bit
0x0FA2       [1]    IPR2
0x0FA2       [0]    EEIP_bit
0x0FA6       [1]    EECON1
0x0FA6       [0]    EEPGD_bit
0x0FA6       [0]    WRERR_bit
0x0FA6       [0]    WREN_bit
0x0FA6       [0]    WR_EECON1_bit
0x0FA6       [0]    FREE_bit
0x0FA6       [0]    RD_EECON1_bit
0x0FA6       [0]    CFGS_bit
0x0FA7       [1]    EECON2
0x0FA8       [1]    EEDATA
0x0FA9       [1]    EEADR
0x0FAA       [1]    EEADRH
0x0FAB       [0]    ADDEN_bit
0x0FAB       [0]    ADEN_bit
0x0FAB       [0]    RX9_bit
0x0FAB       [0]    SREN_bit
0x0FAB       [0]    CREN_bit
0x0FAB       [1]    RCSTA
0x0FAB       [0]    FERR_bit
0x0FAB       [0]    OERR_bit
0x0FAB       [0]    RX9D_bit
0x0FAB       [0]    SPEN_bit
0x0FAC       [0]    CSRC_bit
0x0FAC       [0]    TXEN_bit
0x0FAC       [0]    TX9_bit
0x0FAC       [0]    SYNC_bit
0x0FAC       [0]    BRGH_bit
0x0FAC       [1]    TXSTA
0x0FAC       [0]    TRMT_bit
0x0FAC       [0]    TX9D_bit
0x0FAC       [0]    SENDB_bit
0x0FAD       [1]    TXREG
0x0FAE       [1]    RCREG
0x0FAF       [1]    SPBRG
0x0FB0       [1]    SPBRGH
0x0FB1       [0]    T3CKPS1_bit
0x0FB1       [0]    T3CKPS0_bit
0x0FB1       [0]    T3CCP1_bit
0x0FB1       [0]    NOT_T3SYNC_bit
0x0FB1       [0]    RD16_bit
0x0FB1       [0]    T3CCP2_bit
0x0FB1       [0]    T3SYNC_bit
0x0FB1       [1]    T3CON
0x0FB1       [0]    TMR3ON_bit
0x0FB1       [0]    TMR3CS_bit
0x0FB2       [1]    TMR3L
0x0FB3       [1]    TMR3H
0x0FB4       [0]    C2INV_bit
0x0FB4       [0]    C1INV_bit
0x0FB4       [0]    C2OUT_bit
0x0FB4       [0]    C1OUT_bit
0x0FB4       [0]    CIS_bit
0x0FB4       [0]    CM0_bit
0x0FB4       [1]    CMCON
0x0FB4       [0]    CM2_bit
0x0FB4       [0]    CM1_bit
0x0FB5       [0]    CVROE_bit
0x0FB5       [0]    CVRR_bit
0x0FB5       [1]    CVRCON
0x0FB5       [0]    CVREN_bit
0x0FB5       [0]    CVRSS_bit
0x0FB5       [0]    CVR1_bit
0x0FB5       [0]    CVR0_bit
0x0FB5       [0]    CVR3_bit
0x0FB5       [0]    CVR2_bit
0x0FB6       [1]    ECCP1AS
0x0FB6       [0]    ECCPAS1_bit
0x0FB6       [0]    ECCPASE_bit
0x0FB6       [0]    ECCPAS2_bit
0x0FB6       [0]    ECCPAS0_bit
0x0FB6       [0]    PSSBD1_bit
0x0FB6       [0]    PSSBD0_bit
0x0FB6       [0]    PSSAC1_bit
0x0FB6       [0]    PSSAC0_bit
0x0FB7       [1]    PWM1CON
0x0FB7       [0]    PDC5_bit
0x0FB7       [0]    PDC4_bit
0x0FB7       [0]    PRSEN_bit
0x0FB7       [0]    PDC6_bit
0x0FB7       [0]    PDC1_bit
0x0FB7       [0]    PDC0_bit
0x0FB7       [0]    PDC3_bit
0x0FB7       [0]    PDC2_bit
0x0FB8       [0]    RXDTP_bit
0x0FB8       [0]    TXCKP_bit
0x0FB8       [0]    RCMT_bit
0x0FB8       [1]    BAUDCON
0x0FB8       [1]    BAUDCTL
0x0FB8       [0]    ABDOVF_bit
0x0FB8       [0]    ABDEN_bit
0x0FB8       [0]    WUE_bit
0x0FB8       [0]    BRG16_bit
0x0FB8       [0]    RCIDL_bit
0x0FB8       [0]    SCKP_bit
0x0FBA       [0]    DC2B0_bit
0x0FBA       [0]    DC2B1_bit
0x0FBA       [1]    CCP2CON
0x0FBA       [0]    CCP2X_bit
0x0FBA       [0]    CCP2M1_bit
0x0FBA       [0]    CCP2M2_bit
0x0FBA       [0]    CCP2M0_bit
0x0FBA       [0]    CCP2Y_bit
0x0FBA       [0]    CCP2M3_bit
0x0FBB       [2]    CCPR2
0x0FBB       [1]    CCPR2L
0x0FBC       [1]    CCPR2H
0x0FBD       [0]    P1M1_bit
0x0FBD       [1]    CCP1CON
0x0FBD       [0]    P1M0_bit
0x0FBD       [0]    CCP1X_bit
0x0FBD       [0]    CCP1Y_bit
0x0FBD       [0]    CCP1M0_bit
0x0FBD       [0]    DC1B0_bit
0x0FBD       [0]    CCP1M1_bit
0x0FBD       [0]    DC1B1_bit
0x0FBD       [0]    CCP1M3_bit
0x0FBD       [0]    CCP1M2_bit
0x0FBE       [1]    CCPR1L
0x0FBE       [2]    CCPR1
0x0FBF       [1]    CCPR1H
0x0FC0       [0]    ADCS2_bit
0x0FC0       [0]    ACQT0_bit
0x0FC0       [0]    ADCS0_bit
0x0FC0       [0]    ADCS1_bit
0x0FC0       [0]    ACQT1_bit
0x0FC0       [1]    ADCON2
0x0FC0       [0]    ADFM_bit
0x0FC0       [0]    ACQT2_bit
0x0FC1       [1]    ADCON1
0x0FC1       [0]    PCFG2_bit
0x0FC1       [0]    PCFG1_bit
0x0FC1       [0]    PCFG0_bit
0x0FC1       [0]    VCFG1_bit
0x0FC1       [0]    VCFG0_bit
0x0FC1       [0]    PCFG3_bit
0x0FC2       [1]    ADCON0
0x0FC2       [0]    CHS0_bit
0x0FC2       [0]    CHS1_bit
0x0FC2       [0]    ADON_bit
0x0FC2       [0]    GO_bit
0x0FC2       [0]    CHS2_bit
0x0FC2       [0]    NOT_DONE_bit
0x0FC2       [0]    GO_DONE_bit
0x0FC2       [0]    CHS3_bit
0x0FC2       [0]    DONE_bit
0x0FC3       [1]    ADRESL
0x0FC3       [2]    ADRES
0x0FC4       [1]    ADRESH
0x0FC5       [0]    SEN_bit
0x0FC5       [0]    ACKEN_bit
0x0FC5       [0]    ACKDT_bit
0x0FC5       [0]    RSEN_bit
0x0FC5       [1]    SSPCON2
0x0FC5       [0]    RCEN_bit
0x0FC5       [0]    PEN_bit
0x0FC5       [0]    GCEN_bit
0x0FC5       [0]    ACKSTAT_bit
0x0FC6       [0]    SSPOV_bit
0x0FC6       [0]    WCOL_bit
0x0FC6       [1]    SSPCON1
0x0FC6       [0]    SSPEN_bit
0x0FC6       [0]    CKP_bit
0x0FC6       [0]    SSPM1_bit
0x0FC6       [0]    SSPM0_bit
0x0FC6       [0]    SSPM3_bit
0x0FC6       [0]    SSPM2_bit
0x0FC7       [0]    CKE_bit
0x0FC7       [0]    D_bit
0x0FC7       [0]    NOT_W_bit
0x0FC7       [0]    SMP_bit
0x0FC7       [0]    P_bit
0x0FC7       [0]    UA_bit
0x0FC7       [0]    BF_bit
0x0FC7       [0]    S_bit
0x0FC7       [0]    R_bit
0x0FC7       [0]    NOT_WRITE_bit
0x0FC7       [0]    NOT_ADDRESS_bit
0x0FC7       [1]    SSPSTAT
0x0FC7       [0]    NOT_A_bit
0x0FC7       [0]    R_W_bit
0x0FC7       [0]    D_A_bit
0x0FC8       [1]    SSPADD
0x0FC9       [1]    SSPBUF
0x0FCA       [1]    T2CON
0x0FCA       [0]    TMR2ON_bit
0x0FCA       [0]    T2CKPS1_bit
0x0FCA       [0]    T2CKPS0_bit
0x0FCA       [0]    T2OUTPS0_bit
0x0FCA       [0]    T2OUTPS3_bit
0x0FCA       [0]    T2OUTPS2_bit
0x0FCA       [0]    T2OUTPS1_bit
0x0FCB       [1]    PR2
0x0FCC       [1]    TMR2
0x0FCD       [0]    NOT_T1SYNC_bit
0x0FCD       [0]    RD16_T1CON_bit
0x0FCD       [0]    TMR1CS_bit
0x0FCD       [1]    T1CON
0x0FCD       [0]    T1RUN_bit
0x0FCD       [0]    T1OSCEN_bit
0x0FCD       [0]    T1SYNC_bit
0x0FCD       [0]    T1CKPS1_bit
0x0FCD       [0]    T1CKPS0_bit
0x0FCD       [0]    TMR1ON_bit
0x0FCE       [1]    TMR1L
0x0FCF       [1]    TMR1H
0x0FD0       [0]    PD_bit
0x0FD0       [1]    RCON
0x0FD0       [0]    RI_bit
0x0FD0       [0]    TO__bit
0x0FD0       [0]    IPEN_bit
0x0FD0       [0]    SBOREN_bit
0x0FD0       [0]    POR_bit
0x0FD0       [0]    NOT_PD_bit
0x0FD0       [0]    NOT_TO_bit
0x0FD0       [0]    NOT_RI_bit
0x0FD0       [0]    NOT_POR_bit
0x0FD0       [0]    BOR_bit
0x0FD0       [0]    NOT_BOR_bit
0x0FD1       [0]    SWDTE_bit
0x0FD1       [0]    SWDTEN_bit
0x0FD1       [1]    WDTCON
0x0FD2       [0]    LVV0_bit
0x0FD2       [0]    IRVST_bit
0x0FD2       [0]    LVV1_bit
0x0FD2       [0]    LVV3_bit
0x0FD2       [0]    LVV2_bit
0x0FD2       [0]    LVDL1_bit
0x0FD2       [0]    LVDL0_bit
0x0FD2       [0]    LVDL2_bit
0x0FD2       [0]    LVDEN_bit
0x0FD2       [0]    LVDL3_bit
0x0FD2       [0]    BGST_bit
0x0FD2       [0]    IVRST_bit
0x0FD2       [0]    VDIRMAG_bit
0x0FD2       [1]    HLVDCON
0x0FD2       [1]    LVDCON
0x0FD2       [0]    HLVDEN_bit
0x0FD2       [0]    HLVDL0_bit
0x0FD2       [0]    HLVDL1_bit
0x0FD2       [0]    HLVDL3_bit
0x0FD2       [0]    HLVDL2_bit
0x0FD3       [1]    OSCCON
0x0FD3       [0]    IOFS_bit
0x0FD3       [0]    OSTS_bit
0x0FD3       [0]    SCS0_bit
0x0FD3       [0]    SCS1_bit
0x0FD3       [0]    IRCF2_bit
0x0FD3       [0]    IDLEN_bit
0x0FD3       [0]    IRCF0_bit
0x0FD3       [0]    IRCF1_bit
0x0FD4       [1]    DEBUG
0x0FD5       [1]    T0CON
0x0FD5       [0]    T016BIT_bit
0x0FD5       [0]    T0CS_bit
0x0FD5       [0]    T08BIT_bit
0x0FD5       [0]    TMR0ON_bit
0x0FD5       [0]    T0SE_bit
0x0FD5       [0]    T0PS1_bit
0x0FD5       [0]    T0PS0_bit
0x0FD5       [0]    PSA_bit
0x0FD5       [0]    T0PS2_bit
0x0FD6       [1]    TMR0L
0x0FD7       [1]    TMR0H
0x0FD8       [0]    C_bit
0x0FD8       [1]    STATUS
0x0FD8       [0]    DC_bit
0x0FD8       [0]    N_bit
0x0FD8       [0]    OV_bit
0x0FD8       [0]    Z_bit
0x0FD9       [2]    FSR2PTR
0x0FD9       [1]    FSR2L
0x0FD9       [2]    FSR2
0x0FDA       [1]    FSR2H
0x0FDB       [1]    PLUSW2
0x0FDC       [1]    PREINC2
0x0FDD       [1]    POSTDEC2
0x0FDE       [1]    POSTINC2
0x0FDF       [1]    INDF2
0x0FE0       [1]    BSR
0x0FE1       [2]    FSR1
0x0FE1       [2]    FSR1PTR
0x0FE1       [1]    FSR1L
0x0FE2       [1]    FSR1H
0x0FE3       [1]    PLUSW1
0x0FE4       [1]    PREINC1
0x0FE5       [1]    POSTDEC1
0x0FE6       [1]    POSTINC1
0x0FE7       [1]    INDF1
0x0FE8       [1]    WREG
0x0FE9       [1]    FSR0L
0x0FE9       [2]    FSR0PTR
0x0FE9       [2]    FSR0
0x0FEA       [1]    FSR0H
0x0FEB       [1]    PLUSW0
0x0FEC       [1]    PREINC0
0x0FED       [1]    POSTDEC0
0x0FEE       [1]    POSTINC0
0x0FEF       [1]    INDF0
0x0FF0       [0]    INT1IE_bit
0x0FF0       [0]    INT2IF_bit
0x0FF0       [0]    INT1IF_bit
0x0FF0       [0]    INT2IP_bit
0x0FF0       [0]    INT1IP_bit
0x0FF0       [0]    INT2IE_bit
0x0FF0       [0]    INT2P_bit
0x0FF0       [0]    INT2F_bit
0x0FF0       [0]    INT1F_bit
0x0FF0       [1]    INTCON3
0x0FF0       [0]    INT1P_bit
0x0FF0       [0]    INT2E_bit
0x0FF0       [0]    INT1E_bit
0x0FF1       [1]    INTCON2
0x0FF1       [0]    INTEDG0_bit
0x0FF1       [0]    NOT_RBPU_bit
0x0FF1       [0]    RBPU_bit
0x0FF1       [0]    TMR0IP_bit
0x0FF1       [0]    INTEDG2_bit
0x0FF1       [0]    INTEDG1_bit
0x0FF1       [0]    RBIP_bit
0x0FF2       [0]    TMR0IF_bit
0x0FF2       [0]    INT0F_bit
0x0FF2       [0]    RBIF_bit
0x0FF2       [0]    RBIE_bit
0x0FF2       [0]    INT0IE_bit
0x0FF2       [0]    T0IF_bit
0x0FF2       [0]    T0IE_bit
0x0FF2       [0]    GIEH_bit
0x0FF2       [0]    GIEL_bit
0x0FF2       [0]    TMR0IE_bit
0x0FF2       [0]    INT0E_bit
0x0FF2       [0]    PEIE_bit
0x0FF2       [0]    INT0IF_bit
0x0FF2       [0]    GIE_bit
0x0FF2       [1]    INTCON
0x0FF3       [1]    PRODL
0x0FF3       [2]    PROD
0x0FF4       [1]    PRODH
0x0FF5       [1]    TABLAT
0x0FF6       [1]    TBLPTRL
0x0FF6       [3]    TBLPTR
0x0FF7       [1]    TBLPTRH
0x0FF8       [0]    ACSS_bit
0x0FF8       [0]    TBLPTRU3_bit
0x0FF8       [0]    TBLPTRU4_bit
0x0FF8       [0]    TBLPTRU0_bit
0x0FF8       [1]    TBLPTRU
0x0FF8       [0]    TBLPTRU2_bit
0x0FF8       [0]    TBLPTRU1_bit
0x0FF9       [1]    PC
0x0FF9       [1]    PCL
0x0FFA       [1]    PCLATH
0x0FFB       [0]    PCU1_bit
0x0FFB       [0]    PCU0_bit
0x0FFB       [1]    PCLATU
0x0FFB       [0]    PCU4_bit
0x0FFB       [0]    PCU3_bit
0x0FFB       [0]    PCU2_bit
0x0FFC       [0]    SP3_bit
0x0FFC       [0]    SP4_bit
0x0FFC       [0]    STKFUL_bit
0x0FFC       [0]    SP2_bit
0x0FFC       [0]    STKPTR3_bit
0x0FFC       [0]    STKPTR2_bit
0x0FFC       [0]    STKPTR4_bit
0x0FFC       [0]    STKPTR1_bit
0x0FFC       [0]    STKPTR0_bit
0x0FFC       [0]    SP0_bit
0x0FFC       [0]    SP1_bit
0x0FFC       [0]    STKOVF_bit
0x0FFC       [0]    STKUNF_bit
0x0FFC       [1]    STKPTR
0x0FFD       [1]    TOS
0x0FFD       [1]    TOSL
0x0FFE       [1]    TOSH
0x0FFF       [1]    TOSU
//** Label List: ** 
//----------------------------------------------
  L_main0
  L_main1
  L_main2
  L_main3
  L_main4
  L_main5
  L_main6
  L_main7
  L_main8
  L_main9
  L_main10
  L_main11
  L_main12
  L_main13
  L_main14
  _main
  L_Delay_10us0
  L_Delay_22us1
  L_Delay_50us2
  L_Delay_80us3
  L_Delay_500us4
  L_Delay_5500us5
  L_Delay_8ms6
  L_Delay_100ms7
  L_Delay_10ms8
  L_Delay_1sec9
  L____Boot_Delay4k10
  L____Boot_Delay8k11
  L____Boot_Delay12k12
  L____Boot_Delay16k13
  L____Boot_Delay24k14
  L____Boot_Delay32k15
  L____Boot_Delay48k16
  L____Boot_Delay64k17
  L____Boot_Delay128k18
  L_Delay_Cyc19
  L_Delay_Cyc20
  L_VDelay_ms21
  L_VDelay_ms22
  L_VDelay_ms23
  L_VDelay_Advanced_ms24
  L_VDelay_Advanced_ms25
  L_VDelay_Advanced_ms26
  _Get_Fosc_kHz
  _Delay_1us
  _Delay_10us
  _Delay_22us
  _Delay_50us
  _Delay_80us
  _Delay_500us
  _Delay_5500us
  _Delay_8ms
  _Delay_100ms
  _Delay_10ms
  _Delay_1sec
  ____Boot_Delay4k
  ____Boot_Delay8k
  ____Boot_Delay12k
  ____Boot_Delay16k
  ____Boot_Delay24k
  ____Boot_Delay32k
  ____Boot_Delay48k
  ____Boot_Delay64k
  ____Boot_Delay128k
  _Delay_Cyc
  _VDelay_ms
  L__VDelay_ms27
  L__VDelay_ms28
  L__VDelay_ms29
  _VDelay_Advanced_ms
  L__VDelay_Advanced_ms30
  L__VDelay_Advanced_ms31
  L__VDelay_Advanced_ms32
  L_Div_16x16_S0
  L_Div_16x16_S1
  LOOPS3232A
  SADD22LA
  SOK22LA
  SADD22L8
  SOK22L8
  LOOPS3232B
  SADD22LB
  SOK22LB
  SADD22L16
  SOK22L16
  LOOPS3232C
  SADD22LC
  SOK22LC
  SADD22L24
  SOK22L24
  LOOPS3232D
  SADD22LD
  SOK22LD
  SOK22L
  L_Div_32x32_S6
  L_Div_32x32_S7
  L_Div_32x32_S8
  L_Div_32x32_S9
  FXD3232S
  END_ALL
  CA3232S
  C3232SX
  C3232SX1
  C3232S
  C3232S2
  C3232SX4
  C3232SOK
  C3232SX3
  C3232SX2
  avoid_comfrem
  LOOPU3232A
  UADD22LA
  UOK22LA
  UADD22L8
  UOK22L8
  LOOPU3232B
  UADD22LB
  UOK22LB
  UADD22L16
  UOK22L16
  LOOPU3232C
  UADD22LC
  UOK22LC
  UADD22L24
  UOK22L24
  LOOPU3232D
  UADD22LD
  UOK22LD
  UOK22L
  _NEXT
  _EXIT2
  _LOOP
  _EXIT1
  _IF_FIRST
  _IF_SECOND
  _INVERCE_FIRST
  _MULT
  _INBERSE_SECOND
  _EXIT
  _Div_8x8_U
  _Div_16x16_U
  _Div_16x16_S_L
  _Div_16x16_S
  _Div_8x8_S
  _Mul_8x8_S
  _Mul_16x16_U
  _Mul_16x16_S
  _SDIV3232L
  _COMFREM
  _Div_32x32_S
  _Div_32x32_U
  _Mul_32x32_U
  _Mul_32x32_S
  L_Sound_Play0
  L_Sound_Play1
  L_Sound_Play2
  L_Sound_Play3
  L_Sound_Play4
  L_Sound_Play5
  L_Sound_Play6
  L_Sound_Play7
  L_Sound_Play8
  L_Sound_Play9
  L_Sound_Play10
  _Sound_Init
  L__Sound_Init11
  L__Sound_Init12
  _Sound_Play
  L__Sound_Play13
  L__Sound_Play14
  L__Sound_Play15
  L__Sound_Play16
  L__Sound_Play17
  L__Sound_Play18
  _CC2D_Loop1
  _CC2DL_Loop1
  L_longjmp2
  ___CC2D
  ___CC2DW
  _____DoIFC
  _Swap
  _setjmp
  _longjmp
  L_UART1_Init0
  L_UART1_Init1
  L_UART1_Read2
  L_UART1_Write3
  L_UART1_Write4
  L_UART1_Write_Text5
  L_UART1_Write_Text6
  L_UART1_Read_Text7
  L_UART1_Read_Text8
  L_UART1_Read_Text9
  L_UART1_Read_Text10
  L_UART1_Read_Text11
  L_UART1_Read_Text12
  L_UART1_Read_Text13
  L_UART1_Read_Text14
  L_UART1_Read_Text15
  _UART1_Init
  _UART1_Data_Ready
  _UART1_Read
  _UART1_Tx_Idle
  _UART1_Write
  _UART1_Write_Text
  _UART1_Read_Text
  _UART_Set_Active
